<?xml version="1.0" encoding="UTF-8"?>
<coverage generated="1762207776842" clover="3.2.0">
  <project timestamp="1762207776842" name="All files">
    <metrics statements="1962" coveredstatements="1621" conditionals="1245" coveredconditionals="966" methods="564" coveredmethods="450" elements="3771" coveredelements="3037" complexity="0" loc="1962" ncloc="1962" packages="18" files="104" classes="104"/>
    <package name="components">
      <metrics statements="50" coveredstatements="50" conditionals="42" coveredconditionals="41" methods="16" coveredmethods="16"/>
      <file name="ErrorView.tsx" path="C:\Users\wolkt\Desktop\10xDevs\10xMovies\myVOD\frontend\myVOD\src\components\ErrorView.tsx">
        <metrics statements="17" coveredstatements="17" conditionals="12" coveredconditionals="12" methods="5" coveredmethods="5"/>
        <line num="15" count="47" type="stmt"/>
        <line num="17" count="47" type="stmt"/>
        <line num="18" count="47" type="cond" truecount="5" falsecount="0"/>
        <line num="20" count="17" type="stmt"/>
        <line num="22" count="9" type="stmt"/>
        <line num="24" count="15" type="stmt"/>
        <line num="26" count="3" type="stmt"/>
        <line num="28" count="3" type="stmt"/>
        <line num="32" count="47" type="cond" truecount="5" falsecount="0"/>
        <line num="34" count="17" type="stmt"/>
        <line num="36" count="9" type="stmt"/>
        <line num="38" count="15" type="stmt"/>
        <line num="40" count="3" type="stmt"/>
        <line num="42" count="3" type="stmt"/>
        <line num="50" count="47" type="stmt"/>
        <line num="53" count="86" type="stmt"/>
        <line num="74" count="47" type="stmt"/>
      </file>
      <file name="FallbackBanner.tsx" path="C:\Users\wolkt\Desktop\10xDevs\10xMovies\myVOD\frontend\myVOD\src\components\FallbackBanner.tsx">
        <metrics statements="4" coveredstatements="4" conditionals="15" coveredconditionals="15" methods="1" coveredmethods="1"/>
        <line num="31" count="13" type="cond" truecount="2" falsecount="0"/>
        <line num="32" count="13" type="cond" truecount="2" falsecount="0"/>
        <line num="34" count="13" type="cond" truecount="2" falsecount="0"/>
        <line num="36" count="13" type="stmt"/>
      </file>
      <file name="OfflineGuard.tsx" path="C:\Users\wolkt\Desktop\10xDevs\10xMovies\myVOD\frontend\myVOD\src\components\OfflineGuard.tsx">
        <metrics statements="21" coveredstatements="21" conditionals="8" coveredconditionals="8" methods="7" coveredmethods="7"/>
        <line num="27" count="16" type="stmt"/>
        <line num="28" count="16" type="stmt"/>
        <line num="30" count="16" type="stmt"/>
        <line num="31" count="9" type="stmt"/>
        <line num="32" count="2" type="stmt"/>
        <line num="36" count="9" type="stmt"/>
        <line num="37" count="3" type="stmt"/>
        <line num="40" count="9" type="stmt"/>
        <line num="41" count="9" type="stmt"/>
        <line num="44" count="9" type="stmt"/>
        <line num="46" count="9" type="stmt"/>
        <line num="47" count="9" type="stmt"/>
        <line num="48" count="9" type="stmt"/>
        <line num="53" count="16" type="cond" truecount="2" falsecount="0"/>
        <line num="54" count="7" type="stmt"/>
        <line num="58" count="9" type="cond" truecount="2" falsecount="0"/>
        <line num="59" count="3" type="stmt"/>
        <line num="60" count="1" type="stmt"/>
        <line num="62" count="3" type="stmt"/>
        <line num="66" count="6" type="stmt"/>
        <line num="78" count="1" type="stmt"/>
      </file>
      <file name="SearchNoResultsItem.tsx" path="C:\Users\wolkt\Desktop\10xDevs\10xMovies\myVOD\frontend\myVOD\src\components\SearchNoResultsItem.tsx">
        <metrics statements="1" coveredstatements="1" conditionals="0" coveredconditionals="0" methods="1" coveredmethods="1"/>
        <line num="19" count="8" type="stmt"/>
      </file>
      <file name="TMDBPoster.tsx" path="C:\Users\wolkt\Desktop\10xDevs\10xMovies\myVOD\frontend\myVOD\src\components\TMDBPoster.tsx">
        <metrics statements="7" coveredstatements="7" conditionals="7" coveredconditionals="6" methods="2" coveredmethods="2"/>
        <line num="31" count="144" type="stmt"/>
        <line num="33" count="144" type="stmt"/>
        <line num="34" count="5" type="stmt"/>
        <line num="35" count="5" type="cond" truecount="1" falsecount="1"/>
        <line num="39" count="144" type="cond" truecount="4" falsecount="0"/>
        <line num="40" count="20" type="stmt"/>
        <line num="52" count="124" type="stmt"/>
      </file>
    </package>
    <package name="components.admin">
      <metrics statements="118" coveredstatements="111" conditionals="112" coveredconditionals="106" methods="49" coveredmethods="41"/>
      <file name="ChartsRow.tsx" path="C:\Users\wolkt\Desktop\10xDevs\10xMovies\myVOD\frontend\myVOD\src\components\admin\ChartsRow.tsx">
        <metrics statements="3" coveredstatements="3" conditionals="4" coveredconditionals="4" methods="1" coveredmethods="1"/>
        <line num="14" count="12" type="cond" truecount="2" falsecount="0"/>
        <line num="15" count="12" type="cond" truecount="2" falsecount="0"/>
        <line num="17" count="12" type="stmt"/>
      </file>
      <file name="ErrorLogsFilters.tsx" path="C:\Users\wolkt\Desktop\10xDevs\10xMovies\myVOD\frontend\myVOD\src\components\admin\ErrorLogsFilters.tsx">
        <metrics statements="33" coveredstatements="33" conditionals="36" coveredconditionals="34" methods="13" coveredmethods="12"/>
        <line num="23" count="1" type="stmt"/>
        <line num="34" count="20" type="cond" truecount="2" falsecount="0"/>
        <line num="35" count="20" type="stmt"/>
        <line num="38" count="20" type="stmt"/>
        <line num="40" count="20" type="stmt"/>
        <line num="43" count="20" type="stmt"/>
        <line num="44" count="18" type="cond" truecount="2" falsecount="0"/>
        <line num="45" count="16" type="cond" truecount="2" falsecount="0"/>
        <line num="47" count="18" type="stmt"/>
        <line num="51" count="20" type="stmt"/>
        <line num="53" count="17" type="cond" truecount="2" falsecount="0"/>
        <line num="54" count="14" type="stmt"/>
        <line num="57" count="3" type="stmt"/>
        <line num="60" count="3" type="cond" truecount="2" falsecount="0"/>
        <line num="63" count="17" type="cond" truecount="2" falsecount="0"/>
        <line num="65" count="1" type="stmt"/>
        <line num="72" count="20" type="stmt"/>
        <line num="74" count="2" type="cond" truecount="2" falsecount="0"/>
        <line num="75" count="2" type="cond" truecount="2" falsecount="0"/>
        <line num="76" count="1" type="stmt"/>
        <line num="79" count="2" type="stmt"/>
        <line num="87" count="20" type="stmt"/>
        <line num="89" count="1" type="stmt"/>
        <line num="97" count="20" type="stmt"/>
        <line num="99" count="1" type="stmt"/>
        <line num="107" count="20" type="cond" truecount="2" falsecount="0"/>
        <line num="109" count="20" type="cond" truecount="4" falsecount="0"/>
        <line num="111" count="20" type="stmt"/>
        <line num="127" count="60" type="stmt"/>
        <line num="130" count="2" type="stmt"/>
        <line num="146" count="1" type="stmt"/>
        <line num="158" count="1" type="stmt"/>
        <line num="171" count="1" type="stmt"/>
      </file>
      <file name="ErrorLogsSection.tsx" path="C:\Users\wolkt\Desktop\10xDevs\10xMovies\myVOD\frontend\myVOD\src\components\admin\ErrorLogsSection.tsx">
        <metrics statements="17" coveredstatements="13" conditionals="10" coveredconditionals="8" methods="6" coveredmethods="2"/>
        <line num="16" count="18" type="stmt"/>
        <line num="22" count="18" type="stmt"/>
        <line num="24" count="18" type="stmt"/>
        <line num="25" count="0" type="stmt"/>
        <line num="32" count="18" type="stmt"/>
        <line num="33" count="3" type="stmt"/>
        <line num="34" count="3" type="stmt"/>
        <line num="35" count="2" type="stmt"/>
        <line num="37" count="1" type="stmt"/>
        <line num="38" count="1" type="stmt"/>
        <line num="42" count="18" type="stmt"/>
        <line num="44" count="0" type="stmt"/>
        <line num="49" count="18" type="stmt"/>
        <line num="51" count="0" type="stmt"/>
        <line num="56" count="18" type="stmt"/>
        <line num="58" count="0" type="stmt"/>
        <line num="63" count="18" type="stmt"/>
      </file>
      <file name="ErrorLogsTable.tsx" path="C:\Users\wolkt\Desktop\10xDevs\10xMovies\myVOD\frontend\myVOD\src\components\admin\ErrorLogsTable.tsx">
        <metrics statements="16" coveredstatements="16" conditionals="12" coveredconditionals="11" methods="8" coveredmethods="8"/>
        <line num="24" count="21" type="stmt"/>
        <line num="25" count="2" type="cond" truecount="2" falsecount="0"/>
        <line num="26" count="2" type="stmt"/>
        <line num="29" count="21" type="stmt"/>
        <line num="30" count="38" type="stmt"/>
        <line num="31" count="38" type="stmt"/>
        <line num="40" count="21" type="stmt"/>
        <line num="41" count="38" type="stmt"/>
        <line num="46" count="38" type="cond" truecount="1" falsecount="1"/>
        <line num="49" count="21" type="cond" truecount="4" falsecount="0"/>
        <line num="50" count="2" type="stmt"/>
        <line num="57" count="19" type="stmt"/>
        <line num="79" count="38" type="stmt"/>
        <line num="92" count="2" type="stmt"/>
        <line num="117" count="1" type="stmt"/>
        <line num="126" count="1" type="stmt"/>
      </file>
      <file name="ExportButton.tsx" path="C:\Users\wolkt\Desktop\10xDevs\10xMovies\myVOD\frontend\myVOD\src\components\admin\ExportButton.tsx">
        <metrics statements="7" coveredstatements="7" conditionals="0" coveredconditionals="0" methods="2" coveredmethods="2"/>
        <line num="16" count="12" type="stmt"/>
        <line num="17" count="5" type="stmt"/>
        <line num="18" count="5" type="stmt"/>
        <line num="19" count="4" type="stmt"/>
        <line num="21" count="1" type="stmt"/>
        <line num="22" count="1" type="stmt"/>
        <line num="26" count="12" type="stmt"/>
      </file>
      <file name="MetricCard.tsx" path="C:\Users\wolkt\Desktop\10xDevs\10xMovies\myVOD\frontend\myVOD\src\components\admin\MetricCard.tsx">
        <metrics statements="6" coveredstatements="6" conditionals="10" coveredconditionals="10" methods="1" coveredmethods="1"/>
        <line num="13" count="10" type="cond" truecount="4" falsecount="0"/>
        <line num="14" count="10" type="stmt"/>
        <line num="17" count="10" type="stmt"/>
        <line num="35" count="10" type="cond" truecount="2" falsecount="0"/>
        <line num="36" count="1" type="stmt"/>
        <line num="39" count="9" type="stmt"/>
      </file>
      <file name="MetricsCardsGrid.tsx" path="C:\Users\wolkt\Desktop\10xDevs\10xMovies\myVOD\frontend\myVOD\src\components\admin\MetricsCardsGrid.tsx">
        <metrics statements="16" coveredstatements="16" conditionals="12" coveredconditionals="12" methods="7" coveredmethods="7"/>
        <line num="16" count="11" type="stmt"/>
        <line num="17" count="44" type="cond" truecount="4" falsecount="0"/>
        <line num="18" count="9" type="stmt"/>
        <line num="20" count="35" type="stmt"/>
        <line num="24" count="11" type="stmt"/>
        <line num="25" count="55" type="cond" truecount="4" falsecount="0"/>
        <line num="26" count="6" type="stmt"/>
        <line num="28" count="49" type="stmt"/>
        <line num="32" count="11" type="stmt"/>
        <line num="33" count="11" type="cond" truecount="4" falsecount="0"/>
        <line num="34" count="2" type="stmt"/>
        <line num="36" count="9" type="stmt"/>
        <line num="39" count="11" type="stmt"/>
        <line num="111" count="12" type="stmt"/>
        <line num="113" count="12" type="stmt"/>
        <line num="116" count="120" type="stmt"/>
      </file>
      <file name="TopMoviesFilters.tsx" path="C:\Users\wolkt\Desktop\10xDevs\10xMovies\myVOD\frontend\myVOD\src\components\admin\TopMoviesFilters.tsx">
        <metrics statements="12" coveredstatements="9" conditionals="12" coveredconditionals="12" methods="8" coveredmethods="5"/>
        <line num="21" count="9" type="cond" truecount="2" falsecount="0"/>
        <line num="23" count="9" type="cond" truecount="4" falsecount="0"/>
        <line num="25" count="9" type="stmt"/>
        <line num="26" count="2" type="stmt"/>
        <line num="29" count="9" type="stmt"/>
        <line num="30" count="2" type="stmt"/>
        <line num="33" count="9" type="stmt"/>
        <line num="44" count="0" type="stmt"/>
        <line num="47" count="2" type="stmt"/>
        <line num="58" count="0" type="stmt"/>
        <line num="66" count="2" type="stmt"/>
        <line num="74" count="0" type="stmt"/>
      </file>
      <file name="TopMoviesSection.tsx" path="C:\Users\wolkt\Desktop\10xDevs\10xMovies\myVOD\frontend\myVOD\src\components\admin\TopMoviesSection.tsx">
        <metrics statements="3" coveredstatements="3" conditionals="8" coveredconditionals="7" methods="1" coveredmethods="1"/>
        <line num="13" count="12" type="stmt"/>
        <line num="18" count="12" type="stmt"/>
        <line num="20" count="12" type="stmt"/>
      </file>
      <file name="TopMoviesTable.tsx" path="C:\Users\wolkt\Desktop\10xDevs\10xMovies\myVOD\frontend\myVOD\src\components\admin\TopMoviesTable.tsx">
        <metrics statements="5" coveredstatements="5" conditionals="8" coveredconditionals="8" methods="2" coveredmethods="2"/>
        <line num="12" count="14" type="cond" truecount="4" falsecount="0"/>
        <line num="13" count="2" type="stmt"/>
        <line num="20" count="12" type="cond" truecount="2" falsecount="0"/>
        <line num="22" count="14" type="stmt"/>
        <line num="35" count="34" type="stmt"/>
      </file>
    </package>
    <package name="components.onboarding">
      <metrics statements="157" coveredstatements="145" conditionals="167" coveredconditionals="152" methods="59" coveredmethods="49"/>
      <file name="ActionBar.tsx" path="C:\Users\wolkt\Desktop\10xDevs\10xMovies\myVOD\frontend\myVOD\src\components\onboarding\ActionBar.tsx">
        <metrics statements="1" coveredstatements="1" conditionals="5" coveredconditionals="5" methods="1" coveredmethods="1"/>
        <line num="15" count="60" type="stmt"/>
      </file>
      <file name="AddedMovieCard.tsx" path="C:\Users\wolkt\Desktop\10xDevs\10xMovies\myVOD\frontend\myVOD\src\components\onboarding\AddedMovieCard.tsx">
        <metrics statements="1" coveredstatements="1" conditionals="6" coveredconditionals="6" methods="1" coveredmethods="1"/>
        <line num="19" count="24" type="stmt"/>
      </file>
      <file name="AddedMoviesGrid.tsx" path="C:\Users\wolkt\Desktop\10xDevs\10xMovies\myVOD\frontend\myVOD\src\components\onboarding\AddedMoviesGrid.tsx">
        <metrics statements="6" coveredstatements="6" conditionals="4" coveredconditionals="4" methods="4" coveredmethods="4"/>
        <line num="19" count="32" type="cond" truecount="2" falsecount="0"/>
        <line num="20" count="17" type="stmt"/>
        <line num="27" count="15" type="stmt"/>
        <line num="41" count="24" type="stmt"/>
        <line num="47" count="1" type="stmt"/>
        <line num="55" count="21" type="stmt"/>
      </file>
      <file name="MovieSearchCombobox.tsx" path="C:\Users\wolkt\Desktop\10xDevs\10xMovies\myVOD\frontend\myVOD\src\components\onboarding\MovieSearchCombobox.tsx">
        <metrics statements="44" coveredstatements="43" conditionals="29" coveredconditionals="26" methods="10" coveredmethods="9"/>
        <line num="26" count="69" type="stmt"/>
        <line num="27" count="69" type="stmt"/>
        <line num="28" count="69" type="stmt"/>
        <line num="29" count="69" type="stmt"/>
        <line num="30" count="69" type="stmt"/>
        <line num="32" count="69" type="stmt"/>
        <line num="33" count="69" type="cond" truecount="2" falsecount="0"/>
        <line num="34" count="69" type="stmt"/>
        <line num="37" count="69" type="stmt"/>
        <line num="38" count="38" type="stmt"/>
        <line num="42" count="69" type="stmt"/>
        <line num="43" count="45" type="cond" truecount="2" falsecount="0"/>
        <line num="44" count="33" type="stmt"/>
        <line num="45" count="33" type="stmt"/>
        <line num="49" count="69" type="stmt"/>
        <line num="50" count="13" type="stmt"/>
        <line num="51" count="13" type="stmt"/>
        <line num="54" count="69" type="stmt"/>
        <line num="55" count="10" type="cond" truecount="4" falsecount="0"/>
        <line num="57" count="6" type="cond" truecount="4" falsecount="0"/>
        <line num="59" count="3" type="stmt"/>
        <line num="60" count="3" type="stmt"/>
        <line num="61" count="3" type="stmt"/>
        <line num="63" count="1" type="stmt"/>
        <line num="64" count="1" type="stmt"/>
        <line num="65" count="1" type="stmt"/>
        <line num="67" count="1" type="stmt"/>
        <line num="68" count="1" type="cond" truecount="3" falsecount="1"/>
        <line num="69" count="1" type="stmt"/>
        <line num="70" count="1" type="cond" truecount="1" falsecount="1"/>
        <line num="71" count="1" type="stmt"/>
        <line num="74" count="1" type="stmt"/>
        <line num="76" count="1" type="stmt"/>
        <line num="77" count="1" type="stmt"/>
        <line num="78" count="1" type="stmt"/>
        <line num="79" count="1" type="stmt"/>
        <line num="80" count="1" type="stmt"/>
        <line num="84" count="69" type="stmt"/>
        <line num="85" count="3" type="cond" truecount="1" falsecount="1"/>
        <line num="87" count="3" type="stmt"/>
        <line num="92" count="69" type="cond" truecount="2" falsecount="0"/>
        <line num="94" count="69" type="stmt"/>
        <line num="104" count="13" type="stmt"/>
        <line num="123" count="0" type="stmt"/>
      </file>
      <file name="OnboardingFooterNav.tsx" path="C:\Users\wolkt\Desktop\10xDevs\10xMovies\myVOD\frontend\myVOD\src\components\onboarding\OnboardingFooterNav.tsx">
        <metrics statements="1" coveredstatements="1" conditionals="0" coveredconditionals="0" methods="1" coveredmethods="1"/>
        <line num="17" count="20" type="stmt"/>
      </file>
      <file name="OnboardingHeader.tsx" path="C:\Users\wolkt\Desktop\10xDevs\10xMovies\myVOD\frontend\myVOD\src\components\onboarding\OnboardingHeader.tsx">
        <metrics statements="1" coveredstatements="1" conditionals="2" coveredconditionals="2" methods="1" coveredmethods="1"/>
        <line num="11" count="121" type="stmt"/>
      </file>
      <file name="OnboardingLayout.tsx" path="C:\Users\wolkt\Desktop\10xDevs\10xMovies\myVOD\frontend\myVOD\src\components\onboarding\OnboardingLayout.tsx">
        <metrics statements="1" coveredstatements="1" conditionals="4" coveredconditionals="4" methods="1" coveredmethods="1"/>
        <line num="18" count="123" type="stmt"/>
      </file>
      <file name="PlatformCheckboxCard.tsx" path="C:\Users\wolkt\Desktop\10xDevs\10xMovies\myVOD\frontend\myVOD\src\components\onboarding\PlatformCheckboxCard.tsx">
        <metrics statements="14" coveredstatements="14" conditionals="20" coveredconditionals="18" methods="5" coveredmethods="4"/>
        <line num="9" count="4" type="stmt"/>
        <line num="20" count="173" type="stmt"/>
        <line num="21" count="14" type="cond" truecount="1" falsecount="1"/>
        <line num="22" count="14" type="stmt"/>
        <line num="26" count="173" type="stmt"/>
        <line num="27" count="2" type="cond" truecount="4" falsecount="1"/>
        <line num="28" count="2" type="stmt"/>
        <line num="29" count="2" type="stmt"/>
        <line num="33" count="173" type="stmt"/>
        <line num="52" count="173" type="stmt"/>
        <line num="53" count="173" type="cond" truecount="2" falsecount="0"/>
        <line num="54" count="70" type="stmt"/>
        <line num="57" count="103" type="stmt"/>
        <line num="107" count="4" type="stmt"/>
      </file>
      <file name="PlatformsGrid.tsx" path="C:\Users\wolkt\Desktop\10xDevs\10xMovies\myVOD\frontend\myVOD\src\components\onboarding\PlatformsGrid.tsx">
        <metrics statements="3" coveredstatements="3" conditionals="1" coveredconditionals="1" methods="3" coveredmethods="3"/>
        <line num="22" count="153" type="stmt"/>
        <line num="24" count="60" type="stmt"/>
        <line num="32" count="153" type="stmt"/>
      </file>
      <file name="ProgressBar.tsx" path="C:\Users\wolkt\Desktop\10xDevs\10xMovies\myVOD\frontend\myVOD\src\components\onboarding\ProgressBar.tsx">
        <metrics statements="2" coveredstatements="2" conditionals="0" coveredconditionals="0" methods="1" coveredmethods="1"/>
        <line num="11" count="124" type="stmt"/>
        <line num="13" count="124" type="stmt"/>
      </file>
      <file name="SearchResultItem.tsx" path="C:\Users\wolkt\Desktop\10xDevs\10xMovies\myVOD\frontend\myVOD\src\components\onboarding\SearchResultItem.tsx">
        <metrics statements="11" coveredstatements="11" conditionals="18" coveredconditionals="17" methods="4" coveredmethods="4"/>
        <line num="17" count="36" type="stmt"/>
        <line num="18" count="5" type="cond" truecount="2" falsecount="0"/>
        <line num="19" count="3" type="stmt"/>
        <line num="23" count="36" type="stmt"/>
        <line num="24" count="4" type="cond" truecount="3" falsecount="1"/>
        <line num="25" count="4" type="stmt"/>
        <line num="26" count="4" type="cond" truecount="2" falsecount="0"/>
        <line num="27" count="2" type="stmt"/>
        <line num="32" count="36" type="stmt"/>
        <line num="79" count="1" type="stmt"/>
        <line num="80" count="1" type="stmt"/>
      </file>
      <file name="SearchResultsList.tsx" path="C:\Users\wolkt\Desktop\10xDevs\10xMovies\myVOD\frontend\myVOD\src\components\onboarding\SearchResultsList.tsx">
        <metrics statements="4" coveredstatements="4" conditionals="2" coveredconditionals="2" methods="2" coveredmethods="2"/>
        <line num="23" count="53" type="cond" truecount="2" falsecount="0"/>
        <line num="24" count="36" type="stmt"/>
        <line num="31" count="17" type="stmt"/>
        <line num="39" count="25" type="stmt"/>
      </file>
      <file name="SelectedMovieItem.tsx" path="C:\Users\wolkt\Desktop\10xDevs\10xMovies\myVOD\frontend\myVOD\src\components\onboarding\SelectedMovieItem.tsx">
        <metrics statements="4" coveredstatements="4" conditionals="14" coveredconditionals="12" methods="2" coveredmethods="2"/>
        <line num="19" count="13" type="stmt"/>
        <line num="20" count="2" type="cond" truecount="1" falsecount="1"/>
        <line num="21" count="2" type="stmt"/>
        <line num="25" count="13" type="stmt"/>
      </file>
      <file name="SelectedMoviesList.tsx" path="C:\Users\wolkt\Desktop\10xDevs\10xMovies\myVOD\frontend\myVOD\src\components\onboarding\SelectedMoviesList.tsx">
        <metrics statements="4" coveredstatements="4" conditionals="2" coveredconditionals="2" methods="2" coveredmethods="2"/>
        <line num="19" count="4" type="cond" truecount="2" falsecount="0"/>
        <line num="20" count="1" type="stmt"/>
        <line num="28" count="3" type="stmt"/>
        <line num="42" count="5" type="stmt"/>
      </file>
      <file name="WatchedSearchCombobox.tsx" path="C:\Users\wolkt\Desktop\10xDevs\10xMovies\myVOD\frontend\myVOD\src\components\onboarding\WatchedSearchCombobox.tsx">
        <metrics statements="49" coveredstatements="46" conditionals="56" coveredconditionals="51" methods="13" coveredmethods="11"/>
        <line num="32" count="42" type="stmt"/>
        <line num="33" count="42" type="stmt"/>
        <line num="34" count="42" type="stmt"/>
        <line num="35" count="42" type="stmt"/>
        <line num="37" count="42" type="stmt"/>
        <line num="38" count="42" type="cond" truecount="2" falsecount="0"/>
        <line num="39" count="42" type="stmt"/>
        <line num="42" count="42" type="stmt"/>
        <line num="43" count="17" type="stmt"/>
        <line num="47" count="42" type="stmt"/>
        <line num="48" count="17" type="cond" truecount="2" falsecount="0"/>
        <line num="49" count="15" type="stmt"/>
        <line num="50" count="15" type="stmt"/>
        <line num="54" count="42" type="stmt"/>
        <line num="55" count="10" type="stmt"/>
        <line num="56" count="10" type="cond" truecount="2" falsecount="0"/>
        <line num="59" count="42" type="stmt"/>
        <line num="60" count="6" type="cond" truecount="4" falsecount="1"/>
        <line num="62" count="6" type="cond" truecount="4" falsecount="0"/>
        <line num="64" count="3" type="stmt"/>
        <line num="65" count="3" type="stmt"/>
        <line num="66" count="3" type="stmt"/>
        <line num="68" count="1" type="stmt"/>
        <line num="69" count="1" type="stmt"/>
        <line num="70" count="1" type="stmt"/>
        <line num="72" count="1" type="stmt"/>
        <line num="73" count="1" type="cond" truecount="3" falsecount="1"/>
        <line num="74" count="1" type="stmt"/>
        <line num="75" count="1" type="cond" truecount="1" falsecount="1"/>
        <line num="76" count="1" type="stmt"/>
        <line num="79" count="1" type="stmt"/>
        <line num="81" count="1" type="stmt"/>
        <line num="82" count="1" type="stmt"/>
        <line num="83" count="1" type="stmt"/>
        <line num="84" count="1" type="stmt"/>
        <line num="85" count="1" type="stmt"/>
        <line num="89" count="42" type="stmt"/>
        <line num="90" count="3" type="cond" truecount="3" falsecount="1"/>
        <line num="92" count="3" type="stmt"/>
        <line num="97" count="42" type="cond" truecount="2" falsecount="0"/>
        <line num="99" count="42" type="stmt"/>
        <line num="109" count="10" type="stmt"/>
        <line num="129" count="0" type="stmt"/>
        <line num="148" count="40" type="stmt"/>
        <line num="149" count="40" type="stmt"/>
        <line num="151" count="40" type="stmt"/>
        <line num="161" count="2" type="stmt"/>
        <line num="195" count="0" type="stmt"/>
        <line num="196" count="0" type="stmt"/>
      </file>
      <file name="platformIcons.tsx" path="C:\Users\wolkt\Desktop\10xDevs\10xMovies\myVOD\frontend\myVOD\src\components\onboarding\platformIcons.tsx">
        <metrics statements="11" coveredstatements="3" conditionals="4" coveredconditionals="2" methods="8" coveredmethods="2"/>
        <line num="8" count="6" type="stmt"/>
        <line num="10" count="92" type="stmt"/>
        <line num="15" count="0" type="stmt"/>
        <line num="20" count="0" type="stmt"/>
        <line num="25" count="0" type="stmt"/>
        <line num="30" count="0" type="stmt"/>
        <line num="36" count="0" type="stmt"/>
        <line num="48" count="222" type="cond" truecount="2" falsecount="0"/>
        <line num="57" count="0" type="stmt"/>
        <line num="58" count="0" type="cond" truecount="0" falsecount="2"/>
        <line num="62" count="0" type="stmt"/>
      </file>
    </package>
    <package name="components.profile">
      <metrics statements="56" coveredstatements="52" conditionals="65" coveredconditionals="57" methods="18" coveredmethods="14"/>
      <file name="ChangePasswordCard.tsx" path="C:\Users\wolkt\Desktop\10xDevs\10xMovies\myVOD\frontend\myVOD\src\components\profile\ChangePasswordCard.tsx">
        <metrics statements="49" coveredstatements="45" conditionals="54" coveredconditionals="48" methods="12" coveredmethods="8"/>
        <line num="24" count="368" type="stmt"/>
        <line num="25" count="368" type="stmt"/>
        <line num="26" count="368" type="stmt"/>
        <line num="27" count="368" type="stmt"/>
        <line num="28" count="368" type="stmt"/>
        <line num="29" count="368" type="stmt"/>
        <line num="30" count="368" type="stmt"/>
        <line num="36" count="368" type="stmt"/>
        <line num="37" count="9" type="stmt"/>
        <line num="40" count="9" type="stmt"/>
        <line num="42" count="9" type="cond" truecount="2" falsecount="0"/>
        <line num="43" count="3" type="stmt"/>
        <line num="46" count="9" type="cond" truecount="2" falsecount="0"/>
        <line num="47" count="3" type="stmt"/>
        <line num="48" count="6" type="cond" truecount="2" falsecount="0"/>
        <line num="49" count="1" type="stmt"/>
        <line num="50" count="5" type="cond" truecount="4" falsecount="0"/>
        <line num="51" count="1" type="stmt"/>
        <line num="54" count="9" type="cond" truecount="2" falsecount="0"/>
        <line num="55" count="3" type="stmt"/>
        <line num="56" count="6" type="cond" truecount="2" falsecount="0"/>
        <line num="57" count="1" type="stmt"/>
        <line num="61" count="9" type="stmt"/>
        <line num="63" count="9" type="cond" truecount="2" falsecount="0"/>
        <line num="64" count="6" type="stmt"/>
        <line num="67" count="3" type="stmt"/>
        <line num="68" count="3" type="stmt"/>
        <line num="70" count="3" type="stmt"/>
        <line num="71" count="3" type="stmt"/>
        <line num="72" count="3" type="stmt"/>
        <line num="73" count="3" type="stmt"/>
        <line num="79" count="368" type="stmt"/>
        <line num="80" count="1" type="stmt"/>
        <line num="81" count="1" type="stmt"/>
        <line num="82" count="1" type="stmt"/>
        <line num="83" count="1" type="stmt"/>
        <line num="86" count="368" type="stmt"/>
        <line num="106" count="122" type="stmt"/>
        <line num="108" count="122" type="cond" truecount="2" falsecount="0"/>
        <line num="109" count="1" type="stmt"/>
        <line num="119" count="2" type="stmt"/>
        <line num="146" count="97" type="stmt"/>
        <line num="148" count="97" type="cond" truecount="1" falsecount="1"/>
        <line num="149" count="0" type="stmt"/>
        <line num="159" count="0" type="stmt"/>
        <line num="189" count="103" type="stmt"/>
        <line num="191" count="103" type="cond" truecount="1" falsecount="1"/>
        <line num="192" count="0" type="stmt"/>
        <line num="202" count="0" type="stmt"/>
      </file>
      <file name="DangerZoneCard.tsx" path="C:\Users\wolkt\Desktop\10xDevs\10xMovies\myVOD\frontend\myVOD\src\components\profile\DangerZoneCard.tsx">
        <metrics statements="1" coveredstatements="1" conditionals="0" coveredconditionals="0" methods="1" coveredmethods="1"/>
        <line num="16" count="12" type="stmt"/>
      </file>
      <file name="DeleteAccountSection.tsx" path="C:\Users\wolkt\Desktop\10xDevs\10xMovies\myVOD\frontend\myVOD\src\components\profile\DeleteAccountSection.tsx">
        <metrics statements="1" coveredstatements="1" conditionals="2" coveredconditionals="1" methods="1" coveredmethods="1"/>
        <line num="34" count="12" type="stmt"/>
      </file>
      <file name="PlatformCheckboxGroup.tsx" path="C:\Users\wolkt\Desktop\10xDevs\10xMovies\myVOD\frontend\myVOD\src\components\profile\PlatformCheckboxGroup.tsx">
        <metrics statements="3" coveredstatements="3" conditionals="1" coveredconditionals="1" methods="2" coveredmethods="2"/>
        <line num="24" count="12" type="stmt"/>
        <line num="26" count="12" type="stmt"/>
        <line num="34" count="36" type="stmt"/>
      </file>
      <file name="PlatformPreferencesCard.tsx" path="C:\Users\wolkt\Desktop\10xDevs\10xMovies\myVOD\frontend\myVOD\src\components\profile\PlatformPreferencesCard.tsx">
        <metrics statements="1" coveredstatements="1" conditionals="0" coveredconditionals="0" methods="1" coveredmethods="1"/>
        <line num="31" count="12" type="stmt"/>
      </file>
      <file name="SaveChangesBar.tsx" path="C:\Users\wolkt\Desktop\10xDevs\10xMovies\myVOD\frontend\myVOD\src\components\profile\SaveChangesBar.tsx">
        <metrics statements="1" coveredstatements="1" conditionals="8" coveredconditionals="7" methods="1" coveredmethods="1"/>
        <line num="24" count="12" type="stmt"/>
      </file>
    </package>
    <package name="components.ui">
      <metrics statements="120" coveredstatements="104" conditionals="26" coveredconditionals="18" methods="32" coveredmethods="21"/>
      <file name="alert-dialog.tsx" path="C:\Users\wolkt\Desktop\10xDevs\10xMovies\myVOD\frontend\myVOD\src\components\ui\alert-dialog.tsx">
        <metrics statements="27" coveredstatements="20" conditionals="0" coveredconditionals="0" methods="8" coveredmethods="1"/>
        <line num="7" count="1" type="stmt"/>
        <line num="9" count="1" type="stmt"/>
        <line num="11" count="1" type="stmt"/>
        <line num="13" count="1" type="stmt"/>
        <line num="17" count="0" type="stmt"/>
        <line num="26" count="1" type="stmt"/>
        <line num="28" count="1" type="stmt"/>
        <line num="32" count="12" type="stmt"/>
        <line num="44" count="1" type="stmt"/>
        <line num="46" count="1" type="stmt"/>
        <line num="50" count="0" type="stmt"/>
        <line num="58" count="1" type="stmt"/>
        <line num="60" count="1" type="stmt"/>
        <line num="64" count="0" type="stmt"/>
        <line num="72" count="1" type="stmt"/>
        <line num="74" count="1" type="stmt"/>
        <line num="78" count="0" type="stmt"/>
        <line num="84" count="1" type="stmt"/>
        <line num="86" count="1" type="stmt"/>
        <line num="90" count="0" type="stmt"/>
        <line num="96" count="1" type="stmt"/>
        <line num="99" count="1" type="stmt"/>
        <line num="103" count="0" type="stmt"/>
        <line num="109" count="1" type="stmt"/>
        <line num="111" count="1" type="stmt"/>
        <line num="115" count="0" type="stmt"/>
        <line num="125" count="1" type="stmt"/>
      </file>
      <file name="alert.tsx" path="C:\Users\wolkt\Desktop\10xDevs\10xMovies\myVOD\frontend\myVOD\src\components\ui\alert.tsx">
        <metrics statements="10" coveredstatements="10" conditionals="0" coveredconditionals="0" methods="3" coveredmethods="3"/>
        <line num="6" count="8" type="stmt"/>
        <line num="22" count="8" type="stmt"/>
        <line num="26" count="37" type="stmt"/>
        <line num="33" count="8" type="stmt"/>
        <line num="35" count="8" type="stmt"/>
        <line num="39" count="10" type="stmt"/>
        <line num="45" count="8" type="stmt"/>
        <line num="47" count="8" type="stmt"/>
        <line num="51" count="37" type="stmt"/>
        <line num="57" count="8" type="stmt"/>
      </file>
      <file name="badge.tsx" path="C:\Users\wolkt\Desktop\10xDevs\10xMovies\myVOD\frontend\myVOD\src\components\ui\badge.tsx">
        <metrics statements="2" coveredstatements="2" conditionals="0" coveredconditionals="0" methods="1" coveredmethods="1"/>
        <line num="6" count="7" type="stmt"/>
        <line num="31" count="24" type="stmt"/>
      </file>
      <file name="button.tsx" path="C:\Users\wolkt\Desktop\10xDevs\10xMovies\myVOD\frontend\myVOD\src\components\ui\button.tsx">
        <metrics statements="5" coveredstatements="5" conditionals="3" coveredconditionals="2" methods="1" coveredmethods="1"/>
        <line num="7" count="27" type="stmt"/>
        <line num="43" count="27" type="stmt"/>
        <line num="45" count="1616" type="cond" truecount="1" falsecount="1"/>
        <line num="46" count="1616" type="stmt"/>
        <line num="55" count="27" type="stmt"/>
      </file>
      <file name="card.tsx" path="C:\Users\wolkt\Desktop\10xDevs\10xMovies\myVOD\frontend\myVOD\src\components\ui\card.tsx">
        <metrics statements="18" coveredstatements="17" conditionals="0" coveredconditionals="0" methods="6" coveredmethods="5"/>
        <line num="5" count="4" type="stmt"/>
        <line num="9" count="47" type="stmt"/>
        <line num="18" count="4" type="stmt"/>
        <line num="20" count="4" type="stmt"/>
        <line num="24" count="47" type="stmt"/>
        <line num="30" count="4" type="stmt"/>
        <line num="32" count="4" type="stmt"/>
        <line num="36" count="47" type="stmt"/>
        <line num="42" count="4" type="stmt"/>
        <line num="44" count="4" type="stmt"/>
        <line num="48" count="47" type="stmt"/>
        <line num="54" count="4" type="stmt"/>
        <line num="56" count="4" type="stmt"/>
        <line num="60" count="47" type="stmt"/>
        <line num="62" count="4" type="stmt"/>
        <line num="64" count="4" type="stmt"/>
        <line num="68" count="0" type="stmt"/>
        <line num="74" count="4" type="stmt"/>
      </file>
      <file name="form.tsx" path="C:\Users\wolkt\Desktop\10xDevs\10xMovies\myVOD\frontend\myVOD\src\components\ui\form.tsx">
        <metrics statements="39" coveredstatements="35" conditionals="14" coveredconditionals="11" methods="7" coveredmethods="6"/>
        <line num="16" count="2" type="stmt"/>
        <line num="25" count="2" type="stmt"/>
        <line num="27" count="2" type="stmt"/>
        <line num="33" count="805" type="stmt"/>
        <line num="40" count="2" type="stmt"/>
        <line num="41" count="3639" type="stmt"/>
        <line num="42" count="3639" type="stmt"/>
        <line num="43" count="3639" type="stmt"/>
        <line num="45" count="3639" type="cond" truecount="1" falsecount="1"/>
        <line num="46" count="0" type="stmt"/>
        <line num="49" count="3639" type="cond" truecount="1" falsecount="1"/>
        <line num="50" count="0" type="stmt"/>
        <line num="53" count="3639" type="stmt"/>
        <line num="55" count="3639" type="stmt"/>
        <line num="57" count="3639" type="stmt"/>
        <line num="71" count="2" type="stmt"/>
        <line num="73" count="2" type="stmt"/>
        <line num="77" count="1213" type="stmt"/>
        <line num="79" count="1213" type="stmt"/>
        <line num="85" count="2" type="stmt"/>
        <line num="87" count="2" type="stmt"/>
        <line num="91" count="1213" type="stmt"/>
        <line num="93" count="1213" type="stmt"/>
        <line num="102" count="2" type="stmt"/>
        <line num="104" count="2" type="stmt"/>
        <line num="108" count="1213" type="stmt"/>
        <line num="110" count="1213" type="stmt"/>
        <line num="124" count="2" type="stmt"/>
        <line num="126" count="2" type="stmt"/>
        <line num="130" count="0" type="stmt"/>
        <line num="132" count="0" type="stmt"/>
        <line num="141" count="2" type="stmt"/>
        <line num="143" count="2" type="stmt"/>
        <line num="147" count="1213" type="stmt"/>
        <line num="148" count="1213" type="cond" truecount="3" falsecount="1"/>
        <line num="150" count="1213" type="cond" truecount="2" falsecount="0"/>
        <line num="151" count="911" type="stmt"/>
        <line num="154" count="302" type="stmt"/>
        <line num="165" count="2" type="stmt"/>
      </file>
      <file name="input.tsx" path="C:\Users\wolkt\Desktop\10xDevs\10xMovies\myVOD\frontend\myVOD\src\components\ui\input.tsx">
        <metrics statements="3" coveredstatements="3" conditionals="0" coveredconditionals="0" methods="1" coveredmethods="1"/>
        <line num="5" count="8" type="stmt"/>
        <line num="7" count="2467" type="stmt"/>
        <line num="20" count="8" type="stmt"/>
      </file>
      <file name="label.tsx" path="C:\Users\wolkt\Desktop\10xDevs\10xMovies\myVOD\frontend\myVOD\src\components\ui\label.tsx">
        <metrics statements="4" coveredstatements="4" conditionals="0" coveredconditionals="0" methods="1" coveredmethods="1"/>
        <line num="7" count="4" type="stmt"/>
        <line num="11" count="4" type="stmt"/>
        <line num="16" count="2317" type="stmt"/>
        <line num="22" count="4" type="stmt"/>
      </file>
      <file name="theme-toggle.tsx" path="C:\Users\wolkt\Desktop\10xDevs\10xMovies\myVOD\frontend\myVOD\src\components\ui\theme-toggle.tsx">
        <metrics statements="6" coveredstatements="2" conditionals="8" coveredconditionals="4" methods="3" coveredmethods="1"/>
        <line num="9" count="131" type="stmt"/>
        <line num="11" count="131" type="stmt"/>
        <line num="38" count="0" type="stmt"/>
        <line num="39" count="0" type="stmt"/>
        <line num="42" count="0" type="stmt"/>
        <line num="43" count="0" type="stmt"/>
      </file>
      <file name="tooltip.tsx" path="C:\Users\wolkt\Desktop\10xDevs\10xMovies\myVOD\frontend\myVOD\src\components\ui\tooltip.tsx">
        <metrics statements="6" coveredstatements="6" conditionals="1" coveredconditionals="1" methods="1" coveredmethods="1"/>
        <line num="6" count="5" type="stmt"/>
        <line num="8" count="5" type="stmt"/>
        <line num="10" count="5" type="stmt"/>
        <line num="12" count="5" type="stmt"/>
        <line num="16" count="67" type="stmt"/>
        <line num="28" count="5" type="stmt"/>
      </file>
    </package>
    <package name="components.watched">
      <metrics statements="14" coveredstatements="13" conditionals="17" coveredconditionals="17" methods="7" coveredmethods="6"/>
      <file name="RestoreButton.tsx" path="C:\Users\wolkt\Desktop\10xDevs\10xMovies\myVOD\frontend\myVOD\src\components\watched\RestoreButton.tsx">
        <metrics statements="1" coveredstatements="1" conditionals="3" coveredconditionals="3" methods="1" coveredmethods="1"/>
        <line num="18" count="20" type="stmt"/>
      </file>
      <file name="UserMovieCard.tsx" path="C:\Users\wolkt\Desktop\10xDevs\10xMovies\myVOD\frontend\myVOD\src\components\watched\UserMovieCard.tsx">
        <metrics statements="8" coveredstatements="7" conditionals="10" coveredconditionals="10" methods="3" coveredmethods="2"/>
        <line num="27" count="1" type="stmt"/>
        <line num="36" count="13" type="cond" truecount="2" falsecount="0"/>
        <line num="37" count="13" type="cond" truecount="2" falsecount="0"/>
        <line num="39" count="13" type="stmt"/>
        <line num="40" count="1" type="stmt"/>
        <line num="43" count="13" type="stmt"/>
        <line num="44" count="0" type="stmt"/>
        <line num="47" count="13" type="stmt"/>
      </file>
      <file name="WatchedEmptyState.tsx" path="C:\Users\wolkt\Desktop\10xDevs\10xMovies\myVOD\frontend\myVOD\src\components\watched\WatchedEmptyState.tsx">
        <metrics statements="4" coveredstatements="4" conditionals="0" coveredconditionals="0" methods="2" coveredmethods="2"/>
        <line num="10" count="3" type="stmt"/>
        <line num="12" count="3" type="stmt"/>
        <line num="13" count="1" type="stmt"/>
        <line num="16" count="3" type="stmt"/>
      </file>
      <file name="WatchedFiltersBar.tsx" path="C:\Users\wolkt\Desktop\10xDevs\10xMovies\myVOD\frontend\myVOD\src\components\watched\WatchedFiltersBar.tsx">
        <metrics statements="1" coveredstatements="1" conditionals="4" coveredconditionals="4" methods="1" coveredmethods="1"/>
        <line num="23" count="3" type="stmt"/>
      </file>
    </package>
    <package name="components.watchlist">
      <metrics statements="105" coveredstatements="91" conditionals="83" coveredconditionals="71" methods="30" coveredmethods="24"/>
      <file name="AvailabilityIcons.tsx" path="C:\Users\wolkt\Desktop\10xDevs\10xMovies\myVOD\frontend\myVOD\src\components\watchlist\AvailabilityIcons.tsx">
        <metrics statements="12" coveredstatements="12" conditionals="10" coveredconditionals="9" methods="4" coveredmethods="4"/>
        <line num="21" count="3" type="stmt"/>
        <line num="23" count="66" type="stmt"/>
        <line num="26" count="60" type="stmt"/>
        <line num="28" count="32" type="cond" truecount="2" falsecount="0"/>
        <line num="29" count="2" type="stmt"/>
        <line num="36" count="30" type="stmt"/>
        <line num="40" count="57" type="stmt"/>
        <line num="41" count="57" type="cond" truecount="1" falsecount="1"/>
        <line num="43" count="57" type="stmt"/>
        <line num="44" count="57" type="stmt"/>
        <line num="45" count="57" type="cond" truecount="2" falsecount="0"/>
        <line num="47" count="57" type="stmt"/>
      </file>
      <file name="MovieCard.tsx" path="C:\Users\wolkt\Desktop\10xDevs\10xMovies\myVOD\frontend\myVOD\src\components\watchlist\MovieCard.tsx">
        <metrics statements="6" coveredstatements="6" conditionals="12" coveredconditionals="12" methods="3" coveredmethods="3"/>
        <line num="24" count="1" type="stmt"/>
        <line num="26" count="12" type="cond" truecount="2" falsecount="0"/>
        <line num="27" count="12" type="cond" truecount="2" falsecount="0"/>
        <line num="29" count="12" type="stmt"/>
        <line num="98" count="1" type="stmt"/>
        <line num="108" count="1" type="stmt"/>
      </file>
      <file name="SearchCombobox.tsx" path="C:\Users\wolkt\Desktop\10xDevs\10xMovies\myVOD\frontend\myVOD\src\components\watchlist\SearchCombobox.tsx">
        <metrics statements="87" coveredstatements="73" conditionals="61" coveredconditionals="50" methods="23" coveredmethods="17"/>
        <line num="27" count="82" type="stmt"/>
        <line num="28" count="82" type="stmt"/>
        <line num="29" count="82" type="stmt"/>
        <line num="30" count="82" type="stmt"/>
        <line num="31" count="82" type="stmt"/>
        <line num="32" count="82" type="stmt"/>
        <line num="34" count="82" type="stmt"/>
        <line num="35" count="82" type="cond" truecount="1" falsecount="1"/>
        <line num="36" count="82" type="stmt"/>
        <line num="39" count="82" type="stmt"/>
        <line num="40" count="19" type="stmt"/>
        <line num="44" count="82" type="stmt"/>
        <line num="45" count="44" type="cond" truecount="2" falsecount="0"/>
        <line num="46" count="20" type="stmt"/>
        <line num="47" count="20" type="stmt"/>
        <line num="51" count="82" type="stmt"/>
        <line num="52" count="0" type="stmt"/>
        <line num="53" count="0" type="stmt"/>
        <line num="54" count="0" type="stmt"/>
        <line num="55" count="0" type="stmt"/>
        <line num="58" count="82" type="stmt"/>
        <line num="62" count="7" type="cond" truecount="1" falsecount="0"/>
        <line num="63" count="7" type="stmt"/>
        <line num="64" count="7" type="stmt"/>
        <line num="65" count="7" type="cond" truecount="1" falsecount="1"/>
        <line num="66" count="7" type="stmt"/>
        <line num="68" count="7" type="cond" truecount="1" falsecount="1"/>
        <line num="69" count="0" type="stmt"/>
        <line num="74" count="7" type="stmt"/>
        <line num="78" count="82" type="stmt"/>
        <line num="79" count="6" type="cond" truecount="1" falsecount="1"/>
        <line num="80" count="0" type="stmt"/>
        <line num="83" count="6" type="cond" truecount="1" falsecount="1"/>
        <line num="84" count="0" type="stmt"/>
        <line num="87" count="6" type="stmt"/>
        <line num="88" count="6" type="stmt"/>
        <line num="91" count="82" type="stmt"/>
        <line num="92" count="1" type="cond" truecount="1" falsecount="1"/>
        <line num="93" count="0" type="stmt"/>
        <line num="96" count="1" type="cond" truecount="1" falsecount="1"/>
        <line num="97" count="0" type="stmt"/>
        <line num="100" count="1" type="stmt"/>
        <line num="101" count="1" type="stmt"/>
        <line num="104" count="82" type="stmt"/>
        <line num="105" count="25" type="stmt"/>
        <line num="106" count="25" type="cond" truecount="2" falsecount="0"/>
        <line num="107" count="24" type="stmt"/>
        <line num="111" count="82" type="stmt"/>
        <line num="112" count="8" type="cond" truecount="3" falsecount="1"/>
        <line num="114" count="8" type="cond" truecount="4" falsecount="0"/>
        <line num="116" count="4" type="stmt"/>
        <line num="117" count="4" type="stmt"/>
        <line num="118" count="4" type="stmt"/>
        <line num="120" count="1" type="stmt"/>
        <line num="121" count="1" type="stmt"/>
        <line num="122" count="1" type="stmt"/>
        <line num="124" count="2" type="stmt"/>
        <line num="125" count="2" type="cond" truecount="3" falsecount="1"/>
        <line num="126" count="2" type="stmt"/>
        <line num="127" count="2" type="cond" truecount="1" falsecount="1"/>
        <line num="128" count="2" type="stmt"/>
        <line num="131" count="2" type="stmt"/>
        <line num="133" count="1" type="stmt"/>
        <line num="134" count="1" type="stmt"/>
        <line num="135" count="1" type="stmt"/>
        <line num="136" count="1" type="stmt"/>
        <line num="137" count="1" type="stmt"/>
        <line num="141" count="82" type="cond" truecount="2" falsecount="0"/>
        <line num="143" count="82" type="stmt"/>
        <line num="154" count="25" type="stmt"/>
        <line num="174" count="0" type="stmt"/>
        <line num="197" count="87" type="stmt"/>
        <line num="198" count="87" type="stmt"/>
        <line num="199" count="87" type="stmt"/>
        <line num="200" count="87" type="stmt"/>
        <line num="202" count="87" type="stmt"/>
        <line num="211" count="0" type="stmt"/>
        <line num="212" count="0" type="stmt"/>
        <line num="215" count="1" type="stmt"/>
        <line num="246" count="4" type="stmt"/>
        <line num="247" count="4" type="stmt"/>
        <line num="248" count="4" type="stmt"/>
        <line num="250" count="0" type="stmt"/>
        <line num="261" count="1" type="stmt"/>
        <line num="262" count="1" type="stmt"/>
        <line num="263" count="1" type="stmt"/>
        <line num="265" count="0" type="stmt"/>
      </file>
    </package>
    <package name="contexts">
      <metrics statements="29" coveredstatements="29" conditionals="4" coveredconditionals="4" methods="7" coveredmethods="7"/>
      <file name="AuthContext.tsx" path="C:\Users\wolkt\Desktop\10xDevs\10xMovies\myVOD\frontend\myVOD\src\contexts\AuthContext.tsx">
        <metrics statements="29" coveredstatements="29" conditionals="4" coveredconditionals="4" methods="7" coveredmethods="7"/>
        <line num="14" count="1" type="stmt"/>
        <line num="16" count="1" type="stmt"/>
        <line num="17" count="1" type="stmt"/>
        <line num="18" count="1" type="stmt"/>
        <line num="26" count="16" type="stmt"/>
        <line num="27" count="11" type="stmt"/>
        <line num="29" count="16" type="stmt"/>
        <line num="30" count="11" type="stmt"/>
        <line num="33" count="16" type="stmt"/>
        <line num="34" count="2" type="stmt"/>
        <line num="35" count="2" type="stmt"/>
        <line num="36" count="2" type="stmt"/>
        <line num="37" count="2" type="stmt"/>
        <line num="40" count="2" type="stmt"/>
        <line num="43" count="16" type="stmt"/>
        <line num="44" count="2" type="stmt"/>
        <line num="45" count="2" type="stmt"/>
        <line num="46" count="2" type="stmt"/>
        <line num="47" count="2" type="stmt"/>
        <line num="50" count="2" type="stmt"/>
        <line num="53" count="16" type="stmt"/>
        <line num="54" count="1" type="stmt"/>
        <line num="55" count="1" type="stmt"/>
        <line num="58" count="16" type="cond" truecount="2" falsecount="0"/>
        <line num="60" count="16" type="stmt"/>
        <line num="81" count="18" type="stmt"/>
        <line num="82" count="18" type="cond" truecount="2" falsecount="0"/>
        <line num="83" count="2" type="stmt"/>
        <line num="85" count="16" type="stmt"/>
      </file>
    </package>
    <package name="hooks">
      <metrics statements="436" coveredstatements="340" conditionals="252" coveredconditionals="158" methods="132" coveredmethods="109"/>
      <file name="useAddUserMovie.ts" path="C:\Users\wolkt\Desktop\10xDevs\10xMovies\myVOD\frontend\myVOD\src\hooks\useAddUserMovie.ts">
        <metrics statements="6" coveredstatements="6" conditionals="0" coveredconditionals="0" methods="4" coveredmethods="4"/>
        <line num="9" count="5" type="stmt"/>
        <line num="25" count="21" type="stmt"/>
        <line num="27" count="21" type="stmt"/>
        <line num="29" count="9" type="stmt"/>
        <line num="30" count="5" type="stmt"/>
        <line num="34" count="5" type="stmt"/>
      </file>
      <file name="useAdminMetrics.ts" path="C:\Users\wolkt\Desktop\10xDevs\10xMovies\myVOD\frontend\myVOD\src\hooks\useAdminMetrics.ts">
        <metrics statements="1" coveredstatements="1" conditionals="0" coveredconditionals="0" methods="1" coveredmethods="1"/>
        <line num="11" count="12" type="stmt"/>
      </file>
      <file name="useChangePassword.ts" path="C:\Users\wolkt\Desktop\10xDevs\10xMovies\myVOD\frontend\myVOD\src\hooks\useChangePassword.ts">
        <metrics statements="19" coveredstatements="17" conditionals="18" coveredconditionals="14" methods="4" coveredmethods="4"/>
        <line num="13" count="17" type="stmt"/>
        <line num="19" count="8" type="stmt"/>
        <line num="22" count="3" type="stmt"/>
        <line num="26" count="5" type="cond" truecount="1" falsecount="1"/>
        <line num="28" count="5" type="cond" truecount="4" falsecount="0"/>
        <line num="30" count="2" type="stmt"/>
        <line num="31" count="2" type="cond" truecount="2" falsecount="0"/>
        <line num="32" count="1" type="stmt"/>
        <line num="33" count="1" type="stmt"/>
        <line num="35" count="1" type="cond" truecount="1" falsecount="1"/>
        <line num="36" count="1" type="cond" truecount="1" falsecount="1"/>
        <line num="39" count="1" type="cond" truecount="1" falsecount="1"/>
        <line num="40" count="1" type="stmt"/>
        <line num="42" count="0" type="stmt"/>
        <line num="43" count="0" type="stmt"/>
        <line num="46" count="3" type="cond" truecount="4" falsecount="0"/>
        <line num="47" count="1" type="stmt"/>
        <line num="48" count="1" type="stmt"/>
        <line num="52" count="2" type="stmt"/>
      </file>
      <file name="useDebouncedValue.ts" path="C:\Users\wolkt\Desktop\10xDevs\10xMovies\myVOD\frontend\myVOD\src\hooks\useDebouncedValue.ts">
        <metrics statements="7" coveredstatements="7" conditionals="1" coveredconditionals="1" methods="4" coveredmethods="4"/>
        <line num="12" count="102" type="stmt"/>
        <line num="14" count="102" type="stmt"/>
        <line num="15" count="69" type="stmt"/>
        <line num="16" count="11" type="stmt"/>
        <line num="19" count="69" type="stmt"/>
        <line num="20" count="69" type="stmt"/>
        <line num="24" count="102" type="stmt"/>
      </file>
      <file name="useDeleteUserMovie.ts" path="C:\Users\wolkt\Desktop\10xDevs\10xMovies\myVOD\frontend\myVOD\src\hooks\useDeleteUserMovie.ts">
        <metrics statements="4" coveredstatements="4" conditionals="0" coveredconditionals="0" methods="3" coveredmethods="3"/>
        <line num="11" count="7" type="stmt"/>
        <line num="13" count="7" type="stmt"/>
        <line num="15" count="3" type="stmt"/>
        <line num="19" count="2" type="stmt"/>
      </file>
      <file name="useErrorLogs.ts" path="C:\Users\wolkt\Desktop\10xDevs\10xMovies\myVOD\frontend\myVOD\src\hooks\useErrorLogs.ts">
        <metrics statements="3" coveredstatements="3" conditionals="11" coveredconditionals="11" methods="2" coveredmethods="2"/>
        <line num="14" count="14" type="stmt"/>
        <line num="24" count="14" type="stmt"/>
        <line num="26" count="10" type="stmt"/>
      </file>
      <file name="useIsStaff.ts" path="C:\Users\wolkt\Desktop\10xDevs\10xMovies\myVOD\frontend\myVOD\src\hooks\useIsStaff.ts">
        <metrics statements="2" coveredstatements="2" conditionals="0" coveredconditionals="0" methods="1" coveredmethods="1"/>
        <line num="10" count="24" type="stmt"/>
        <line num="11" count="24" type="stmt"/>
      </file>
      <file name="useListUserMovies.ts" path="C:\Users\wolkt\Desktop\10xDevs\10xMovies\myVOD\frontend\myVOD\src\hooks\useListUserMovies.ts">
        <metrics statements="2" coveredstatements="2" conditionals="3" coveredconditionals="3" methods="2" coveredmethods="2"/>
        <line num="14" count="8" type="stmt"/>
        <line num="16" count="4" type="stmt"/>
      </file>
      <file name="useLogin.ts" path="C:\Users\wolkt\Desktop\10xDevs\10xMovies\myVOD\frontend\myVOD\src\hooks\useLogin.ts">
        <metrics statements="1" coveredstatements="1" conditionals="0" coveredconditionals="0" methods="1" coveredmethods="1"/>
        <line num="12" count="10" type="stmt"/>
      </file>
      <file name="useMovieSearch.ts" path="C:\Users\wolkt\Desktop\10xDevs\10xMovies\myVOD\frontend\myVOD\src\hooks\useMovieSearch.ts">
        <metrics statements="32" coveredstatements="26" conditionals="22" coveredconditionals="15" methods="7" coveredmethods="6"/>
        <line num="14" count="4" type="cond" truecount="1" falsecount="1"/>
        <line num="15" count="0" type="stmt"/>
        <line num="18" count="4" type="cond" truecount="2" falsecount="2"/>
        <line num="19" count="0" type="stmt"/>
        <line num="22" count="4" type="cond" truecount="3" falsecount="1"/>
        <line num="23" count="0" type="stmt"/>
        <line num="24" count="0" type="stmt"/>
        <line num="27" count="4" type="stmt"/>
        <line num="34" count="29" type="stmt"/>
        <line num="51" count="76" type="stmt"/>
        <line num="52" count="76" type="stmt"/>
        <line num="59" count="76" type="stmt"/>
        <line num="62" count="19" type="stmt"/>
        <line num="63" count="19" type="stmt"/>
        <line num="64" count="19" type="stmt"/>
        <line num="66" count="14" type="stmt"/>
        <line num="68" count="4" type="cond" truecount="1" falsecount="1"/>
        <line num="69" count="0" type="stmt"/>
        <line num="73" count="0" type="stmt"/>
        <line num="76" count="4" type="stmt"/>
        <line num="84" count="76" type="stmt"/>
        <line num="85" count="55" type="cond" truecount="2" falsecount="0"/>
        <line num="86" count="42" type="stmt"/>
        <line num="89" count="13" type="stmt"/>
        <line num="90" count="13" type="stmt"/>
        <line num="91" count="13" type="stmt"/>
        <line num="92" count="13" type="cond" truecount="1" falsecount="1"/>
        <line num="94" count="55" type="cond" truecount="4" falsecount="0"/>
        <line num="95" count="13" type="cond" truecount="1" falsecount="1"/>
        <line num="96" count="13" type="stmt"/>
        <line num="104" count="13" type="stmt"/>
        <line num="112" count="76" type="stmt"/>
      </file>
      <file name="useOnboardingStatus.ts" path="C:\Users\wolkt\Desktop\10xDevs\10xMovies\myVOD\frontend\myVOD\src\hooks\useOnboardingStatus.ts">
        <metrics statements="33" coveredstatements="33" conditionals="28" coveredconditionals="28" methods="7" coveredmethods="7"/>
        <line num="15" count="3" type="stmt"/>
        <line num="26" count="3" type="stmt"/>
        <line num="32" count="9" type="cond" truecount="1" falsecount="0"/>
        <line num="34" count="9" type="stmt"/>
        <line num="41" count="9" type="cond" truecount="4" falsecount="0"/>
        <line num="42" count="1" type="stmt"/>
        <line num="45" count="8" type="cond" truecount="2" falsecount="0"/>
        <line num="46" count="4" type="stmt"/>
        <line num="49" count="9" type="stmt"/>
        <line num="50" count="15" type="stmt"/>
        <line num="51" count="15" type="cond" truecount="2" falsecount="0"/>
        <line num="52" count="5" type="stmt"/>
        <line num="56" count="3" type="stmt"/>
        <line num="65" count="47" type="stmt"/>
        <line num="75" count="47" type="stmt"/>
        <line num="77" count="23" type="stmt"/>
        <line num="85" count="47" type="stmt"/>
        <line num="87" count="23" type="stmt"/>
        <line num="91" count="47" type="cond" truecount="3" falsecount="0"/>
        <line num="94" count="47" type="cond" truecount="2" falsecount="0"/>
        <line num="95" count="47" type="stmt"/>
        <line num="96" count="47" type="stmt"/>
        <line num="99" count="47" type="stmt"/>
        <line num="101" count="47" type="cond" truecount="2" falsecount="0"/>
        <line num="102" count="20" type="cond" truecount="2" falsecount="0"/>
        <line num="103" count="4" type="stmt"/>
        <line num="104" count="16" type="cond" truecount="2" falsecount="0"/>
        <line num="105" count="4" type="stmt"/>
        <line num="106" count="12" type="cond" truecount="2" falsecount="0"/>
        <line num="107" count="4" type="stmt"/>
        <line num="111" count="47" type="cond" truecount="3" falsecount="0"/>
        <line num="113" count="47" type="stmt"/>
        <line num="119" count="47" type="stmt"/>
      </file>
      <file name="useOnboardingWatchedController.ts" path="C:\Users\wolkt\Desktop\10xDevs\10xMovies\myVOD\frontend\myVOD\src\hooks\useOnboardingWatchedController.ts">
        <metrics statements="94" coveredstatements="83" conditionals="34" coveredconditionals="24" methods="28" coveredmethods="24"/>
        <line num="25" count="35" type="stmt"/>
        <line num="26" count="35" type="stmt"/>
        <line num="28" count="35" type="stmt"/>
        <line num="29" count="35" type="stmt"/>
        <line num="30" count="35" type="stmt"/>
        <line num="31" count="35" type="stmt"/>
        <line num="32" count="35" type="stmt"/>
        <line num="34" count="35" type="stmt"/>
        <line num="37" count="35" type="stmt"/>
        <line num="40" count="11" type="stmt"/>
        <line num="45" count="35" type="stmt"/>
        <line num="46" count="18" type="cond" truecount="2" falsecount="0"/>
        <line num="47" count="1" type="stmt"/>
        <line num="50" count="17" type="cond" truecount="4" falsecount="0"/>
        <line num="51" count="15" type="stmt"/>
        <line num="54" count="2" type="stmt"/>
        <line num="56" count="5" type="stmt"/>
        <line num="66" count="2" type="stmt"/>
        <line num="67" count="2" type="stmt"/>
        <line num="71" count="35" type="stmt"/>
        <line num="72" count="1" type="stmt"/>
        <line num="75" count="1" type="stmt"/>
        <line num="80" count="35" type="stmt"/>
        <line num="83" count="1" type="stmt"/>
        <line num="91" count="35" type="stmt"/>
        <line num="93" count="16" type="cond" truecount="2" falsecount="0"/>
        <line num="94" count="1" type="stmt"/>
        <line num="95" count="1" type="stmt"/>
        <line num="99" count="15" type="stmt"/>
        <line num="109" count="15" type="stmt"/>
        <line num="111" count="15" type="stmt"/>
        <line num="112" count="15" type="stmt"/>
        <line num="113" count="15" type="stmt"/>
        <line num="115" count="15" type="stmt"/>
        <line num="116" count="15" type="stmt"/>
        <line num="121" count="11" type="stmt"/>
        <line num="123" count="11" type="cond" truecount="2" falsecount="0"/>
        <line num="124" count="2" type="stmt"/>
        <line num="126" count="9" type="stmt"/>
        <line num="129" count="11" type="stmt"/>
        <line num="130" count="11" type="stmt"/>
        <line num="131" count="17" type="cond" truecount="2" falsecount="0"/>
        <line num="137" count="11" type="stmt"/>
        <line num="140" count="4" type="cond" truecount="2" falsecount="0"/>
        <line num="141" count="2" type="stmt"/>
        <line num="142" count="2" type="stmt"/>
        <line num="144" count="2" type="cond" truecount="2" falsecount="0"/>
        <line num="145" count="1" type="stmt"/>
        <line num="146" count="1" type="stmt"/>
        <line num="148" count="1" type="stmt"/>
        <line num="149" count="1" type="stmt"/>
        <line num="150" count="1" type="cond" truecount="1" falsecount="1"/>
        <line num="156" count="1" type="stmt"/>
        <line num="158" count="1" type="stmt"/>
        <line num="161" count="2" type="stmt"/>
        <line num="167" count="3" type="stmt"/>
        <line num="170" count="3" type="cond" truecount="1" falsecount="1"/>
        <line num="171" count="0" type="stmt"/>
        <line num="172" count="3" type="cond" truecount="1" falsecount="1"/>
        <line num="173" count="0" type="stmt"/>
        <line num="175" count="3" type="cond" truecount="1" falsecount="1"/>
        <line num="178" count="3" type="stmt"/>
        <line num="187" count="35" type="stmt"/>
        <line num="188" count="2" type="cond" truecount="1" falsecount="1"/>
        <line num="190" count="0" type="stmt"/>
        <line num="191" count="0" type="stmt"/>
        <line num="195" count="2" type="stmt"/>
        <line num="196" count="2" type="stmt"/>
        <line num="197" count="2" type="cond" truecount="1" falsecount="1"/>
        <line num="201" count="2" type="stmt"/>
        <line num="202" count="2" type="cond" truecount="2" falsecount="0"/>
        <line num="204" count="1" type="stmt"/>
        <line num="205" count="1" type="stmt"/>
        <line num="208" count="1" type="stmt"/>
        <line num="212" count="1" type="stmt"/>
        <line num="216" count="2" type="stmt"/>
        <line num="220" count="0" type="stmt"/>
        <line num="221" count="0" type="stmt"/>
        <line num="222" count="0" type="cond" truecount="0" falsecount="2"/>
        <line num="227" count="0" type="cond" truecount="0" falsecount="2"/>
        <line num="228" count="0" type="stmt"/>
        <line num="230" count="0" type="stmt"/>
        <line num="233" count="0" type="stmt"/>
        <line num="240" count="35" type="stmt"/>
        <line num="241" count="1" type="stmt"/>
        <line num="244" count="1" type="stmt"/>
        <line num="245" count="1" type="stmt"/>
        <line num="246" count="1" type="stmt"/>
        <line num="252" count="35" type="stmt"/>
        <line num="253" count="1" type="stmt"/>
        <line num="256" count="1" type="stmt"/>
        <line num="257" count="1" type="stmt"/>
        <line num="261" count="35" type="stmt"/>
        <line num="268" count="35" type="stmt"/>
      </file>
      <file name="usePatchUserMovie.ts" path="C:\Users\wolkt\Desktop\10xDevs\10xMovies\myVOD\frontend\myVOD\src\hooks\usePatchUserMovie.ts">
        <metrics statements="4" coveredstatements="4" conditionals="0" coveredconditionals="0" methods="3" coveredmethods="3"/>
        <line num="17" count="7" type="stmt"/>
        <line num="19" count="7" type="stmt"/>
        <line num="21" count="3" type="stmt"/>
        <line num="25" count="2" type="stmt"/>
      </file>
      <file name="useRegister.ts" path="C:\Users\wolkt\Desktop\10xDevs\10xMovies\myVOD\frontend\myVOD\src\hooks\useRegister.ts">
        <metrics statements="1" coveredstatements="1" conditionals="0" coveredconditionals="0" methods="1" coveredmethods="1"/>
        <line num="15" count="10" type="stmt"/>
      </file>
      <file name="useTheme.ts" path="C:\Users\wolkt\Desktop\10xDevs\10xMovies\myVOD\frontend\myVOD\src\hooks\useTheme.ts">
        <metrics statements="27" coveredstatements="20" conditionals="20" coveredconditionals="7" methods="9" coveredmethods="6"/>
        <line num="8" count="131" type="stmt"/>
        <line num="9" count="44" type="cond" truecount="1" falsecount="1"/>
        <line num="12" count="44" type="stmt"/>
        <line num="13" count="44" type="cond" truecount="2" falsecount="0"/>
        <line num="14" count="40" type="stmt"/>
        <line num="18" count="4" type="stmt"/>
        <line num="19" count="4" type="cond" truecount="3" falsecount="1"/>
        <line num="20" count="0" type="stmt"/>
        <line num="24" count="4" type="stmt"/>
        <line num="27" count="131" type="stmt"/>
        <line num="30" count="131" type="stmt"/>
        <line num="31" count="44" type="stmt"/>
        <line num="33" count="44" type="cond" truecount="1" falsecount="1"/>
        <line num="34" count="44" type="stmt"/>
        <line num="36" count="0" type="stmt"/>
        <line num="40" count="44" type="stmt"/>
        <line num="44" count="131" type="stmt"/>
        <line num="45" count="44" type="stmt"/>
        <line num="46" count="0" type="cond" truecount="0" falsecount="4"/>
        <line num="47" count="0" type="stmt"/>
        <line num="48" count="0" type="cond" truecount="0" falsecount="4"/>
        <line num="49" count="0" type="stmt"/>
        <line num="54" count="44" type="stmt"/>
        <line num="55" count="44" type="stmt"/>
        <line num="59" count="131" type="stmt"/>
        <line num="60" count="0" type="cond" truecount="0" falsecount="2"/>
        <line num="63" count="131" type="stmt"/>
      </file>
      <file name="useTopMovies.ts" path="C:\Users\wolkt\Desktop\10xDevs\10xMovies\myVOD\frontend\myVOD\src\hooks\useTopMovies.ts">
        <metrics statements="2" coveredstatements="2" conditionals="0" coveredconditionals="0" methods="2" coveredmethods="2"/>
        <line num="13" count="14" type="stmt"/>
        <line num="15" count="9" type="stmt"/>
      </file>
      <file name="useUserMoviesWatched.ts" path="C:\Users\wolkt\Desktop\10xDevs\10xMovies\myVOD\frontend\myVOD\src\hooks\useUserMoviesWatched.ts">
        <metrics statements="45" coveredstatements="25" conditionals="37" coveredconditionals="19" methods="16" coveredmethods="10"/>
        <line num="13" count="6" type="stmt"/>
        <line num="14" count="6" type="stmt"/>
        <line num="15" count="6" type="stmt"/>
        <line num="21" count="0" type="stmt"/>
        <line num="31" count="14" type="stmt"/>
        <line num="32" count="7" type="stmt"/>
        <line num="33" count="3" type="cond" truecount="2" falsecount="0"/>
        <line num="36" count="7" type="stmt"/>
        <line num="56" count="4" type="stmt"/>
        <line num="58" count="3" type="cond" truecount="3" falsecount="1"/>
        <line num="59" count="3" type="cond" truecount="2" falsecount="0"/>
        <line num="60" count="2" type="cond" truecount="1" falsecount="1"/>
        <line num="62" count="2" type="stmt"/>
        <line num="63" count="2" type="stmt"/>
        <line num="64" count="2" type="stmt"/>
        <line num="72" count="0" type="stmt"/>
        <line num="73" count="0" type="cond" truecount="0" falsecount="2"/>
        <line num="74" count="0" type="cond" truecount="0" falsecount="2"/>
        <line num="75" count="0" type="stmt"/>
        <line num="80" count="0" type="stmt"/>
        <line num="81" count="0" type="cond" truecount="0" falsecount="2"/>
        <line num="82" count="0" type="cond" truecount="0" falsecount="2"/>
        <line num="83" count="0" type="stmt"/>
        <line num="88" count="0" type="stmt"/>
        <line num="89" count="0" type="cond" truecount="0" falsecount="2"/>
        <line num="90" count="0" type="cond" truecount="0" falsecount="2"/>
        <line num="91" count="0" type="stmt"/>
        <line num="105" count="11" type="stmt"/>
        <line num="107" count="7" type="cond" truecount="2" falsecount="0"/>
        <line num="111" count="11" type="stmt"/>
        <line num="112" count="11" type="cond" truecount="2" falsecount="0"/>
        <line num="113" count="7" type="stmt"/>
        <line num="120" count="7" type="stmt"/>
        <line num="123" count="4" type="cond" truecount="1" falsecount="4"/>
        <line num="125" count="4" type="stmt"/>
        <line num="126" count="4" type="stmt"/>
        <line num="128" count="0" type="stmt"/>
        <line num="129" count="0" type="stmt"/>
        <line num="131" count="0" type="stmt"/>
        <line num="132" count="0" type="stmt"/>
        <line num="134" count="0" type="stmt"/>
        <line num="135" count="0" type="stmt"/>
        <line num="137" count="0" type="stmt"/>
        <line num="140" count="4" type="stmt"/>
        <line num="146" count="11" type="stmt"/>
      </file>
      <file name="useWatchedActions.ts" path="C:\Users\wolkt\Desktop\10xDevs\10xMovies\myVOD\frontend\myVOD\src\hooks\useWatchedActions.ts">
        <metrics statements="29" coveredstatements="14" conditionals="10" coveredconditionals="4" methods="17" coveredmethods="8"/>
        <line num="11" count="13" type="stmt"/>
        <line num="13" count="13" type="stmt"/>
        <line num="15" count="6" type="stmt"/>
        <line num="19" count="6" type="stmt"/>
        <line num="22" count="6" type="stmt"/>
        <line num="25" count="6" type="stmt"/>
        <line num="26" count="6" type="cond" truecount="2" falsecount="0"/>
        <line num="30" count="6" type="stmt"/>
        <line num="33" count="4" type="stmt"/>
        <line num="37" count="2" type="cond" truecount="2" falsecount="0"/>
        <line num="38" count="1" type="stmt"/>
        <line num="40" count="2" type="stmt"/>
        <line num="44" count="6" type="stmt"/>
        <line num="46" count="6" type="stmt"/>
        <line num="57" count="0" type="stmt"/>
        <line num="59" count="0" type="stmt"/>
        <line num="61" count="0" type="stmt"/>
        <line num="64" count="0" type="stmt"/>
        <line num="65" count="0" type="stmt"/>
        <line num="68" count="0" type="stmt"/>
        <line num="71" count="0" type="stmt"/>
        <line num="72" count="0" type="cond" truecount="0" falsecount="2"/>
        <line num="75" count="0" type="stmt"/>
        <line num="78" count="0" type="cond" truecount="0" falsecount="2"/>
        <line num="79" count="0" type="stmt"/>
        <line num="83" count="0" type="cond" truecount="0" falsecount="2"/>
        <line num="84" count="0" type="stmt"/>
        <line num="86" count="0" type="stmt"/>
        <line num="90" count="0" type="stmt"/>
      </file>
      <file name="useWatchedPreferences.ts" path="C:\Users\wolkt\Desktop\10xDevs\10xMovies\myVOD\frontend\myVOD\src\hooks\useWatchedPreferences.ts">
        <metrics statements="122" coveredstatements="87" conditionals="68" coveredconditionals="32" methods="18" coveredmethods="18"/>
        <line num="4" count="1" type="stmt"/>
        <line num="5" count="1" type="stmt"/>
        <line num="6" count="1" type="stmt"/>
        <line num="7" count="1" type="stmt"/>
        <line num="9" count="1" type="stmt"/>
        <line num="10" count="1" type="stmt"/>
        <line num="11" count="1" type="stmt"/>
        <line num="13" count="1" type="stmt"/>
        <line num="14" count="1" type="stmt"/>
        <line num="16" count="1" type="stmt"/>
        <line num="22" count="89" type="cond" truecount="1" falsecount="1"/>
        <line num="23" count="0" type="stmt"/>
        <line num="26" count="89" type="stmt"/>
        <line num="27" count="89" type="stmt"/>
        <line num="29" count="0" type="cond" truecount="0" falsecount="2"/>
        <line num="30" count="0" type="stmt"/>
        <line num="32" count="0" type="stmt"/>
        <line num="37" count="15" type="stmt"/>
        <line num="39" count="15" type="cond" truecount="1" falsecount="1"/>
        <line num="40" count="0" type="stmt"/>
        <line num="43" count="15" type="stmt"/>
        <line num="44" count="15" type="stmt"/>
        <line num="46" count="15" type="cond" truecount="2" falsecount="0"/>
        <line num="47" count="12" type="stmt"/>
        <line num="50" count="3" type="stmt"/>
        <line num="52" count="3" type="cond" truecount="1" falsecount="1"/>
        <line num="53" count="3" type="cond" truecount="2" falsecount="0"/>
        <line num="54" count="1" type="stmt"/>
        <line num="56" count="3" type="stmt"/>
        <line num="59" count="0" type="stmt"/>
        <line num="60" count="0" type="stmt"/>
        <line num="62" count="0" type="cond" truecount="0" falsecount="2"/>
        <line num="63" count="0" type="stmt"/>
        <line num="65" count="0" type="stmt"/>
        <line num="70" count="60" type="stmt"/>
        <line num="72" count="60" type="cond" truecount="1" falsecount="1"/>
        <line num="73" count="0" type="stmt"/>
        <line num="76" count="60" type="stmt"/>
        <line num="77" count="60" type="stmt"/>
        <line num="79" count="0" type="cond" truecount="0" falsecount="2"/>
        <line num="80" count="0" type="stmt"/>
        <line num="86" count="4" type="cond" truecount="1" falsecount="1"/>
        <line num="87" count="4" type="stmt"/>
        <line num="90" count="0" type="stmt"/>
        <line num="94" count="5" type="cond" truecount="2" falsecount="0"/>
        <line num="95" count="4" type="stmt"/>
        <line num="98" count="1" type="cond" truecount="1" falsecount="1"/>
        <line num="99" count="1" type="stmt"/>
        <line num="102" count="0" type="stmt"/>
        <line num="118" count="16" type="stmt"/>
        <line num="119" count="8" type="stmt"/>
        <line num="120" count="8" type="cond" truecount="1" falsecount="1"/>
        <line num="121" count="0" type="stmt"/>
        <line num="124" count="8" type="stmt"/>
        <line num="125" count="15" type="cond" truecount="2" falsecount="0"/>
        <line num="127" count="8" type="stmt"/>
        <line num="128" count="8" type="stmt"/>
        <line num="129" count="8" type="cond" truecount="2" falsecount="0"/>
        <line num="130" count="1" type="stmt"/>
        <line num="133" count="0" type="cond" truecount="0" falsecount="2"/>
        <line num="134" count="0" type="stmt"/>
        <line num="138" count="7" type="stmt"/>
        <line num="139" count="7" type="stmt"/>
        <line num="140" count="7" type="cond" truecount="1" falsecount="1"/>
        <line num="141" count="0" type="stmt"/>
        <line num="143" count="7" type="stmt"/>
        <line num="144" count="7" type="cond" truecount="1" falsecount="1"/>
        <line num="145" count="0" type="stmt"/>
        <line num="148" count="0" type="cond" truecount="0" falsecount="2"/>
        <line num="149" count="0" type="stmt"/>
        <line num="153" count="7" type="stmt"/>
        <line num="156" count="8" type="stmt"/>
        <line num="158" count="8" type="stmt"/>
        <line num="159" count="8" type="stmt"/>
        <line num="160" count="15" type="cond" truecount="2" falsecount="0"/>
        <line num="161" count="14" type="cond" truecount="1" falsecount="1"/>
        <line num="162" count="14" type="stmt"/>
        <line num="165" count="8" type="cond" truecount="1" falsecount="1"/>
        <line num="166" count="8" type="stmt"/>
        <line num="167" count="8" type="stmt"/>
        <line num="168" count="8" type="cond" truecount="2" falsecount="0"/>
        <line num="169" count="1" type="stmt"/>
        <line num="172" count="0" type="cond" truecount="0" falsecount="2"/>
        <line num="173" count="0" type="stmt"/>
        <line num="178" count="7" type="stmt"/>
        <line num="179" count="7" type="cond" truecount="1" falsecount="1"/>
        <line num="180" count="7" type="stmt"/>
        <line num="181" count="7" type="stmt"/>
        <line num="182" count="7" type="cond" truecount="1" falsecount="1"/>
        <line num="183" count="0" type="stmt"/>
        <line num="186" count="0" type="cond" truecount="0" falsecount="2"/>
        <line num="187" count="0" type="stmt"/>
        <line num="192" count="7" type="stmt"/>
        <line num="195" count="8" type="stmt"/>
        <line num="202" count="16" type="stmt"/>
        <line num="203" count="15" type="stmt"/>
        <line num="204" count="15" type="stmt"/>
        <line num="205" count="15" type="stmt"/>
        <line num="206" count="15" type="stmt"/>
        <line num="208" count="15" type="cond" truecount="1" falsecount="1"/>
        <line num="209" count="15" type="stmt"/>
        <line num="210" count="15" type="stmt"/>
        <line num="211" count="15" type="stmt"/>
        <line num="213" count="0" type="cond" truecount="0" falsecount="2"/>
[...]
        <line num="21" count="11" type="stmt"/>
        <line num="26" count="33" type="stmt"/>
      </file>
      <file name="RegisterForm.tsx" path="C:\Users\wolkt\Desktop\10xDevs\10xMovies\myVOD\frontend\myVOD\src\pages\auth\components\RegisterForm.tsx">
        <metrics statements="25" coveredstatements="25" conditionals="30" coveredconditionals="30" methods="9" coveredmethods="9"/>
        <line num="29" count="227" type="stmt"/>
        <line num="30" count="227" type="stmt"/>
        <line num="32" count="227" type="stmt"/>
        <line num="33" count="227" type="stmt"/>
        <line num="34" count="227" type="stmt"/>
        <line num="36" count="227" type="stmt"/>
        <line num="47" count="227" type="stmt"/>
        <line num="49" count="227" type="stmt"/>
        <line num="51" count="8" type="stmt"/>
        <line num="54" count="8" type="stmt"/>
        <line num="59" count="8" type="stmt"/>
        <line num="63" count="2" type="stmt"/>
        <line num="71" count="4" type="stmt"/>
        <line num="74" count="4" type="cond" truecount="2" falsecount="0"/>
        <line num="75" count="1" type="stmt"/>
        <line num="81" count="4" type="cond" truecount="2" falsecount="0"/>
        <line num="82" count="1" type="stmt"/>
        <line num="89" count="4" type="cond" truecount="2" falsecount="0"/>
        <line num="90" count="2" type="stmt"/>
        <line num="96" count="227" type="stmt"/>
        <line num="107" count="364" type="stmt"/>
        <line num="132" count="235" type="stmt"/>
        <line num="151" count="3" type="stmt"/>
        <line num="176" count="321" type="stmt"/>
        <line num="195" count="1" type="stmt"/>
      </file>
    </package>
    <package name="pages.onboarding">
      <metrics statements="188" coveredstatements="128" conditionals="86" coveredconditionals="59" methods="39" coveredmethods="23"/>
      <file name="OnboardingAddPage.tsx" path="C:\Users\wolkt\Desktop\10xDevs\10xMovies\myVOD\frontend\myVOD\src\pages\onboarding\OnboardingAddPage.tsx">
        <metrics statements="92" coveredstatements="37" conditionals="34" coveredconditionals="11" methods="21" coveredmethods="6"/>
        <line num="24" count="22" type="stmt"/>
        <line num="25" count="22" type="stmt"/>
        <line num="26" count="22" type="stmt"/>
        <line num="27" count="22" type="stmt"/>
        <line num="28" count="22" type="stmt"/>
        <line num="29" count="22" type="stmt"/>
        <line num="30" count="22" type="stmt"/>
        <line num="32" count="22" type="stmt"/>
        <line num="33" count="22" type="stmt"/>
        <line num="34" count="22" type="stmt"/>
        <line num="36" count="22" type="stmt"/>
        <line num="39" count="22" type="stmt"/>
        <line num="40" count="17" type="cond" truecount="1" falsecount="1"/>
        <line num="41" count="0" type="stmt"/>
        <line num="44" count="17" type="cond" truecount="4" falsecount="0"/>
        <line num="45" count="13" type="stmt"/>
        <line num="48" count="4" type="stmt"/>
        <line num="50" count="9" type="stmt"/>
        <line num="58" count="4" type="stmt"/>
        <line num="59" count="9" type="stmt"/>
        <line num="60" count="4" type="cond" truecount="2" falsecount="0"/>
        <line num="61" count="2" type="stmt"/>
        <line num="63" count="4" type="stmt"/>
        <line num="66" count="22" type="stmt"/>
        <line num="68" count="0" type="cond" truecount="0" falsecount="2"/>
        <line num="69" count="0" type="stmt"/>
        <line num="72" count="0" type="stmt"/>
        <line num="74" count="0" type="stmt"/>
        <line num="82" count="0" type="stmt"/>
        <line num="83" count="0" type="stmt"/>
        <line num="84" count="0" type="cond" truecount="0" falsecount="2"/>
        <line num="85" count="0" type="stmt"/>
        <line num="87" count="0" type="stmt"/>
        <line num="89" count="0" type="stmt"/>
        <line num="92" count="0" type="stmt"/>
        <line num="94" count="0" type="stmt"/>
        <line num="95" count="0" type="stmt"/>
        <line num="96" count="0" type="cond" truecount="0" falsecount="2"/>
        <line num="101" count="0" type="stmt"/>
        <line num="105" count="0" type="stmt"/>
        <line num="106" count="0" type="stmt"/>
        <line num="107" count="0" type="stmt"/>
        <line num="108" count="0" type="stmt"/>
        <line num="109" count="0" type="stmt"/>
        <line num="113" count="0" type="cond" truecount="0" falsecount="2"/>
        <line num="115" count="0" type="stmt"/>
        <line num="116" count="0" type="stmt"/>
        <line num="117" count="0" type="cond" truecount="0" falsecount="2"/>
        <line num="119" count="0" type="stmt"/>
        <line num="120" count="0" type="cond" truecount="0" falsecount="2"/>
        <line num="122" count="0" type="stmt"/>
        <line num="125" count="0" type="stmt"/>
        <line num="131" count="22" type="stmt"/>
        <line num="132" count="0" type="cond" truecount="0" falsecount="2"/>
        <line num="133" count="0" type="stmt"/>
        <line num="136" count="0" type="stmt"/>
        <line num="137" count="0" type="stmt"/>
        <line num="138" count="0" type="stmt"/>
        <line num="139" count="0" type="stmt"/>
        <line num="142" count="0" type="stmt"/>
        <line num="143" count="0" type="cond" truecount="0" falsecount="2"/>
        <line num="144" count="0" type="stmt"/>
        <line num="147" count="0" type="stmt"/>
        <line num="148" count="0" type="stmt"/>
        <line num="149" count="0" type="stmt"/>
        <line num="150" count="0" type="stmt"/>
        <line num="151" count="0" type="stmt"/>
        <line num="154" count="0" type="stmt"/>
        <line num="156" count="0" type="stmt"/>
        <line num="158" count="0" type="cond" truecount="0" falsecount="4"/>
        <line num="159" count="0" type="stmt"/>
        <line num="160" count="0" type="stmt"/>
        <line num="163" count="0" type="cond" truecount="0" falsecount="2"/>
        <line num="164" count="0" type="stmt"/>
        <line num="166" count="0" type="stmt"/>
        <line num="169" count="0" type="stmt"/>
        <line num="170" count="0" type="stmt"/>
        <line num="171" count="0" type="stmt"/>
        <line num="172" count="0" type="stmt"/>
        <line num="177" count="22" type="stmt"/>
        <line num="179" count="1" type="stmt"/>
        <line num="180" count="1" type="stmt"/>
        <line num="181" count="1" type="stmt"/>
        <line num="184" count="22" type="stmt"/>
        <line num="185" count="2" type="cond" truecount="2" falsecount="0"/>
        <line num="186" count="1" type="stmt"/>
        <line num="187" count="1" type="stmt"/>
        <line num="188" count="1" type="stmt"/>
        <line num="191" count="1" type="stmt"/>
        <line num="192" count="1" type="stmt"/>
        <line num="196" count="22" type="stmt"/>
        <line num="199" count="22" type="stmt"/>
      </file>
      <file name="OnboardingPlatformsPage.tsx" path="C:\Users\wolkt\Desktop\10xDevs\10xMovies\myVOD\frontend\myVOD\src\pages\onboarding\OnboardingPlatformsPage.tsx">
        <metrics statements="77" coveredstatements="72" conditionals="44" coveredconditionals="40" methods="14" coveredmethods="13"/>
        <line num="20" count="97" type="stmt"/>
        <line num="21" count="97" type="stmt"/>
        <line num="24" count="97" type="stmt"/>
        <line num="25" count="97" type="stmt"/>
        <line num="28" count="97" type="stmt"/>
        <line num="31" count="97" type="stmt"/>
        <line num="36" count="97" type="stmt"/>
        <line num="43" count="97" type="stmt"/>
        <line num="49" count="97" type="stmt"/>
        <line num="53" count="7" type="stmt"/>
        <line num="55" count="7" type="stmt"/>
        <line num="63" count="7" type="stmt"/>
        <line num="66" count="3" type="stmt"/>
        <line num="67" count="3" type="stmt"/>
        <line num="68" count="3" type="stmt"/>
        <line num="71" count="3" type="cond" truecount="4" falsecount="0"/>
        <line num="72" count="1" type="stmt"/>
        <line num="73" count="1" type="stmt"/>
        <line num="79" count="97" type="stmt"/>
        <line num="80" count="2" type="cond" truecount="1" falsecount="1"/>
        <line num="81" count="0" type="stmt"/>
        <line num="84" count="2" type="stmt"/>
        <line num="86" count="2" type="cond" truecount="4" falsecount="0"/>
        <line num="87" count="1" type="stmt"/>
        <line num="90" count="1" type="cond" truecount="3" falsecount="1"/>
        <line num="91" count="0" type="stmt"/>
        <line num="94" count="1" type="cond" truecount="1" falsecount="1"/>
        <line num="95" count="1" type="stmt"/>
        <line num="98" count="0" type="stmt"/>
        <line num="102" count="97" type="stmt"/>
        <line num="103" count="28" type="cond" truecount="5" falsecount="0"/>
        <line num="104" count="2" type="stmt"/>
        <line num="109" count="97" type="stmt"/>
        <line num="110" count="59" type="cond" truecount="1" falsecount="1"/>
        <line num="111" count="0" type="stmt"/>
        <line num="114" count="59" type="cond" truecount="2" falsecount="0"/>
        <line num="115" count="37" type="stmt"/>
        <line num="118" count="22" type="stmt"/>
        <line num="119" count="22" type="stmt"/>
        <line num="120" count="22" type="stmt"/>
        <line num="124" count="97" type="stmt"/>
        <line num="125" count="12" type="stmt"/>
        <line num="126" count="12" type="stmt"/>
        <line num="127" count="12" type="cond" truecount="2" falsecount="0"/>
        <line num="128" count="3" type="stmt"/>
        <line num="130" count="9" type="stmt"/>
        <line num="132" count="12" type="stmt"/>
        <line num="136" count="12" type="cond" truecount="2" falsecount="0"/>
        <line num="137" count="2" type="stmt"/>
        <line num="142" count="97" type="stmt"/>
        <line num="143" count="14" type="stmt"/>
        <line num="146" count="14" type="cond" truecount="2" falsecount="0"/>
        <line num="147" count="3" type="stmt"/>
        <line num="148" count="3" type="stmt"/>
        <line num="149" count="3" type="stmt"/>
        <line num="153" count="11" type="stmt"/>
        <line num="154" count="11" type="cond" truecount="2" falsecount="0"/>
        <line num="155" count="1" type="stmt"/>
        <line num="156" count="1" type="stmt"/>
        <line num="157" count="1" type="stmt"/>
        <line num="160" count="10" type="stmt"/>
        <line num="163" count="10" type="stmt"/>
        <line num="164" count="10" type="stmt"/>
        <line num="168" count="97" type="stmt"/>
        <line num="169" count="1" type="stmt"/>
        <line num="170" count="1" type="stmt"/>
        <line num="172" count="1" type="stmt"/>
        <line num="173" count="1" type="stmt"/>
        <line num="177" count="129" type="stmt"/>
        <line num="185" count="97" type="stmt"/>
        <line num="189" count="97" type="cond" truecount="2" falsecount="0"/>
        <line num="190" count="44" type="stmt"/>
        <line num="201" count="220" type="stmt"/>
        <line num="211" count="53" type="cond" truecount="2" falsecount="0"/>
        <line num="212" count="2" type="stmt"/>
        <line num="226" count="0" type="stmt"/>
        <line num="238" count="51" type="stmt"/>
      </file>
      <file name="OnboardingWatchedPage.tsx" path="C:\Users\wolkt\Desktop\10xDevs\10xMovies\myVOD\frontend\myVOD\src\pages\onboarding\OnboardingWatchedPage.tsx">
        <metrics statements="19" coveredstatements="19" conditionals="8" coveredconditionals="8" methods="4" coveredmethods="4"/>
        <line num="19" count="11" type="stmt"/>
        <line num="20" count="11" type="stmt"/>
        <line num="21" count="11" type="stmt"/>
        <line num="23" count="11" type="stmt"/>
        <line num="24" count="12" type="stmt"/>
        <line num="26" count="11" type="stmt"/>
        <line num="27" count="2" type="stmt"/>
        <line num="28" count="2" type="stmt"/>
        <line num="31" count="11" type="stmt"/>
        <line num="32" count="3" type="cond" truecount="2" falsecount="0"/>
        <line num="33" count="2" type="stmt"/>
        <line num="34" count="2" type="stmt"/>
        <line num="35" count="2" type="stmt"/>
        <line num="38" count="1" type="stmt"/>
        <line num="39" count="1" type="stmt"/>
        <line num="43" count="11" type="stmt"/>
        <line num="46" count="11" type="cond" truecount="2" falsecount="0"/>
        <line num="50" count="11" type="cond" truecount="2" falsecount="0"/>
        <line num="54" count="11" type="stmt"/>
      </file>
    </package>
    <package name="schemas">
      <metrics statements="7" coveredstatements="7" conditionals="0" coveredconditionals="0" methods="4" coveredmethods="4"/>
      <file name="login.schema.ts" path="C:\Users\wolkt\Desktop\10xDevs\10xMovies\myVOD\frontend\myVOD\src\schemas\login.schema.ts">
        <metrics statements="1" coveredstatements="1" conditionals="0" coveredconditionals="0" methods="0" coveredmethods="0"/>
        <line num="7" count="3" type="stmt"/>
      </file>
      <file name="register.schema.ts" path="C:\Users\wolkt\Desktop\10xDevs\10xMovies\myVOD\frontend\myVOD\src\schemas\register.schema.ts">
        <metrics statements="6" coveredstatements="6" conditionals="0" coveredconditionals="0" methods="4" coveredmethods="4"/>
        <line num="7" count="4" type="stmt"/>
        <line num="16" count="357" type="stmt"/>
        <line num="19" count="357" type="stmt"/>
        <line num="24" count="357" type="stmt"/>
        <line num="33" count="4" type="stmt"/>
        <line num="34" count="23" type="stmt"/>
      </file>
    </package>
    <package name="test">
      <metrics statements="2" coveredstatements="2" conditionals="2" coveredconditionals="2" methods="2" coveredmethods="2"/>
      <file name="utils.tsx" path="C:\Users\wolkt\Desktop\10xDevs\10xMovies\myVOD\frontend\myVOD\src\test\utils.tsx">
        <metrics statements="2" coveredstatements="2" conditionals="2" coveredconditionals="2" methods="2" coveredmethods="2"/>
        <line num="23" count="259" type="stmt"/>
        <line num="32" count="248" type="stmt"/>
      </file>
    </package>
    <package name="utils">
      <metrics statements="81" coveredstatements="67" conditionals="65" coveredconditionals="48" methods="11" coveredmethods="11"/>
      <file name="date-utils.ts" path="C:\Users\wolkt\Desktop\10xDevs\10xMovies\myVOD\frontend\myVOD\src\utils\date-utils.ts">
        <metrics statements="33" coveredstatements="28" conditionals="16" coveredconditionals="15" methods="3" coveredmethods="3"/>
        <line num="10" count="12" type="cond" truecount="2" falsecount="0"/>
        <line num="11" count="2" type="stmt"/>
        <line num="14" count="10" type="stmt"/>
        <line num="15" count="10" type="stmt"/>
        <line num="18" count="10" type="cond" truecount="2" falsecount="0"/>
        <line num="19" count="2" type="stmt"/>
        <line num="22" count="8" type="stmt"/>
        <line num="23" count="8" type="stmt"/>
        <line num="26" count="8" type="stmt"/>
        <line num="31" count="8" type="stmt"/>
        <line num="33" count="8" type="stmt"/>
        <line num="35" count="0" type="stmt"/>
        <line num="36" count="0" type="stmt"/>
        <line num="44" count="21" type="stmt"/>
        <line num="45" count="21" type="stmt"/>
        <line num="53" count="14" type="stmt"/>
        <line num="54" count="14" type="cond" truecount="1" falsecount="1"/>
        <line num="55" count="0" type="stmt"/>
        <line num="58" count="14" type="stmt"/>
        <line num="61" count="14" type="cond" truecount="2" falsecount="0"/>
        <line num="62" count="2" type="stmt"/>
        <line num="65" count="12" type="stmt"/>
        <line num="66" count="12" type="stmt"/>
        <line num="67" count="12" type="stmt"/>
        <line num="68" count="12" type="stmt"/>
        <line num="69" count="12" type="stmt"/>
        <line num="71" count="12" type="cond" truecount="2" falsecount="0"/>
        <line num="72" count="8" type="cond" truecount="2" falsecount="0"/>
        <line num="73" count="6" type="cond" truecount="2" falsecount="0"/>
        <line num="74" count="4" type="cond" truecount="2" falsecount="0"/>
        <line num="77" count="2" type="stmt"/>
        <line num="79" count="0" type="stmt"/>
        <line num="80" count="0" type="stmt"/>
      </file>
      <file name="error-logger.ts" path="C:\Users\wolkt\Desktop\10xDevs\10xMovies\myVOD\frontend\myVOD\src\utils\error-logger.ts">
        <metrics statements="6" coveredstatements="6" conditionals="0" coveredconditionals="0" methods="4" coveredmethods="4"/>
        <line num="19" count="26" type="stmt"/>
        <line num="20" count="26" type="stmt"/>
        <line num="30" count="26" type="stmt"/>
        <line num="40" count="4" type="stmt"/>
        <line num="56" count="2" type="stmt"/>
        <line num="68" count="2" type="stmt"/>
      </file>
      <file name="mapRegisterError.ts" path="C:\Users\wolkt\Desktop\10xDevs\10xMovies\myVOD\frontend\myVOD\src\utils\mapRegisterError.ts">
        <metrics statements="42" coveredstatements="33" conditionals="49" coveredconditionals="33" methods="4" coveredmethods="4"/>
        <line num="8" count="1" type="stmt"/>
        <line num="9" count="16" type="cond" truecount="4" falsecount="0"/>
        <line num="10" count="2" type="stmt"/>
        <line num="13" count="14" type="cond" truecount="2" falsecount="0"/>
        <line num="14" count="2" type="stmt"/>
        <line num="15" count="2" type="cond" truecount="2" falsecount="0"/>
        <line num="17" count="2" type="cond" truecount="1" falsecount="1"/>
        <line num="18" count="2" type="stmt"/>
        <line num="22" count="12" type="stmt"/>
        <line num="25" count="1" type="stmt"/>
        <line num="26" count="4" type="cond" truecount="1" falsecount="1"/>
        <line num="27" count="0" type="stmt"/>
        <line num="30" count="4" type="cond" truecount="1" falsecount="1"/>
        <line num="31" count="0" type="stmt"/>
        <line num="34" count="4" type="cond" truecount="1" falsecount="1"/>
        <line num="35" count="0" type="stmt"/>
        <line num="38" count="4" type="stmt"/>
        <line num="44" count="4" type="cond" truecount="3" falsecount="1"/>
        <line num="48" count="4" type="stmt"/>
        <line num="50" count="4" type="cond" truecount="1" falsecount="2"/>
        <line num="52" count="4" type="cond" truecount="3" falsecount="1"/>
        <line num="53" count="0" type="cond" truecount="0" falsecount="2"/>
        <line num="54" count="0" type="cond" truecount="0" falsecount="2"/>
        <line num="57" count="4" type="stmt"/>
        <line num="65" count="4" type="stmt"/>
        <line num="66" count="4" type="stmt"/>
        <line num="68" count="4" type="cond" truecount="1" falsecount="1"/>
        <line num="69" count="0" type="stmt"/>
        <line num="70" count="0" type="stmt"/>
        <line num="73" count="4" type="stmt"/>
        <line num="74" count="4" type="stmt"/>
        <line num="76" count="4" type="cond" truecount="3" falsecount="0"/>
        <line num="80" count="4" type="cond" truecount="2" falsecount="0"/>
        <line num="81" count="1" type="stmt"/>
        <line num="84" count="4" type="cond" truecount="2" falsecount="0"/>
        <line num="85" count="1" type="stmt"/>
        <line num="88" count="4" type="cond" truecount="2" falsecount="0"/>
        <line num="89" count="2" type="stmt"/>
        <line num="92" count="4" type="cond" truecount="4" falsecount="1"/>
        <line num="93" count="0" type="stmt"/>
        <line num="94" count="0" type="cond" truecount="0" falsecount="2"/>
        <line num="97" count="4" type="stmt"/>
      </file>
    </package>
  </project>
</coverage>
