{"C:\\Users\\wolkt\\Desktop\\10xDevs\\10xMovies\\myVOD\\frontend\\myVOD\\src\\components\\ErrorView.tsx": {"path":"C:\\Users\\wolkt\\Desktop\\10xDevs\\10xMovies\\myVOD\\frontend\\myVOD\\src\\components\\ErrorView.tsx","statementMap":{"0":{"start":{"line":15,"column":24},"end":{"line":15,"column":null}},"1":{"start":{"line":17,"column":23},"end":{"line":30,"column":null}},"2":{"start":{"line":18,"column":4},"end":{"line":29,"column":null}},"3":{"start":{"line":20,"column":8},"end":{"line":20,"column":null}},"4":{"start":{"line":22,"column":8},"end":{"line":22,"column":null}},"5":{"start":{"line":24,"column":8},"end":{"line":24,"column":null}},"6":{"start":{"line":26,"column":8},"end":{"line":26,"column":null}},"7":{"start":{"line":28,"column":8},"end":{"line":28,"column":null}},"8":{"start":{"line":32,"column":2},"end":{"line":43,"column":null}},"9":{"start":{"line":34,"column":6},"end":{"line":34,"column":null}},"10":{"start":{"line":36,"column":6},"end":{"line":36,"column":null}},"11":{"start":{"line":38,"column":6},"end":{"line":38,"column":null}},"12":{"start":{"line":40,"column":6},"end":{"line":40,"column":null}},"13":{"start":{"line":42,"column":6},"end":{"line":42,"column":null}},"14":{"start":{"line":50,"column":2},"end":{"line":62,"column":null}},"15":{"start":{"line":53,"column":8},"end":{"line":60,"column":null}},"16":{"start":{"line":74,"column":2},"end":{"line":90,"column":null}}},"fnMap":{"0":{"name":"ErrorIllustration","decl":{"start":{"line":14,"column":9},"end":{"line":14,"column":27}},"loc":{"start":{"line":14,"column":64},"end":{"line":44,"column":null}},"line":14},"1":{"name":"(anonymous_1)","decl":{"start":{"line":17,"column":23},"end":{"line":17,"column":24}},"loc":{"start":{"line":17,"column":55},"end":{"line":30,"column":null}},"line":17},"2":{"name":"ErrorActions","decl":{"start":{"line":49,"column":9},"end":{"line":49,"column":22}},"loc":{"start":{"line":49,"column":75},"end":{"line":64,"column":null}},"line":49},"3":{"name":"(anonymous_3)","decl":{"start":{"line":52,"column":19},"end":{"line":52,"column":20}},"loc":{"start":{"line":53,"column":8},"end":{"line":60,"column":null}},"line":53},"4":{"name":"ErrorView","decl":{"start":{"line":73,"column":16},"end":{"line":73,"column":26}},"loc":{"start":{"line":73,"column":62},"end":{"line":92,"column":null}},"line":73}},"branchMap":{"0":{"loc":{"start":{"line":18,"column":4},"end":{"line":29,"column":null}},"type":"switch","locations":[{"start":{"line":19,"column":6},"end":{"line":20,"column":null}},{"start":{"line":21,"column":6},"end":{"line":22,"column":null}},{"start":{"line":23,"column":6},"end":{"line":24,"column":null}},{"start":{"line":25,"column":6},"end":{"line":26,"column":null}},{"start":{"line":27,"column":6},"end":{"line":28,"column":null}}],"line":18},"1":{"loc":{"start":{"line":32,"column":2},"end":{"line":43,"column":null}},"type":"switch","locations":[{"start":{"line":33,"column":4},"end":{"line":34,"column":null}},{"start":{"line":35,"column":4},"end":{"line":36,"column":null}},{"start":{"line":37,"column":4},"end":{"line":38,"column":null}},{"start":{"line":39,"column":4},"end":{"line":40,"column":null}},{"start":{"line":41,"column":4},"end":{"line":42,"column":null}}],"line":32},"2":{"loc":{"start":{"line":55,"column":19},"end":{"line":55,"column":null}},"type":"binary-expr","locations":[{"start":{"line":55,"column":19},"end":{"line":55,"column":37}},{"start":{"line":55,"column":37},"end":{"line":55,"column":null}}],"line":55}},"s":{"0":47,"1":47,"2":47,"3":17,"4":9,"5":15,"6":3,"7":3,"8":47,"9":17,"10":9,"11":15,"12":3,"13":3,"14":47,"15":86,"16":47},"f":{"0":47,"1":47,"2":47,"3":86,"4":47},"b":{"0":[17,9,15,3,3],"1":[17,9,15,3,3],"2":[86,22]},"meta":{"lastBranch":3,"lastFunction":5,"lastStatement":17,"seen":{"f:14:9:14:27":0,"s:15:24:15:Infinity":0,"s:17:23:30:Infinity":1,"f:17:23:17:24":1,"b:19:6:20:Infinity:21:6:22:Infinity:23:6:24:Infinity:25:6:26:Infinity:27:6:28:Infinity":0,"s:18:4:29:Infinity":2,"s:20:8:20:Infinity":3,"s:22:8:22:Infinity":4,"s:24:8:24:Infinity":5,"s:26:8:26:Infinity":6,"s:28:8:28:Infinity":7,"b:33:4:34:Infinity:35:4:36:Infinity:37:4:38:Infinity:39:4:40:Infinity:41:4:42:Infinity":1,"s:32:2:43:Infinity":8,"s:34:6:34:Infinity":9,"s:36:6:36:Infinity":10,"s:38:6:38:Infinity":11,"s:40:6:40:Infinity":12,"s:42:6:42:Infinity":13,"f:49:9:49:22":2,"s:50:2:62:Infinity":14,"f:52:19:52:20":3,"s:53:8:60:Infinity":15,"b:55:19:55:37:55:37:55:Infinity":2,"f:73:16:73:26":4,"s:74:2:90:Infinity":16}}}
,"C:\\Users\\wolkt\\Desktop\\10xDevs\\10xMovies\\myVOD\\frontend\\myVOD\\src\\components\\FallbackBanner.tsx": {"path":"C:\\Users\\wolkt\\Desktop\\10xDevs\\10xMovies\\myVOD\\frontend\\myVOD\\src\\components\\FallbackBanner.tsx","statementMap":{"0":{"start":{"line":31,"column":15},"end":{"line":31,"column":null}},"1":{"start":{"line":32,"column":23},"end":{"line":32,"column":null}},"2":{"start":{"line":34,"column":24},"end":{"line":34,"column":null}},"3":{"start":{"line":36,"column":2},"end":{"line":70,"column":null}}},"fnMap":{"0":{"name":"FallbackBanner","decl":{"start":{"line":23,"column":16},"end":{"line":23,"column":31}},"loc":{"start":{"line":30,"column":24},"end":{"line":72,"column":null}},"line":30}},"branchMap":{"0":{"loc":{"start":{"line":26,"column":2},"end":{"line":26,"column":null}},"type":"default-arg","locations":[{"start":{"line":26,"column":12},"end":{"line":26,"column":null}}],"line":26},"1":{"loc":{"start":{"line":29,"column":2},"end":{"line":29,"column":null}},"type":"default-arg","locations":[{"start":{"line":29,"column":22},"end":{"line":29,"column":null}}],"line":29},"2":{"loc":{"start":{"line":31,"column":15},"end":{"line":31,"column":null}},"type":"cond-expr","locations":[{"start":{"line":31,"column":39},"end":{"line":31,"column":55}},{"start":{"line":31,"column":55},"end":{"line":31,"column":null}}],"line":31},"3":{"loc":{"start":{"line":32,"column":23},"end":{"line":32,"column":null}},"type":"cond-expr","locations":[{"start":{"line":32,"column":47},"end":{"line":32,"column":63}},{"start":{"line":32,"column":63},"end":{"line":32,"column":null}}],"line":32},"4":{"loc":{"start":{"line":34,"column":24},"end":{"line":34,"column":null}},"type":"cond-expr","locations":[{"start":{"line":34,"column":30},"end":{"line":34,"column":90}},{"start":{"line":34,"column":90},"end":{"line":34,"column":null}}],"line":34},"5":{"loc":{"start":{"line":42,"column":11},"end":{"line":45,"column":null}},"type":"binary-expr","locations":[{"start":{"line":42,"column":11},"end":{"line":42,"column":null}},{"start":{"line":43,"column":12},"end":{"line":45,"column":null}}],"line":42},"6":{"loc":{"start":{"line":49,"column":11},"end":{"line":56,"column":null}},"type":"binary-expr","locations":[{"start":{"line":49,"column":11},"end":{"line":49,"column":null}},{"start":{"line":50,"column":12},"end":{"line":56,"column":null}}],"line":49},"7":{"loc":{"start":{"line":58,"column":11},"end":{"line":66,"column":null}},"type":"binary-expr","locations":[{"start":{"line":58,"column":11},"end":{"line":58,"column":32}},{"start":{"line":58,"column":32},"end":{"line":58,"column":null}},{"start":{"line":59,"column":12},"end":{"line":66,"column":null}}],"line":58}},"s":{"0":13,"1":13,"2":13,"3":13},"f":{"0":13},"b":{"0":[13],"1":[13],"2":[2,11],"3":[2,11],"4":[2,11],"5":[13,2],"6":[13,3],"7":[13,3,3]},"meta":{"lastBranch":8,"lastFunction":1,"lastStatement":4,"seen":{"f:23:16:23:31":0,"b:26:12:26:Infinity":0,"b:29:22:29:Infinity":1,"s:31:15:31:Infinity":0,"b:31:39:31:55:31:55:31:Infinity":2,"s:32:23:32:Infinity":1,"b:32:47:32:63:32:63:32:Infinity":3,"s:34:24:34:Infinity":2,"b:34:30:34:90:34:90:34:Infinity":4,"s:36:2:70:Infinity":3,"b:42:11:42:Infinity:43:12:45:Infinity":5,"b:49:11:49:Infinity:50:12:56:Infinity":6,"b:58:11:58:32:58:32:58:Infinity:59:12:66:Infinity":7}}}
,"C:\\Users\\wolkt\\Desktop\\10xDevs\\10xMovies\\myVOD\\frontend\\myVOD\\src\\components\\OfflineGuard.tsx": {"path":"C:\\Users\\wolkt\\Desktop\\10xDevs\\10xMovies\\myVOD\\frontend\\myVOD\\src\\components\\OfflineGuard.tsx","statementMap":{"0":{"start":{"line":27,"column":8},"end":{"line":27,"column":null}},"1":{"start":{"line":28,"column":32},"end":{"line":28,"column":null}},"2":{"start":{"line":30,"column":2},"end":{"line":50,"column":null}},"3":{"start":{"line":31,"column":25},"end":{"line":34,"column":null}},"4":{"start":{"line":32,"column":6},"end":{"line":32,"column":null}},"5":{"start":{"line":36,"column":26},"end":{"line":38,"column":null}},"6":{"start":{"line":37,"column":6},"end":{"line":37,"column":null}},"7":{"start":{"line":40,"column":4},"end":{"line":40,"column":null}},"8":{"start":{"line":41,"column":4},"end":{"line":41,"column":null}},"9":{"start":{"line":44,"column":4},"end":{"line":44,"column":null}},"10":{"start":{"line":46,"column":4},"end":{"line":49,"column":null}},"11":{"start":{"line":47,"column":6},"end":{"line":47,"column":null}},"12":{"start":{"line":48,"column":6},"end":{"line":48,"column":null}},"13":{"start":{"line":53,"column":2},"end":{"line":55,"column":null}},"14":{"start":{"line":54,"column":4},"end":{"line":54,"column":null}},"15":{"start":{"line":58,"column":2},"end":{"line":63,"column":null}},"16":{"start":{"line":59,"column":4},"end":{"line":61,"column":null}},"17":{"start":{"line":60,"column":6},"end":{"line":60,"column":null}},"18":{"start":{"line":62,"column":4},"end":{"line":62,"column":null}},"19":{"start":{"line":66,"column":2},"end":{"line":88,"column":null}},"20":{"start":{"line":78,"column":29},"end":{"line":78,"column":null}}},"fnMap":{"0":{"name":"OfflineGuard","decl":{"start":{"line":22,"column":16},"end":{"line":22,"column":29}},"loc":{"start":{"line":26,"column":22},"end":{"line":90,"column":null}},"line":26},"1":{"name":"(anonymous_1)","decl":{"start":{"line":30,"column":12},"end":{"line":30,"column":18}},"loc":{"start":{"line":30,"column":18},"end":{"line":50,"column":5}},"line":30},"2":{"name":"(anonymous_2)","decl":{"start":{"line":31,"column":25},"end":{"line":31,"column":31}},"loc":{"start":{"line":31,"column":31},"end":{"line":34,"column":null}},"line":31},"3":{"name":"(anonymous_3)","decl":{"start":{"line":36,"column":26},"end":{"line":36,"column":32}},"loc":{"start":{"line":36,"column":32},"end":{"line":38,"column":null}},"line":36},"4":{"name":"(anonymous_4)","decl":{"start":{"line":46,"column":11},"end":{"line":46,"column":17}},"loc":{"start":{"line":46,"column":17},"end":{"line":49,"column":null}},"line":46},"5":{"name":"(anonymous_5)","decl":{"start":{"line":59,"column":14},"end":{"line":59,"column":20}},"loc":{"start":{"line":59,"column":20},"end":{"line":61,"column":7}},"line":59},"6":{"name":"(anonymous_6)","decl":{"start":{"line":78,"column":23},"end":{"line":78,"column":29}},"loc":{"start":{"line":78,"column":29},"end":{"line":78,"column":null}},"line":78}},"branchMap":{"0":{"loc":{"start":{"line":24,"column":2},"end":{"line":24,"column":null}},"type":"default-arg","locations":[{"start":{"line":24,"column":9},"end":{"line":24,"column":null}}],"line":24},"1":{"loc":{"start":{"line":25,"column":2},"end":{"line":25,"column":null}},"type":"default-arg","locations":[{"start":{"line":25,"column":20},"end":{"line":25,"column":null}}],"line":25},"2":{"loc":{"start":{"line":53,"column":2},"end":{"line":55,"column":null}},"type":"if","locations":[{"start":{"line":53,"column":2},"end":{"line":55,"column":null}},{"start":{},"end":{}}],"line":53},"3":{"loc":{"start":{"line":58,"column":2},"end":{"line":63,"column":null}},"type":"if","locations":[{"start":{"line":58,"column":2},"end":{"line":63,"column":null}},{"start":{},"end":{}}],"line":58},"4":{"loc":{"start":{"line":74,"column":11},"end":{"line":83,"column":null}},"type":"binary-expr","locations":[{"start":{"line":74,"column":11},"end":{"line":74,"column":null}},{"start":{"line":75,"column":12},"end":{"line":83,"column":null}}],"line":74}},"s":{"0":16,"1":16,"2":16,"3":9,"4":2,"5":9,"6":3,"7":9,"8":9,"9":9,"10":9,"11":9,"12":9,"13":16,"14":7,"15":9,"16":3,"17":1,"18":3,"19":6,"20":1},"f":{"0":16,"1":9,"2":2,"3":3,"4":9,"5":1,"6":1},"b":{"0":[16],"1":[16],"2":[7,9],"3":[3,6],"4":[6,5]},"meta":{"lastBranch":5,"lastFunction":7,"lastStatement":21,"seen":{"f:22:16:22:29":0,"b:24:9:24:Infinity":0,"b:25:20:25:Infinity":1,"s:27:8:27:Infinity":0,"s:28:32:28:Infinity":1,"s:30:2:50:Infinity":2,"f:30:12:30:18":1,"s:31:25:34:Infinity":3,"f:31:25:31:31":2,"s:32:6:32:Infinity":4,"s:36:26:38:Infinity":5,"f:36:26:36:32":3,"s:37:6:37:Infinity":6,"s:40:4:40:Infinity":7,"s:41:4:41:Infinity":8,"s:44:4:44:Infinity":9,"s:46:4:49:Infinity":10,"f:46:11:46:17":4,"s:47:6:47:Infinity":11,"s:48:6:48:Infinity":12,"b:53:2:55:Infinity:undefined:undefined:undefined:undefined":2,"s:53:2:55:Infinity":13,"s:54:4:54:Infinity":14,"b:58:2:63:Infinity:undefined:undefined:undefined:undefined":3,"s:58:2:63:Infinity":15,"s:59:4:61:Infinity":16,"f:59:14:59:20":5,"s:60:6:60:Infinity":17,"s:62:4:62:Infinity":18,"s:66:2:88:Infinity":19,"b:74:11:74:Infinity:75:12:83:Infinity":4,"f:78:23:78:29":6,"s:78:29:78:Infinity":20}}}
,"C:\\Users\\wolkt\\Desktop\\10xDevs\\10xMovies\\myVOD\\frontend\\myVOD\\src\\components\\SearchNoResultsItem.tsx": {"path":"C:\\Users\\wolkt\\Desktop\\10xDevs\\10xMovies\\myVOD\\frontend\\myVOD\\src\\components\\SearchNoResultsItem.tsx","statementMap":{"0":{"start":{"line":19,"column":2},"end":{"line":32,"column":null}}},"fnMap":{"0":{"name":"SearchNoResultsItem","decl":{"start":{"line":18,"column":16},"end":{"line":18,"column":36}},"loc":{"start":{"line":18,"column":73},"end":{"line":34,"column":null}},"line":18}},"branchMap":{},"s":{"0":8},"f":{"0":8},"b":{},"meta":{"lastBranch":0,"lastFunction":1,"lastStatement":1,"seen":{"f:18:16:18:36":0,"s:19:2:32:Infinity":0}}}
,"C:\\Users\\wolkt\\Desktop\\10xDevs\\10xMovies\\myVOD\\frontend\\myVOD\\src\\components\\TMDBPoster.tsx": {"path":"C:\\Users\\wolkt\\Desktop\\10xDevs\\10xMovies\\myVOD\\frontend\\myVOD\\src\\components\\TMDBPoster.tsx","statementMap":{"0":{"start":{"line":31,"column":30},"end":{"line":31,"column":null}},"1":{"start":{"line":33,"column":22},"end":{"line":36,"column":null}},"2":{"start":{"line":34,"column":4},"end":{"line":34,"column":null}},"3":{"start":{"line":35,"column":4},"end":{"line":35,"column":null}},"4":{"start":{"line":39,"column":2},"end":{"line":50,"column":null}},"5":{"start":{"line":40,"column":4},"end":{"line":48,"column":null}},"6":{"start":{"line":52,"column":2},"end":{"line":61,"column":null}}},"fnMap":{"0":{"name":"TMDBPoster","decl":{"start":{"line":24,"column":16},"end":{"line":24,"column":27}},"loc":{"start":{"line":30,"column":20},"end":{"line":63,"column":null}},"line":30},"1":{"name":"(anonymous_1)","decl":{"start":{"line":33,"column":22},"end":{"line":33,"column":28}},"loc":{"start":{"line":33,"column":28},"end":{"line":36,"column":null}},"line":33}},"branchMap":{"0":{"loc":{"start":{"line":29,"column":2},"end":{"line":29,"column":null}},"type":"default-arg","locations":[{"start":{"line":29,"column":14},"end":{"line":29,"column":null}}],"line":29},"1":{"loc":{"start":{"line":35,"column":22},"end":{"line":35,"column":33}},"type":"binary-expr","locations":[{"start":{"line":35,"column":22},"end":{"line":35,"column":29}},{"start":{"line":35,"column":29},"end":{"line":35,"column":33}}],"line":35},"2":{"loc":{"start":{"line":39,"column":2},"end":{"line":50,"column":null}},"type":"if","locations":[{"start":{"line":39,"column":2},"end":{"line":50,"column":null}},{"start":{},"end":{}}],"line":39},"3":{"loc":{"start":{"line":39,"column":6},"end":{"line":39,"column":24}},"type":"binary-expr","locations":[{"start":{"line":39,"column":6},"end":{"line":39,"column":14}},{"start":{"line":39,"column":14},"end":{"line":39,"column":24}}],"line":39}},"s":{"0":144,"1":144,"2":5,"3":5,"4":144,"5":20,"6":124},"f":{"0":144,"1":5},"b":{"0":[144],"1":[5,0],"2":[20,124],"3":[144,129]},"meta":{"lastBranch":4,"lastFunction":2,"lastStatement":7,"seen":{"f:24:16:24:27":0,"b:29:14:29:Infinity":0,"s:31:30:31:Infinity":0,"s:33:22:36:Infinity":1,"f:33:22:33:28":1,"s:34:4:34:Infinity":2,"s:35:4:35:Infinity":3,"b:35:22:35:29:35:29:35:33":1,"b:39:2:50:Infinity:undefined:undefined:undefined:undefined":2,"s:39:2:50:Infinity":4,"b:39:6:39:14:39:14:39:24":3,"s:40:4:48:Infinity":5,"s:52:2:61:Infinity":6}}}
,"C:\\Users\\wolkt\\Desktop\\10xDevs\\10xMovies\\myVOD\\frontend\\myVOD\\src\\components\\admin\\ChartsRow.tsx": {"path":"C:\\Users\\wolkt\\Desktop\\10xDevs\\10xMovies\\myVOD\\frontend\\myVOD\\src\\components\\admin\\ChartsRow.tsx","statementMap":{"0":{"start":{"line":14,"column":24},"end":{"line":14,"column":null}},"1":{"start":{"line":15,"column":26},"end":{"line":15,"column":null}},"2":{"start":{"line":17,"column":2},"end":{"line":21,"column":null}}},"fnMap":{"0":{"name":"ChartsRow","decl":{"start":{"line":13,"column":16},"end":{"line":13,"column":26}},"loc":{"start":{"line":13,"column":55},"end":{"line":23,"column":null}},"line":13}},"branchMap":{"0":{"loc":{"start":{"line":14,"column":24},"end":{"line":14,"column":null}},"type":"binary-expr","locations":[{"start":{"line":14,"column":24},"end":{"line":14,"column":56}},{"start":{"line":14,"column":56},"end":{"line":14,"column":null}}],"line":14},"1":{"loc":{"start":{"line":15,"column":26},"end":{"line":15,"column":null}},"type":"binary-expr","locations":[{"start":{"line":15,"column":26},"end":{"line":15,"column":58}},{"start":{"line":15,"column":58},"end":{"line":15,"column":null}}],"line":15}},"s":{"0":12,"1":12,"2":12},"f":{"0":12},"b":{"0":[12,3],"1":[12,3]},"meta":{"lastBranch":2,"lastFunction":1,"lastStatement":3,"seen":{"f:13:16:13:26":0,"s:14:24:14:Infinity":0,"b:14:24:14:56:14:56:14:Infinity":0,"s:15:26:15:Infinity":1,"b:15:26:15:58:15:58:15:Infinity":1,"s:17:2:21:Infinity":2}}}
,"C:\\Users\\wolkt\\Desktop\\10xDevs\\10xMovies\\myVOD\\frontend\\myVOD\\src\\components\\admin\\ErrorLogsFilters.tsx": {"path":"C:\\Users\\wolkt\\Desktop\\10xDevs\\10xMovies\\myVOD\\frontend\\myVOD\\src\\components\\admin\\ErrorLogsFilters.tsx","statementMap":{"0":{"start":{"line":23,"column":87},"end":{"line":27,"column":null}},"1":{"start":{"line":34,"column":36},"end":{"line":34,"column":null}},"2":{"start":{"line":35,"column":8},"end":{"line":35,"column":null}},"3":{"start":{"line":38,"column":8},"end":{"line":38,"column":null}},"4":{"start":{"line":40,"column":8},"end":{"line":40,"column":null}},"5":{"start":{"line":43,"column":2},"end":{"line":48,"column":null}},"6":{"start":{"line":44,"column":4},"end":{"line":46,"column":null}},"7":{"start":{"line":45,"column":6},"end":{"line":45,"column":null}},"8":{"start":{"line":47,"column":4},"end":{"line":47,"column":null}},"9":{"start":{"line":51,"column":2},"end":{"line":70,"column":null}},"10":{"start":{"line":53,"column":4},"end":{"line":55,"column":null}},"11":{"start":{"line":54,"column":6},"end":{"line":54,"column":null}},"12":{"start":{"line":57,"column":4},"end":{"line":57,"column":null}},"13":{"start":{"line":60,"column":22},"end":{"line":60,"column":null}},"14":{"start":{"line":63,"column":4},"end":{"line":69,"column":null}},"15":{"start":{"line":65,"column":6},"end":{"line":68,"column":null}},"16":{"start":{"line":65,"column":31},"end":{"line":68,"column":8}},"17":{"start":{"line":72,"column":8},"end":{"line":85,"column":null}},"18":{"start":{"line":74,"column":27},"end":{"line":74,"column":null}},"19":{"start":{"line":75,"column":23},"end":{"line":77,"column":null}},"20":{"start":{"line":76,"column":37},"end":{"line":76,"column":50}},"21":{"start":{"line":79,"column":6},"end":{"line":82,"column":null}},"22":{"start":{"line":87,"column":8},"end":{"line":95,"column":null}},"23":{"start":{"line":89,"column":6},"end":{"line":92,"column":null}},"24":{"start":{"line":97,"column":8},"end":{"line":105,"column":null}},"25":{"start":{"line":99,"column":6},"end":{"line":102,"column":null}},"26":{"start":{"line":107,"column":27},"end":{"line":107,"column":null}},"27":{"start":{"line":109,"column":4},"end":{"line":109,"column":null}},"28":{"start":{"line":111,"column":2},"end":{"line":183,"column":null}},"29":{"start":{"line":127,"column":14},"end":{"line":133,"column":null}},"30":{"start":{"line":130,"column":39},"end":{"line":130,"column":null}},"31":{"start":{"line":146,"column":27},"end":{"line":146,"column":null}},"32":{"start":{"line":158,"column":27},"end":{"line":158,"column":null}},"33":{"start":{"line":171,"column":27},"end":{"line":171,"column":null}}},"fnMap":{"0":{"name":"ErrorLogsFilters","decl":{"start":{"line":33,"column":16},"end":{"line":33,"column":33}},"loc":{"start":{"line":33,"column":86},"end":{"line":185,"column":null}},"line":33},"1":{"name":"(anonymous_1)","decl":{"start":{"line":43,"column":12},"end":{"line":43,"column":18}},"loc":{"start":{"line":43,"column":18},"end":{"line":48,"column":5}},"line":43},"2":{"name":"(anonymous_2)","decl":{"start":{"line":51,"column":12},"end":{"line":51,"column":18}},"loc":{"start":{"line":51,"column":18},"end":{"line":70,"column":5}},"line":51},"3":{"name":"(anonymous_3)","decl":{"start":{"line":65,"column":15},"end":{"line":65,"column":16}},"loc":{"start":{"line":65,"column":31},"end":{"line":68,"column":8}},"line":65},"4":{"name":"(anonymous_4)","decl":{"start":{"line":73,"column":4},"end":{"line":73,"column":5}},"loc":{"start":{"line":73,"column":53},"end":{"line":83,"column":null}},"line":73},"5":{"name":"(anonymous_5)","decl":{"start":{"line":76,"column":30},"end":{"line":76,"column":31}},"loc":{"start":{"line":76,"column":37},"end":{"line":76,"column":50}},"line":76},"6":{"name":"(anonymous_6)","decl":{"start":{"line":88,"column":4},"end":{"line":88,"column":5}},"loc":{"start":{"line":88,"column":22},"end":{"line":93,"column":null}},"line":88},"7":{"name":"(anonymous_7)","decl":{"start":{"line":98,"column":4},"end":{"line":98,"column":5}},"loc":{"start":{"line":98,"column":22},"end":{"line":103,"column":null}},"line":98},"8":{"name":"(anonymous_8)","decl":{"start":{"line":126,"column":27},"end":{"line":126,"column":28}},"loc":{"start":{"line":127,"column":14},"end":{"line":133,"column":null}},"line":127},"9":{"name":"(anonymous_9)","decl":{"start":{"line":130,"column":33},"end":{"line":130,"column":39}},"loc":{"start":{"line":130,"column":39},"end":{"line":130,"column":null}},"line":130},"10":{"name":"(anonymous_10)","decl":{"start":{"line":146,"column":20},"end":{"line":146,"column":21}},"loc":{"start":{"line":146,"column":27},"end":{"line":146,"column":null}},"line":146},"11":{"name":"(anonymous_11)","decl":{"start":{"line":158,"column":20},"end":{"line":158,"column":21}},"loc":{"start":{"line":158,"column":27},"end":{"line":158,"column":null}},"line":158},"12":{"name":"(anonymous_12)","decl":{"start":{"line":171,"column":20},"end":{"line":171,"column":21}},"loc":{"start":{"line":171,"column":27},"end":{"line":171,"column":null}},"line":171}},"branchMap":{"0":{"loc":{"start":{"line":34,"column":49},"end":{"line":34,"column":68}},"type":"binary-expr","locations":[{"start":{"line":34,"column":49},"end":{"line":34,"column":66}},{"start":{"line":34,"column":66},"end":{"line":34,"column":68}}],"line":34},"1":{"loc":{"start":{"line":44,"column":4},"end":{"line":46,"column":null}},"type":"if","locations":[{"start":{"line":44,"column":4},"end":{"line":46,"column":null}},{"start":{},"end":{}}],"line":44},"2":{"loc":{"start":{"line":45,"column":21},"end":{"line":45,"column":40}},"type":"binary-expr","locations":[{"start":{"line":45,"column":21},"end":{"line":45,"column":38}},{"start":{"line":45,"column":38},"end":{"line":45,"column":40}}],"line":45},"3":{"loc":{"start":{"line":53,"column":4},"end":{"line":55,"column":null}},"type":"if","locations":[{"start":{"line":53,"column":4},"end":{"line":55,"column":null}},{"start":{},"end":{}}],"line":53},"4":{"loc":{"start":{"line":60,"column":22},"end":{"line":60,"column":null}},"type":"binary-expr","locations":[{"start":{"line":60,"column":22},"end":{"line":60,"column":48}},{"start":{"line":60,"column":48},"end":{"line":60,"column":null}}],"line":60},"5":{"loc":{"start":{"line":63,"column":4},"end":{"line":69,"column":null}},"type":"if","locations":[{"start":{"line":63,"column":4},"end":{"line":69,"column":null}},{"start":{},"end":{}}],"line":63},"6":{"loc":{"start":{"line":74,"column":27},"end":{"line":74,"column":null}},"type":"binary-expr","locations":[{"start":{"line":74,"column":27},"end":{"line":74,"column":45}},{"start":{"line":74,"column":45},"end":{"line":74,"column":null}}],"line":74},"7":{"loc":{"start":{"line":75,"column":23},"end":{"line":77,"column":null}},"type":"cond-expr","locations":[{"start":{"line":76,"column":10},"end":{"line":76,"column":null}},{"start":{"line":77,"column":10},"end":{"line":77,"column":null}}],"line":75},"8":{"loc":{"start":{"line":81,"column":18},"end":{"line":81,"column":null}},"type":"cond-expr","locations":[{"start":{"line":81,"column":40},"end":{"line":81,"column":51}},{"start":{"line":81,"column":51},"end":{"line":81,"column":null}}],"line":81},"9":{"loc":{"start":{"line":91,"column":19},"end":{"line":91,"column":null}},"type":"binary-expr","locations":[{"start":{"line":91,"column":19},"end":{"line":91,"column":27}},{"start":{"line":91,"column":27},"end":{"line":91,"column":null}}],"line":91},"10":{"loc":{"start":{"line":101,"column":17},"end":{"line":101,"column":null}},"type":"binary-expr","locations":[{"start":{"line":101,"column":17},"end":{"line":101,"column":25}},{"start":{"line":101,"column":25},"end":{"line":101,"column":null}}],"line":101},"11":{"loc":{"start":{"line":107,"column":27},"end":{"line":107,"column":null}},"type":"binary-expr","locations":[{"start":{"line":107,"column":27},"end":{"line":107,"column":45}},{"start":{"line":107,"column":45},"end":{"line":107,"column":null}}],"line":107},"12":{"loc":{"start":{"line":109,"column":4},"end":{"line":109,"column":null}},"type":"binary-expr","locations":[{"start":{"line":109,"column":4},"end":{"line":109,"column":35}},{"start":{"line":109,"column":35},"end":{"line":109,"column":54}},{"start":{"line":109,"column":54},"end":{"line":109,"column":71}},{"start":{"line":109,"column":71},"end":{"line":109,"column":null}}],"line":109},"13":{"loc":{"start":{"line":119,"column":24},"end":{"line":119,"column":92}},"type":"cond-expr","locations":[{"start":{"line":119,"column":54},"end":{"line":119,"column":80}},{"start":{"line":119,"column":80},"end":{"line":119,"column":92}}],"line":119},"14":{"loc":{"start":{"line":145,"column":17},"end":{"line":145,"column":null}},"type":"binary-expr","locations":[{"start":{"line":145,"column":17},"end":{"line":145,"column":36}},{"start":{"line":145,"column":36},"end":{"line":145,"column":null}}],"line":145},"15":{"loc":{"start":{"line":157,"column":17},"end":{"line":157,"column":null}},"type":"binary-expr","locations":[{"start":{"line":157,"column":17},"end":{"line":157,"column":34}},{"start":{"line":157,"column":34},"end":{"line":157,"column":null}}],"line":157},"16":{"loc":{"start":{"line":177,"column":7},"end":{"line":181,"column":null}},"type":"binary-expr","locations":[{"start":{"line":177,"column":7},"end":{"line":177,"column":null}},{"start":{"line":178,"column":8},"end":{"line":181,"column":null}}],"line":177}},"s":{"0":1,"1":20,"2":20,"3":20,"4":20,"5":20,"6":18,"7":16,"8":18,"9":20,"10":17,"11":14,"12":3,"13":3,"14":17,"15":1,"16":0,"17":20,"18":2,"19":2,"20":1,"21":2,"22":20,"23":1,"24":20,"25":1,"26":20,"27":20,"28":20,"29":60,"30":2,"31":1,"32":1,"33":1},"f":{"0":20,"1":18,"2":17,"3":0,"4":2,"5":1,"6":1,"7":1,"8":60,"9":2,"10":1,"11":1,"12":1},"b":{"0":[20,18],"1":[16,2],"2":[16,16],"3":[14,3],"4":[3,2],"5":[1,16],"6":[2,1],"7":[1,1],"8":[1,1],"9":[1,0],"10":[1,0],"11":[20,17],"12":[20,17,17,17],"13":[3,17],"14":[20,20],"15":[20,20],"16":[20,5]},"meta":{"lastBranch":17,"lastFunction":13,"lastStatement":34,"seen":{"s:23:87:27:Infinity":0,"f:33:16:33:33":0,"s:34:36:34:Infinity":1,"b:34:49:34:66:34:66:34:68":0,"s:35:8:35:Infinity":2,"s:38:8:38:Infinity":3,"s:40:8:40:Infinity":4,"s:43:2:48:Infinity":5,"f:43:12:43:18":1,"b:44:4:46:Infinity:undefined:undefined:undefined:undefined":1,"s:44:4:46:Infinity":6,"s:45:6:45:Infinity":7,"b:45:21:45:38:45:38:45:40":2,"s:47:4:47:Infinity":8,"s:51:2:70:Infinity":9,"f:51:12:51:18":2,"b:53:4:55:Infinity:undefined:undefined:undefined:undefined":3,"s:53:4:55:Infinity":10,"s:54:6:54:Infinity":11,"s:57:4:57:Infinity":12,"s:60:22:60:Infinity":13,"b:60:22:60:48:60:48:60:Infinity":4,"b:63:4:69:Infinity:undefined:undefined:undefined:undefined":5,"s:63:4:69:Infinity":14,"s:65:6:68:Infinity":15,"f:65:15:65:16":3,"s:65:31:68:8":16,"s:72:8:85:Infinity":17,"f:73:4:73:5":4,"s:74:27:74:Infinity":18,"b:74:27:74:45:74:45:74:Infinity":6,"s:75:23:77:Infinity":19,"b:76:10:76:Infinity:77:10:77:Infinity":7,"f:76:30:76:31":5,"s:76:37:76:50":20,"s:79:6:82:Infinity":21,"b:81:40:81:51:81:51:81:Infinity":8,"s:87:8:95:Infinity":22,"f:88:4:88:5":6,"s:89:6:92:Infinity":23,"b:91:19:91:27:91:27:91:Infinity":9,"s:97:8:105:Infinity":24,"f:98:4:98:5":7,"s:99:6:102:Infinity":25,"b:101:17:101:25:101:25:101:Infinity":10,"s:107:27:107:Infinity":26,"b:107:27:107:45:107:45:107:Infinity":11,"s:109:4:109:Infinity":27,"b:109:4:109:35:109:35:109:54:109:54:109:71:109:71:109:Infinity":12,"s:111:2:183:Infinity":28,"b:119:54:119:80:119:80:119:92":13,"f:126:27:126:28":8,"s:127:14:133:Infinity":29,"f:130:33:130:39":9,"s:130:39:130:Infinity":30,"b:145:17:145:36:145:36:145:Infinity":14,"f:146:20:146:21":10,"s:146:27:146:Infinity":31,"b:157:17:157:34:157:34:157:Infinity":15,"f:158:20:158:21":11,"s:158:27:158:Infinity":32,"f:171:20:171:21":12,"s:171:27:171:Infinity":33,"b:177:7:177:Infinity:178:8:181:Infinity":16}}}
,"C:\\Users\\wolkt\\Desktop\\10xDevs\\10xMovies\\myVOD\\frontend\\myVOD\\src\\components\\admin\\ErrorLogsSection.tsx": {"path":"C:\\Users\\wolkt\\Desktop\\10xDevs\\10xMovies\\myVOD\\frontend\\myVOD\\src\\components\\admin\\ErrorLogsSection.tsx","statementMap":{"0":{"start":{"line":16,"column":24},"end":{"line":20,"column":null}},"1":{"start":{"line":22,"column":33},"end":{"line":22,"column":null}},"2":{"start":{"line":24,"column":8},"end":{"line":30,"column":null}},"3":{"start":{"line":25,"column":4},"end":{"line":29,"column":null}},"4":{"start":{"line":32,"column":8},"end":{"line":40,"column":null}},"5":{"start":{"line":33,"column":4},"end":{"line":39,"column":null}},"6":{"start":{"line":34,"column":6},"end":{"line":34,"column":null}},"7":{"start":{"line":35,"column":6},"end":{"line":35,"column":null}},"8":{"start":{"line":37,"column":6},"end":{"line":37,"column":null}},"9":{"start":{"line":38,"column":6},"end":{"line":38,"column":null}},"10":{"start":{"line":42,"column":8},"end":{"line":47,"column":null}},"11":{"start":{"line":44,"column":6},"end":{"line":44,"column":null}},"12":{"start":{"line":49,"column":8},"end":{"line":54,"column":null}},"13":{"start":{"line":51,"column":6},"end":{"line":51,"column":null}},"14":{"start":{"line":56,"column":8},"end":{"line":61,"column":null}},"15":{"start":{"line":58,"column":6},"end":{"line":58,"column":null}},"16":{"start":{"line":63,"column":2},"end":{"line":99,"column":null}}},"fnMap":{"0":{"name":"ErrorLogsSection","decl":{"start":{"line":15,"column":16},"end":{"line":15,"column":35}},"loc":{"start":{"line":15,"column":35},"end":{"line":101,"column":null}},"line":15},"1":{"name":"(anonymous_1)","decl":{"start":{"line":24,"column":34},"end":{"line":24,"column":40}},"loc":{"start":{"line":24,"column":40},"end":{"line":30,"column":5}},"line":24},"2":{"name":"(anonymous_2)","decl":{"start":{"line":32,"column":35},"end":{"line":32,"column":47}},"loc":{"start":{"line":32,"column":47},"end":{"line":40,"column":5}},"line":32},"3":{"name":"(anonymous_3)","decl":{"start":{"line":43,"column":4},"end":{"line":43,"column":5}},"loc":{"start":{"line":43,"column":38},"end":{"line":45,"column":null}},"line":43},"4":{"name":"(anonymous_4)","decl":{"start":{"line":50,"column":4},"end":{"line":50,"column":5}},"loc":{"start":{"line":50,"column":22},"end":{"line":52,"column":null}},"line":50},"5":{"name":"(anonymous_5)","decl":{"start":{"line":57,"column":4},"end":{"line":57,"column":5}},"loc":{"start":{"line":57,"column":24},"end":{"line":59,"column":null}},"line":57}},"branchMap":{"0":{"loc":{"start":{"line":70,"column":20},"end":{"line":70,"column":null}},"type":"binary-expr","locations":[{"start":{"line":70,"column":20},"end":{"line":70,"column":33}},{"start":{"line":70,"column":33},"end":{"line":70,"column":null}}],"line":70},"1":{"loc":{"start":{"line":80,"column":7},"end":{"line":98,"column":null}},"type":"cond-expr","locations":[{"start":{"line":81,"column":8},"end":{"line":83,"column":null}},{"start":{"line":84,"column":10},"end":{"line":98,"column":null}}],"line":80},"2":{"loc":{"start":{"line":84,"column":10},"end":{"line":98,"column":null}},"type":"cond-expr","locations":[{"start":{"line":85,"column":8},"end":{"line":87,"column":null}},{"start":{"line":88,"column":10},"end":{"line":98,"column":null}}],"line":84},"3":{"loc":{"start":{"line":88,"column":10},"end":{"line":98,"column":null}},"type":"cond-expr","locations":[{"start":{"line":89,"column":8},"end":{"line":97,"column":null}},{"start":{"line":98,"column":10},"end":{"line":98,"column":null}}],"line":88},"4":{"loc":{"start":{"line":92,"column":18},"end":{"line":92,"column":null}},"type":"binary-expr","locations":[{"start":{"line":92,"column":18},"end":{"line":92,"column":32}},{"start":{"line":92,"column":32},"end":{"line":92,"column":null}}],"line":92}},"s":{"0":18,"1":18,"2":18,"3":0,"4":18,"5":3,"6":3,"7":2,"8":1,"9":1,"10":18,"11":0,"12":18,"13":0,"14":18,"15":0,"16":18},"f":{"0":18,"1":0,"2":3,"3":0,"4":0,"5":0},"b":{"0":[18,16],"1":[2,16],"2":[2,14],"3":[14,0],"4":[14,0]},"meta":{"lastBranch":5,"lastFunction":6,"lastStatement":17,"seen":{"f:15:16:15:35":0,"s:16:24:20:Infinity":0,"s:22:33:22:Infinity":1,"s:24:8:30:Infinity":2,"f:24:34:24:40":1,"s:25:4:29:Infinity":3,"s:32:8:40:Infinity":4,"f:32:35:32:47":2,"s:33:4:39:Infinity":5,"s:34:6:34:Infinity":6,"s:35:6:35:Infinity":7,"s:37:6:37:Infinity":8,"s:38:6:38:Infinity":9,"s:42:8:47:Infinity":10,"f:43:4:43:5":3,"s:44:6:44:Infinity":11,"s:49:8:54:Infinity":12,"f:50:4:50:5":4,"s:51:6:51:Infinity":13,"s:56:8:61:Infinity":14,"f:57:4:57:5":5,"s:58:6:58:Infinity":15,"s:63:2:99:Infinity":16,"b:70:20:70:33:70:33:70:Infinity":0,"b:81:8:83:Infinity:84:10:98:Infinity":1,"b:85:8:87:Infinity:88:10:98:Infinity":2,"b:89:8:97:Infinity:98:10:98:Infinity":3,"b:92:18:92:32:92:32:92:Infinity":4}}}
,"C:\\Users\\wolkt\\Desktop\\10xDevs\\10xMovies\\myVOD\\frontend\\myVOD\\src\\components\\admin\\ErrorLogsTable.tsx": {"path":"C:\\Users\\wolkt\\Desktop\\10xDevs\\10xMovies\\myVOD\\frontend\\myVOD\\src\\components\\admin\\ErrorLogsTable.tsx","statementMap":{"0":{"start":{"line":24,"column":27},"end":{"line":27,"column":null}},"1":{"start":{"line":25,"column":20},"end":{"line":25,"column":null}},"2":{"start":{"line":26,"column":4},"end":{"line":26,"column":null}},"3":{"start":{"line":29,"column":21},"end":{"line":38,"column":null}},"4":{"start":{"line":30,"column":17},"end":{"line":30,"column":null}},"5":{"start":{"line":31,"column":4},"end":{"line":37,"column":null}},"6":{"start":{"line":40,"column":26},"end":{"line":47,"column":null}},"7":{"start":{"line":41,"column":43},"end":{"line":45,"column":null}},"8":{"start":{"line":46,"column":4},"end":{"line":46,"column":null}},"9":{"start":{"line":49,"column":2},"end":{"line":55,"column":null}},"10":{"start":{"line":50,"column":4},"end":{"line":53,"column":null}},"11":{"start":{"line":57,"column":2},"end":{"line":135,"column":null}},"12":{"start":{"line":79,"column":14},"end":{"line":101,"column":null}},"13":{"start":{"line":92,"column":37},"end":{"line":92,"column":null}},"14":{"start":{"line":117,"column":29},"end":{"line":117,"column":null}},"15":{"start":{"line":126,"column":29},"end":{"line":126,"column":null}}},"fnMap":{"0":{"name":"ErrorLogsTable","decl":{"start":{"line":17,"column":16},"end":{"line":17,"column":31}},"loc":{"start":{"line":23,"column":24},"end":{"line":137,"column":null}},"line":23},"1":{"name":"(anonymous_1)","decl":{"start":{"line":24,"column":27},"end":{"line":24,"column":33}},"loc":{"start":{"line":24,"column":33},"end":{"line":27,"column":null}},"line":24},"2":{"name":"(anonymous_2)","decl":{"start":{"line":29,"column":21},"end":{"line":29,"column":22}},"loc":{"start":{"line":29,"column":45},"end":{"line":38,"column":null}},"line":29},"3":{"name":"(anonymous_3)","decl":{"start":{"line":40,"column":26},"end":{"line":40,"column":27}},"loc":{"start":{"line":40,"column":47},"end":{"line":47,"column":null}},"line":40},"4":{"name":"(anonymous_4)","decl":{"start":{"line":78,"column":28},"end":{"line":78,"column":29}},"loc":{"start":{"line":79,"column":14},"end":{"line":101,"column":null}},"line":79},"5":{"name":"(anonymous_5)","decl":{"start":{"line":92,"column":31},"end":{"line":92,"column":37}},"loc":{"start":{"line":92,"column":37},"end":{"line":92,"column":null}},"line":92},"6":{"name":"(anonymous_6)","decl":{"start":{"line":117,"column":23},"end":{"line":117,"column":29}},"loc":{"start":{"line":117,"column":29},"end":{"line":117,"column":null}},"line":117},"7":{"name":"(anonymous_7)","decl":{"start":{"line":126,"column":23},"end":{"line":126,"column":29}},"loc":{"start":{"line":126,"column":29},"end":{"line":126,"column":null}},"line":126}},"branchMap":{"0":{"loc":{"start":{"line":25,"column":20},"end":{"line":25,"column":null}},"type":"cond-expr","locations":[{"start":{"line":25,"column":45},"end":{"line":25,"column":62}},{"start":{"line":25,"column":62},"end":{"line":25,"column":null}}],"line":25},"1":{"loc":{"start":{"line":46,"column":11},"end":{"line":46,"column":null}},"type":"binary-expr","locations":[{"start":{"line":46,"column":11},"end":{"line":46,"column":30}},{"start":{"line":46,"column":30},"end":{"line":46,"column":null}}],"line":46},"2":{"loc":{"start":{"line":49,"column":2},"end":{"line":55,"column":null}},"type":"if","locations":[{"start":{"line":49,"column":2},"end":{"line":55,"column":null}},{"start":{},"end":{}}],"line":49},"3":{"loc":{"start":{"line":49,"column":6},"end":{"line":49,"column":46}},"type":"binary-expr","locations":[{"start":{"line":49,"column":6},"end":{"line":49,"column":21}},{"start":{"line":49,"column":21},"end":{"line":49,"column":46}}],"line":49},"4":{"loc":{"start":{"line":90,"column":19},"end":{"line":98,"column":null}},"type":"cond-expr","locations":[{"start":{"line":91,"column":20},"end":{"line":96,"column":null}},{"start":{"line":98,"column":20},"end":{"line":98,"column":null}}],"line":90},"5":{"loc":{"start":{"line":108,"column":7},"end":{"line":133,"column":null}},"type":"binary-expr","locations":[{"start":{"line":108,"column":7},"end":{"line":108,"column":null}},{"start":{"line":109,"column":8},"end":{"line":133,"column":null}}],"line":108}},"s":{"0":21,"1":2,"2":2,"3":21,"4":38,"5":38,"6":21,"7":38,"8":38,"9":21,"10":2,"11":19,"12":38,"13":2,"14":1,"15":1},"f":{"0":21,"1":2,"2":38,"3":38,"4":38,"5":2,"6":1,"7":1},"b":{"0":[1,1],"1":[38,0],"2":[2,19],"3":[21,20],"4":[21,17],"5":[19,5]},"meta":{"lastBranch":6,"lastFunction":8,"lastStatement":16,"seen":{"f:17:16:17:31":0,"s:24:27:27:Infinity":0,"f:24:27:24:33":1,"s:25:20:25:Infinity":1,"b:25:45:25:62:25:62:25:Infinity":0,"s:26:4:26:Infinity":2,"s:29:21:38:Infinity":3,"f:29:21:29:22":2,"s:30:17:30:Infinity":4,"s:31:4:37:Infinity":5,"s:40:26:47:Infinity":6,"f:40:26:40:27":3,"s:41:43:45:Infinity":7,"s:46:4:46:Infinity":8,"b:46:11:46:30:46:30:46:Infinity":1,"b:49:2:55:Infinity:undefined:undefined:undefined:undefined":2,"s:49:2:55:Infinity":9,"b:49:6:49:21:49:21:49:46":3,"s:50:4:53:Infinity":10,"s:57:2:135:Infinity":11,"f:78:28:78:29":4,"s:79:14:101:Infinity":12,"b:91:20:96:Infinity:98:20:98:Infinity":4,"f:92:31:92:37":5,"s:92:37:92:Infinity":13,"b:108:7:108:Infinity:109:8:133:Infinity":5,"f:117:23:117:29":6,"s:117:29:117:Infinity":14,"f:126:23:126:29":7,"s:126:29:126:Infinity":15}}}
,"C:\\Users\\wolkt\\Desktop\\10xDevs\\10xMovies\\myVOD\\frontend\\myVOD\\src\\components\\admin\\ExportButton.tsx": {"path":"C:\\Users\\wolkt\\Desktop\\10xDevs\\10xMovies\\myVOD\\frontend\\myVOD\\src\\components\\admin\\ExportButton.tsx","statementMap":{"0":{"start":{"line":16,"column":23},"end":{"line":24,"column":null}},"1":{"start":{"line":17,"column":4},"end":{"line":23,"column":null}},"2":{"start":{"line":18,"column":6},"end":{"line":18,"column":null}},"3":{"start":{"line":19,"column":6},"end":{"line":19,"column":null}},"4":{"start":{"line":21,"column":6},"end":{"line":21,"column":null}},"5":{"start":{"line":22,"column":6},"end":{"line":22,"column":null}},"6":{"start":{"line":26,"column":2},"end":{"line":35,"column":null}}},"fnMap":{"0":{"name":"ExportButton","decl":{"start":{"line":15,"column":16},"end":{"line":15,"column":29}},"loc":{"start":{"line":15,"column":69},"end":{"line":37,"column":null}},"line":15},"1":{"name":"(anonymous_1)","decl":{"start":{"line":16,"column":23},"end":{"line":16,"column":35}},"loc":{"start":{"line":16,"column":35},"end":{"line":24,"column":null}},"line":16}},"branchMap":{},"s":{"0":12,"1":5,"2":5,"3":4,"4":1,"5":1,"6":12},"f":{"0":12,"1":5},"b":{},"meta":{"lastBranch":0,"lastFunction":2,"lastStatement":7,"seen":{"f:15:16:15:29":0,"s:16:23:24:Infinity":0,"f:16:23:16:35":1,"s:17:4:23:Infinity":1,"s:18:6:18:Infinity":2,"s:19:6:19:Infinity":3,"s:21:6:21:Infinity":4,"s:22:6:22:Infinity":5,"s:26:2:35:Infinity":6}}}
,"C:\\Users\\wolkt\\Desktop\\10xDevs\\10xMovies\\myVOD\\frontend\\myVOD\\src\\components\\admin\\MetricCard.tsx": {"path":"C:\\Users\\wolkt\\Desktop\\10xDevs\\10xMovies\\myVOD\\frontend\\myVOD\\src\\components\\admin\\MetricCard.tsx","statementMap":{"0":{"start":{"line":13,"column":23},"end":{"line":13,"column":null}},"1":{"start":{"line":14,"column":21},"end":{"line":14,"column":null}},"2":{"start":{"line":17,"column":4},"end":{"line":32,"column":null}},"3":{"start":{"line":35,"column":2},"end":{"line":37,"column":null}},"4":{"start":{"line":36,"column":4},"end":{"line":36,"column":null}},"5":{"start":{"line":39,"column":2},"end":{"line":49,"column":null}}},"fnMap":{"0":{"name":"MetricCard","decl":{"start":{"line":12,"column":16},"end":{"line":12,"column":27}},"loc":{"start":{"line":12,"column":52},"end":{"line":51,"column":null}},"line":12}},"branchMap":{"0":{"loc":{"start":{"line":13,"column":23},"end":{"line":13,"column":null}},"type":"cond-expr","locations":[{"start":{"line":13,"column":69},"end":{"line":13,"column":75}},{"start":{"line":13,"column":75},"end":{"line":13,"column":null}}],"line":13},"1":{"loc":{"start":{"line":13,"column":23},"end":{"line":13,"column":69}},"type":"binary-expr","locations":[{"start":{"line":13,"column":23},"end":{"line":13,"column":44}},{"start":{"line":13,"column":44},"end":{"line":13,"column":69}}],"line":13},"2":{"loc":{"start":{"line":22,"column":11},"end":{"line":23,"column":null}},"type":"binary-expr","locations":[{"start":{"line":22,"column":11},"end":{"line":22,"column":null}},{"start":{"line":23,"column":12},"end":{"line":23,"column":null}}],"line":22},"3":{"loc":{"start":{"line":26,"column":9},"end":{"line":29,"column":null}},"type":"binary-expr","locations":[{"start":{"line":26,"column":9},"end":{"line":26,"column":null}},{"start":{"line":27,"column":10},"end":{"line":29,"column":null}}],"line":26},"4":{"loc":{"start":{"line":35,"column":2},"end":{"line":37,"column":null}},"type":"if","locations":[{"start":{"line":35,"column":2},"end":{"line":37,"column":null}},{"start":{},"end":{}}],"line":35}},"s":{"0":10,"1":10,"2":10,"3":10,"4":1,"5":9},"f":{"0":10},"b":{"0":[2,8],"1":[10,9],"2":[10,9],"3":[10,10],"4":[1,9]},"meta":{"lastBranch":5,"lastFunction":1,"lastStatement":6,"seen":{"f:12:16:12:27":0,"s:13:23:13:Infinity":0,"b:13:69:13:75:13:75:13:Infinity":0,"b:13:23:13:44:13:44:13:69":1,"s:14:21:14:Infinity":1,"s:17:4:32:Infinity":2,"b:22:11:22:Infinity:23:12:23:Infinity":2,"b:26:9:26:Infinity:27:10:29:Infinity":3,"b:35:2:37:Infinity:undefined:undefined:undefined:undefined":4,"s:35:2:37:Infinity":3,"s:36:4:36:Infinity":4,"s:39:2:49:Infinity":5}}}
,"C:\\Users\\wolkt\\Desktop\\10xDevs\\10xMovies\\myVOD\\frontend\\myVOD\\src\\components\\admin\\MetricsCardsGrid.tsx": {"path":"C:\\Users\\wolkt\\Desktop\\10xDevs\\10xMovies\\myVOD\\frontend\\myVOD\\src\\components\\admin\\MetricsCardsGrid.tsx","statementMap":{"0":{"start":{"line":16,"column":23},"end":{"line":21,"column":null}},"1":{"start":{"line":17,"column":4},"end":{"line":19,"column":null}},"2":{"start":{"line":18,"column":6},"end":{"line":18,"column":null}},"3":{"start":{"line":20,"column":4},"end":{"line":20,"column":null}},"4":{"start":{"line":24,"column":24},"end":{"line":29,"column":null}},"5":{"start":{"line":25,"column":4},"end":{"line":27,"column":null}},"6":{"start":{"line":26,"column":6},"end":{"line":26,"column":null}},"7":{"start":{"line":28,"column":4},"end":{"line":28,"column":null}},"8":{"start":{"line":32,"column":24},"end":{"line":37,"column":null}},"9":{"start":{"line":33,"column":4},"end":{"line":35,"column":null}},"10":{"start":{"line":34,"column":6},"end":{"line":34,"column":null}},"11":{"start":{"line":36,"column":4},"end":{"line":36,"column":null}},"12":{"start":{"line":39,"column":2},"end":{"line":103,"column":null}},"13":{"start":{"line":111,"column":8},"end":{"line":111,"column":null}},"14":{"start":{"line":111,"column":30},"end":{"line":111,"column":58}},"15":{"start":{"line":113,"column":2},"end":{"line":118,"column":null}},"16":{"start":{"line":116,"column":8},"end":{"line":116,"column":null}}},"fnMap":{"0":{"name":"mapMetricsToCards","decl":{"start":{"line":14,"column":9},"end":{"line":14,"column":27}},"loc":{"start":{"line":14,"column":69},"end":{"line":104,"column":null}},"line":14},"1":{"name":"(anonymous_1)","decl":{"start":{"line":16,"column":23},"end":{"line":16,"column":24}},"loc":{"start":{"line":16,"column":69},"end":{"line":21,"column":null}},"line":16},"2":{"name":"(anonymous_2)","decl":{"start":{"line":24,"column":24},"end":{"line":24,"column":25}},"loc":{"start":{"line":24,"column":70},"end":{"line":29,"column":null}},"line":24},"3":{"name":"(anonymous_3)","decl":{"start":{"line":32,"column":24},"end":{"line":32,"column":25}},"loc":{"start":{"line":32,"column":70},"end":{"line":37,"column":null}},"line":32},"4":{"name":"MetricsCardsGrid","decl":{"start":{"line":110,"column":16},"end":{"line":110,"column":33}},"loc":{"start":{"line":110,"column":69},"end":{"line":120,"column":null}},"line":110},"5":{"name":"(anonymous_5)","decl":{"start":{"line":111,"column":24},"end":{"line":111,"column":30}},"loc":{"start":{"line":111,"column":30},"end":{"line":111,"column":58}},"line":111},"6":{"name":"(anonymous_6)","decl":{"start":{"line":115,"column":17},"end":{"line":115,"column":18}},"loc":{"start":{"line":116,"column":8},"end":{"line":116,"column":null}},"line":116}},"branchMap":{"0":{"loc":{"start":{"line":17,"column":4},"end":{"line":19,"column":null}},"type":"if","locations":[{"start":{"line":17,"column":4},"end":{"line":19,"column":null}},{"start":{},"end":{}}],"line":17},"1":{"loc":{"start":{"line":17,"column":8},"end":{"line":17,"column":47}},"type":"binary-expr","locations":[{"start":{"line":17,"column":8},"end":{"line":17,"column":31}},{"start":{"line":17,"column":31},"end":{"line":17,"column":47}}],"line":17},"2":{"loc":{"start":{"line":25,"column":4},"end":{"line":27,"column":null}},"type":"if","locations":[{"start":{"line":25,"column":4},"end":{"line":27,"column":null}},{"start":{},"end":{}}],"line":25},"3":{"loc":{"start":{"line":25,"column":8},"end":{"line":25,"column":47}},"type":"binary-expr","locations":[{"start":{"line":25,"column":8},"end":{"line":25,"column":31}},{"start":{"line":25,"column":31},"end":{"line":25,"column":47}}],"line":25},"4":{"loc":{"start":{"line":33,"column":4},"end":{"line":35,"column":null}},"type":"if","locations":[{"start":{"line":33,"column":4},"end":{"line":35,"column":null}},{"start":{},"end":{}}],"line":33},"5":{"loc":{"start":{"line":33,"column":8},"end":{"line":33,"column":47}},"type":"binary-expr","locations":[{"start":{"line":33,"column":8},"end":{"line":33,"column":31}},{"start":{"line":33,"column":31},"end":{"line":33,"column":47}}],"line":33}},"s":{"0":11,"1":44,"2":9,"3":35,"4":11,"5":55,"6":6,"7":49,"8":11,"9":11,"10":2,"11":9,"12":11,"13":12,"14":11,"15":12,"16":120},"f":{"0":11,"1":44,"2":55,"3":11,"4":12,"5":11,"6":120},"b":{"0":[9,35],"1":[44,37],"2":[6,49],"3":[55,50],"4":[2,9],"5":[11,9]},"meta":{"lastBranch":6,"lastFunction":7,"lastStatement":17,"seen":{"f:14:9:14:27":0,"s:16:23:21:Infinity":0,"f:16:23:16:24":1,"b:17:4:19:Infinity:undefined:undefined:undefined:undefined":0,"s:17:4:19:Infinity":1,"b:17:8:17:31:17:31:17:47":1,"s:18:6:18:Infinity":2,"s:20:4:20:Infinity":3,"s:24:24:29:Infinity":4,"f:24:24:24:25":2,"b:25:4:27:Infinity:undefined:undefined:undefined:undefined":2,"s:25:4:27:Infinity":5,"b:25:8:25:31:25:31:25:47":3,"s:26:6:26:Infinity":6,"s:28:4:28:Infinity":7,"s:32:24:37:Infinity":8,"f:32:24:32:25":3,"b:33:4:35:Infinity:undefined:undefined:undefined:undefined":4,"s:33:4:35:Infinity":9,"b:33:8:33:31:33:31:33:47":5,"s:34:6:34:Infinity":10,"s:36:4:36:Infinity":11,"s:39:2:103:Infinity":12,"f:110:16:110:33":4,"s:111:8:111:Infinity":13,"f:111:24:111:30":5,"s:111:30:111:58":14,"s:113:2:118:Infinity":15,"f:115:17:115:18":6,"s:116:8:116:Infinity":16}}}
,"C:\\Users\\wolkt\\Desktop\\10xDevs\\10xMovies\\myVOD\\frontend\\myVOD\\src\\components\\admin\\TopMoviesFilters.tsx": {"path":"C:\\Users\\wolkt\\Desktop\\10xDevs\\10xMovies\\myVOD\\frontend\\myVOD\\src\\components\\admin\\TopMoviesFilters.tsx","statementMap":{"0":{"start":{"line":21,"column":20},"end":{"line":21,"column":null}},"1":{"start":{"line":23,"column":4},"end":{"line":23,"column":null}},"2":{"start":{"line":25,"column":27},"end":{"line":27,"column":null}},"3":{"start":{"line":26,"column":4},"end":{"line":26,"column":null}},"4":{"start":{"line":29,"column":28},"end":{"line":31,"column":null}},"5":{"start":{"line":30,"column":4},"end":{"line":30,"column":null}},"6":{"start":{"line":33,"column":2},"end":{"line":80,"column":null}},"7":{"start":{"line":44,"column":43},"end":{"line":44,"column":74}},"8":{"start":{"line":47,"column":43},"end":{"line":47,"column":72}},"9":{"start":{"line":58,"column":25},"end":{"line":58,"column":null}},"10":{"start":{"line":66,"column":25},"end":{"line":66,"column":null}},"11":{"start":{"line":74,"column":25},"end":{"line":74,"column":null}}},"fnMap":{"0":{"name":"TopMoviesFilters","decl":{"start":{"line":20,"column":16},"end":{"line":20,"column":33}},"loc":{"start":{"line":20,"column":77},"end":{"line":82,"column":null}},"line":20},"1":{"name":"(anonymous_1)","decl":{"start":{"line":25,"column":27},"end":{"line":25,"column":28}},"loc":{"start":{"line":25,"column":61},"end":{"line":27,"column":null}},"line":25},"2":{"name":"(anonymous_2)","decl":{"start":{"line":29,"column":28},"end":{"line":29,"column":29}},"loc":{"start":{"line":29,"column":64},"end":{"line":31,"column":null}},"line":29},"3":{"name":"(anonymous_3)","decl":{"start":{"line":44,"column":37},"end":{"line":44,"column":43}},"loc":{"start":{"line":44,"column":43},"end":{"line":44,"column":74}},"line":44},"4":{"name":"(anonymous_4)","decl":{"start":{"line":47,"column":37},"end":{"line":47,"column":43}},"loc":{"start":{"line":47,"column":43},"end":{"line":47,"column":72}},"line":47},"5":{"name":"(anonymous_5)","decl":{"start":{"line":58,"column":19},"end":{"line":58,"column":25}},"loc":{"start":{"line":58,"column":25},"end":{"line":58,"column":null}},"line":58},"6":{"name":"(anonymous_6)","decl":{"start":{"line":66,"column":19},"end":{"line":66,"column":25}},"loc":{"start":{"line":66,"column":25},"end":{"line":66,"column":null}},"line":66},"7":{"name":"(anonymous_7)","decl":{"start":{"line":74,"column":19},"end":{"line":74,"column":25}},"loc":{"start":{"line":74,"column":25},"end":{"line":74,"column":null}},"line":74}},"branchMap":{"0":{"loc":{"start":{"line":21,"column":20},"end":{"line":21,"column":null}},"type":"cond-expr","locations":[{"start":{"line":21,"column":49},"end":{"line":21,"column":64}},{"start":{"line":21,"column":64},"end":{"line":21,"column":null}}],"line":21},"1":{"loc":{"start":{"line":23,"column":4},"end":{"line":23,"column":null}},"type":"cond-expr","locations":[{"start":{"line":23,"column":27},"end":{"line":23,"column":37}},{"start":{"line":23,"column":37},"end":{"line":23,"column":null}}],"line":23},"2":{"loc":{"start":{"line":23,"column":37},"end":{"line":23,"column":null}},"type":"cond-expr","locations":[{"start":{"line":23,"column":61},"end":{"line":23,"column":72}},{"start":{"line":23,"column":72},"end":{"line":23,"column":null}}],"line":23},"3":{"loc":{"start":{"line":56,"column":19},"end":{"line":56,"column":null}},"type":"cond-expr","locations":[{"start":{"line":56,"column":42},"end":{"line":56,"column":54}},{"start":{"line":56,"column":54},"end":{"line":56,"column":null}}],"line":56},"4":{"loc":{"start":{"line":64,"column":19},"end":{"line":64,"column":null}},"type":"cond-expr","locations":[{"start":{"line":64,"column":43},"end":{"line":64,"column":55}},{"start":{"line":64,"column":55},"end":{"line":64,"column":null}}],"line":64},"5":{"loc":{"start":{"line":72,"column":19},"end":{"line":72,"column":null}},"type":"cond-expr","locations":[{"start":{"line":72,"column":43},"end":{"line":72,"column":55}},{"start":{"line":72,"column":55},"end":{"line":72,"column":null}}],"line":72}},"s":{"0":9,"1":9,"2":9,"3":2,"4":9,"5":2,"6":9,"7":0,"8":2,"9":0,"10":2,"11":0},"f":{"0":9,"1":2,"2":2,"3":0,"4":2,"5":0,"6":2,"7":0},"b":{"0":[8,1],"1":[7,2],"2":[1,1],"3":[7,2],"4":[1,8],"5":[1,8]},"meta":{"lastBranch":6,"lastFunction":8,"lastStatement":12,"seen":{"f:20:16:20:33":0,"s:21:20:21:Infinity":0,"b:21:49:21:64:21:64:21:Infinity":0,"s:23:4:23:Infinity":1,"b:23:27:23:37:23:37:23:Infinity":1,"b:23:61:23:72:23:72:23:Infinity":2,"s:25:27:27:Infinity":2,"f:25:27:25:28":1,"s:26:4:26:Infinity":3,"s:29:28:31:Infinity":4,"f:29:28:29:29":2,"s:30:4:30:Infinity":5,"s:33:2:80:Infinity":6,"f:44:37:44:43":3,"s:44:43:44:74":7,"f:47:37:47:43":4,"s:47:43:47:72":8,"b:56:42:56:54:56:54:56:Infinity":3,"f:58:19:58:25":5,"s:58:25:58:Infinity":9,"b:64:43:64:55:64:55:64:Infinity":4,"f:66:19:66:25":6,"s:66:25:66:Infinity":10,"b:72:43:72:55:72:55:72:Infinity":5,"f:74:19:74:25":7,"s:74:25:74:Infinity":11}}}
,"C:\\Users\\wolkt\\Desktop\\10xDevs\\10xMovies\\myVOD\\frontend\\myVOD\\src\\components\\admin\\TopMoviesSection.tsx": {"path":"C:\\Users\\wolkt\\Desktop\\10xDevs\\10xMovies\\myVOD\\frontend\\myVOD\\src\\components\\admin\\TopMoviesSection.tsx","statementMap":{"0":{"start":{"line":13,"column":24},"end":{"line":16,"column":null}},"1":{"start":{"line":18,"column":33},"end":{"line":18,"column":null}},"2":{"start":{"line":20,"column":2},"end":{"line":43,"column":null}}},"fnMap":{"0":{"name":"TopMoviesSection","decl":{"start":{"line":12,"column":16},"end":{"line":12,"column":35}},"loc":{"start":{"line":12,"column":35},"end":{"line":45,"column":null}},"line":12}},"branchMap":{"0":{"loc":{"start":{"line":26,"column":48},"end":{"line":26,"column":70}},"type":"binary-expr","locations":[{"start":{"line":26,"column":48},"end":{"line":26,"column":61}},{"start":{"line":26,"column":61},"end":{"line":26,"column":70}}],"line":26},"1":{"loc":{"start":{"line":30,"column":7},"end":{"line":42,"column":null}},"type":"cond-expr","locations":[{"start":{"line":31,"column":8},"end":{"line":33,"column":null}},{"start":{"line":34,"column":10},"end":{"line":42,"column":null}}],"line":30},"2":{"loc":{"start":{"line":34,"column":10},"end":{"line":42,"column":null}},"type":"cond-expr","locations":[{"start":{"line":35,"column":8},"end":{"line":37,"column":null}},{"start":{"line":38,"column":10},"end":{"line":42,"column":null}}],"line":34},"3":{"loc":{"start":{"line":38,"column":10},"end":{"line":42,"column":null}},"type":"cond-expr","locations":[{"start":{"line":39,"column":8},"end":{"line":41,"column":null}},{"start":{"line":42,"column":10},"end":{"line":42,"column":null}}],"line":38}},"s":{"0":12,"1":12,"2":12},"f":{"0":12},"b":{"0":[12,10],"1":[2,10],"2":[2,8],"3":[8,0]},"meta":{"lastBranch":4,"lastFunction":1,"lastStatement":3,"seen":{"f:12:16:12:35":0,"s:13:24:16:Infinity":0,"s:18:33:18:Infinity":1,"s:20:2:43:Infinity":2,"b:26:48:26:61:26:61:26:70":0,"b:31:8:33:Infinity:34:10:42:Infinity":1,"b:35:8:37:Infinity:38:10:42:Infinity":2,"b:39:8:41:Infinity:42:10:42:Infinity":3}}}
,"C:\\Users\\wolkt\\Desktop\\10xDevs\\10xMovies\\myVOD\\frontend\\myVOD\\src\\components\\admin\\TopMoviesTable.tsx": {"path":"C:\\Users\\wolkt\\Desktop\\10xDevs\\10xMovies\\myVOD\\frontend\\myVOD\\src\\components\\admin\\TopMoviesTable.tsx","statementMap":{"0":{"start":{"line":12,"column":2},"end":{"line":18,"column":null}},"1":{"start":{"line":13,"column":4},"end":{"line":16,"column":null}},"2":{"start":{"line":20,"column":21},"end":{"line":20,"column":null}},"3":{"start":{"line":22,"column":2},"end":{"line":46,"column":null}},"4":{"start":{"line":35,"column":12},"end":{"line":42,"column":null}}},"fnMap":{"0":{"name":"TopMoviesTable","decl":{"start":{"line":11,"column":16},"end":{"line":11,"column":31}},"loc":{"start":{"line":11,"column":62},"end":{"line":48,"column":null}},"line":11},"1":{"name":"(anonymous_1)","decl":{"start":{"line":34,"column":26},"end":{"line":34,"column":27}},"loc":{"start":{"line":35,"column":12},"end":{"line":42,"column":null}},"line":35}},"branchMap":{"0":{"loc":{"start":{"line":12,"column":2},"end":{"line":18,"column":null}},"type":"if","locations":[{"start":{"line":12,"column":2},"end":{"line":18,"column":null}},{"start":{},"end":{}}],"line":12},"1":{"loc":{"start":{"line":12,"column":6},"end":{"line":12,"column":46}},"type":"binary-expr","locations":[{"start":{"line":12,"column":6},"end":{"line":12,"column":21}},{"start":{"line":12,"column":21},"end":{"line":12,"column":46}}],"line":12},"2":{"loc":{"start":{"line":20,"column":21},"end":{"line":20,"column":null}},"type":"cond-expr","locations":[{"start":{"line":20,"column":49},"end":{"line":20,"column":66}},{"start":{"line":20,"column":66},"end":{"line":20,"column":null}}],"line":20},"3":{"loc":{"start":{"line":39,"column":17},"end":{"line":39,"column":null}},"type":"binary-expr","locations":[{"start":{"line":39,"column":17},"end":{"line":39,"column":36}},{"start":{"line":39,"column":36},"end":{"line":39,"column":null}}],"line":39}},"s":{"0":14,"1":2,"2":12,"3":14,"4":34},"f":{"0":14,"1":34},"b":{"0":[2,12],"1":[14,13],"2":[11,1],"3":[34,1]},"meta":{"lastBranch":4,"lastFunction":2,"lastStatement":5,"seen":{"f:11:16:11:31":0,"b:12:2:18:Infinity:undefined:undefined:undefined:undefined":0,"s:12:2:18:Infinity":0,"b:12:6:12:21:12:21:12:46":1,"s:13:4:16:Infinity":1,"s:20:21:20:Infinity":2,"b:20:49:20:66:20:66:20:Infinity":2,"s:22:2:46:Infinity":3,"f:34:26:34:27":1,"s:35:12:42:Infinity":4,"b:39:17:39:36:39:36:39:Infinity":3}}}
,"C:\\Users\\wolkt\\Desktop\\10xDevs\\10xMovies\\myVOD\\frontend\\myVOD\\src\\components\\onboarding\\ActionBar.tsx": {"path":"C:\\Users\\wolkt\\Desktop\\10xDevs\\10xMovies\\myVOD\\frontend\\myVOD\\src\\components\\onboarding\\ActionBar.tsx","statementMap":{"0":{"start":{"line":15,"column":2},"end":{"line":36,"column":null}}},"fnMap":{"0":{"name":"ActionBar","decl":{"start":{"line":6,"column":16},"end":{"line":6,"column":26}},"loc":{"start":{"line":14,"column":3},"end":{"line":38,"column":null}},"line":14}},"branchMap":{"0":{"loc":{"start":{"line":9,"column":2},"end":{"line":9,"column":null}},"type":"default-arg","locations":[{"start":{"line":9,"column":11},"end":{"line":9,"column":null}}],"line":9},"1":{"loc":{"start":{"line":32,"column":20},"end":{"line":32,"column":null}},"type":"cond-expr","locations":[{"start":{"line":32,"column":29},"end":{"line":32,"column":62}},{"start":{"line":32,"column":62},"end":{"line":32,"column":null}}],"line":32},"2":{"loc":{"start":{"line":34,"column":9},"end":{"line":34,"column":null}},"type":"cond-expr","locations":[{"start":{"line":34,"column":18},"end":{"line":34,"column":32}},{"start":{"line":34,"column":32},"end":{"line":34,"column":null}}],"line":34}},"s":{"0":60},"f":{"0":60},"b":{"0":[60],"1":[13,47],"2":[13,47]},"meta":{"lastBranch":3,"lastFunction":1,"lastStatement":1,"seen":{"f:6:16:6:26":0,"b:9:11:9:Infinity":0,"s:15:2:36:Infinity":0,"b:32:29:32:62:32:62:32:Infinity":1,"b:34:18:34:32:34:32:34:Infinity":2}}}
,"C:\\Users\\wolkt\\Desktop\\10xDevs\\10xMovies\\myVOD\\frontend\\myVOD\\src\\components\\onboarding\\AddedMovieCard.tsx": {"path":"C:\\Users\\wolkt\\Desktop\\10xDevs\\10xMovies\\myVOD\\frontend\\myVOD\\src\\components\\onboarding\\AddedMovieCard.tsx","statementMap":{"0":{"start":{"line":19,"column":2},"end":{"line":57,"column":null}}},"fnMap":{"0":{"name":"AddedMovieCard","decl":{"start":{"line":18,"column":16},"end":{"line":18,"column":31}},"loc":{"start":{"line":18,"column":84},"end":{"line":59,"column":null}},"line":18}},"branchMap":{"0":{"loc":{"start":{"line":30,"column":9},"end":{"line":30,"column":null}},"type":"cond-expr","locations":[{"start":{"line":30,"column":22},"end":{"line":30,"column":69}},{"start":{"line":30,"column":69},"end":{"line":30,"column":null}}],"line":30},"1":{"loc":{"start":{"line":34,"column":9},"end":{"line":44,"column":null}},"type":"cond-expr","locations":[{"start":{"line":35,"column":10},"end":{"line":40,"column":null}},{"start":{"line":42,"column":10},"end":{"line":44,"column":null}}],"line":34},"2":{"loc":{"start":{"line":53,"column":9},"end":{"line":54,"column":null}},"type":"binary-expr","locations":[{"start":{"line":53,"column":9},"end":{"line":53,"column":null}},{"start":{"line":54,"column":10},"end":{"line":54,"column":null}}],"line":53}},"s":{"0":24},"f":{"0":24},"b":{"0":[1,23],"1":[13,11],"2":[24,23]},"meta":{"lastBranch":3,"lastFunction":1,"lastStatement":1,"seen":{"f:18:16:18:31":0,"s:19:2:57:Infinity":0,"b:30:22:30:69:30:69:30:Infinity":0,"b:35:10:40:Infinity:42:10:44:Infinity":1,"b:53:9:53:Infinity:54:10:54:Infinity":2}}}
,"C:\\Users\\wolkt\\Desktop\\10xDevs\\10xMovies\\myVOD\\frontend\\myVOD\\src\\components\\onboarding\\AddedMoviesGrid.tsx": {"path":"C:\\Users\\wolkt\\Desktop\\10xDevs\\10xMovies\\myVOD\\frontend\\myVOD\\src\\components\\onboarding\\AddedMoviesGrid.tsx","statementMap":{"0":{"start":{"line":19,"column":2},"end":{"line":25,"column":null}},"1":{"start":{"line":20,"column":4},"end":{"line":23,"column":null}},"2":{"start":{"line":27,"column":2},"end":{"line":66,"column":null}},"3":{"start":{"line":41,"column":10},"end":{"line":50,"column":null}},"4":{"start":{"line":47,"column":30},"end":{"line":47,"column":null}},"5":{"start":{"line":55,"column":10},"end":{"line":63,"column":null}}},"fnMap":{"0":{"name":"AddedMoviesGrid","decl":{"start":{"line":18,"column":16},"end":{"line":18,"column":32}},"loc":{"start":{"line":18,"column":92},"end":{"line":68,"column":null}},"line":18},"1":{"name":"(anonymous_1)","decl":{"start":{"line":40,"column":19},"end":{"line":40,"column":20}},"loc":{"start":{"line":41,"column":10},"end":{"line":50,"column":null}},"line":41},"2":{"name":"(anonymous_2)","decl":{"start":{"line":47,"column":24},"end":{"line":47,"column":30}},"loc":{"start":{"line":47,"column":30},"end":{"line":47,"column":null}},"line":47},"3":{"name":"(anonymous_3)","decl":{"start":{"line":54,"column":67},"end":{"line":54,"column":68}},"loc":{"start":{"line":55,"column":10},"end":{"line":63,"column":null}},"line":55}},"branchMap":{"0":{"loc":{"start":{"line":19,"column":2},"end":{"line":25,"column":null}},"type":"if","locations":[{"start":{"line":19,"column":2},"end":{"line":25,"column":null}},{"start":{},"end":{}}],"line":19},"1":{"loc":{"start":{"line":48,"column":26},"end":{"line":48,"column":null}},"type":"binary-expr","locations":[{"start":{"line":48,"column":26},"end":{"line":48,"column":63}},{"start":{"line":48,"column":63},"end":{"line":48,"column":null}}],"line":48}},"s":{"0":32,"1":17,"2":15,"3":24,"4":1,"5":21},"f":{"0":32,"1":24,"2":1,"3":21},"b":{"0":[17,15],"1":[24,14]},"meta":{"lastBranch":2,"lastFunction":4,"lastStatement":6,"seen":{"f:18:16:18:32":0,"b:19:2:25:Infinity:undefined:undefined:undefined:undefined":0,"s:19:2:25:Infinity":0,"s:20:4:23:Infinity":1,"s:27:2:66:Infinity":2,"f:40:19:40:20":1,"s:41:10:50:Infinity":3,"f:47:24:47:30":2,"s:47:30:47:Infinity":4,"b:48:26:48:63:48:63:48:Infinity":1,"f:54:67:54:68":3,"s:55:10:63:Infinity":5}}}
,"C:\\Users\\wolkt\\Desktop\\10xDevs\\10xMovies\\myVOD\\frontend\\myVOD\\src\\components\\onboarding\\MovieSearchCombobox.tsx": {"path":"C:\\Users\\wolkt\\Desktop\\10xDevs\\10xMovies\\myVOD\\frontend\\myVOD\\src\\components\\onboarding\\MovieSearchCombobox.tsx","statementMap":{"0":{"start":{"line":26,"column":24},"end":{"line":26,"column":null}},"1":{"start":{"line":27,"column":26},"end":{"line":27,"column":null}},"2":{"start":{"line":28,"column":36},"end":{"line":28,"column":null}},"3":{"start":{"line":29,"column":8},"end":{"line":29,"column":null}},"4":{"start":{"line":30,"column":8},"end":{"line":30,"column":null}},"5":{"start":{"line":32,"column":8},"end":{"line":32,"column":null}},"6":{"start":{"line":33,"column":18},"end":{"line":33,"column":null}},"7":{"start":{"line":34,"column":40},"end":{"line":34,"column":null}},"8":{"start":{"line":37,"column":2},"end":{"line":39,"column":null}},"9":{"start":{"line":38,"column":4},"end":{"line":38,"column":null}},"10":{"start":{"line":42,"column":2},"end":{"line":47,"column":null}},"11":{"start":{"line":43,"column":4},"end":{"line":46,"column":null}},"12":{"start":{"line":44,"column":6},"end":{"line":44,"column":null}},"13":{"start":{"line":45,"column":6},"end":{"line":45,"column":null}},"14":{"start":{"line":49,"column":28},"end":{"line":52,"column":null}},"15":{"start":{"line":50,"column":4},"end":{"line":50,"column":null}},"16":{"start":{"line":51,"column":4},"end":{"line":51,"column":null}},"17":{"start":{"line":54,"column":24},"end":{"line":82,"column":null}},"18":{"start":{"line":55,"column":4},"end":{"line":55,"column":null}},"19":{"start":{"line":55,"column":41},"end":{"line":55,"column":null}},"20":{"start":{"line":57,"column":4},"end":{"line":81,"column":null}},"21":{"start":{"line":59,"column":8},"end":{"line":59,"column":null}},"22":{"start":{"line":60,"column":8},"end":{"line":60,"column":null}},"23":{"start":{"line":60,"column":24},"end":{"line":60,"column":60}},"24":{"start":{"line":61,"column":8},"end":{"line":61,"column":null}},"25":{"start":{"line":63,"column":8},"end":{"line":63,"column":null}},"26":{"start":{"line":64,"column":8},"end":{"line":64,"column":null}},"27":{"start":{"line":64,"column":24},"end":{"line":64,"column":77}},"28":{"start":{"line":65,"column":8},"end":{"line":65,"column":null}},"29":{"start":{"line":67,"column":8},"end":{"line":67,"column":null}},"30":{"start":{"line":68,"column":8},"end":{"line":73,"column":null}},"31":{"start":{"line":69,"column":31},"end":{"line":69,"column":null}},"32":{"start":{"line":70,"column":10},"end":{"line":72,"column":null}},"33":{"start":{"line":71,"column":12},"end":{"line":71,"column":null}},"34":{"start":{"line":74,"column":8},"end":{"line":74,"column":null}},"35":{"start":{"line":76,"column":8},"end":{"line":76,"column":null}},"36":{"start":{"line":77,"column":8},"end":{"line":77,"column":null}},"37":{"start":{"line":78,"column":8},"end":{"line":78,"column":null}},"38":{"start":{"line":79,"column":8},"end":{"line":79,"column":null}},"39":{"start":{"line":80,"column":8},"end":{"line":80,"column":null}},"40":{"start":{"line":84,"column":29},"end":{"line":90,"column":null}},"41":{"start":{"line":85,"column":4},"end":{"line":85,"column":null}},"42":{"start":{"line":85,"column":42},"end":{"line":85,"column":null}},"43":{"start":{"line":87,"column":4},"end":{"line":87,"column":null}},"44":{"start":{"line":92,"column":19},"end":{"line":92,"column":null}},"45":{"start":{"line":94,"column":2},"end":{"line":146,"column":null}},"46":{"start":{"line":104,"column":31},"end":{"line":104,"column":null}},"47":{"start":{"line":123,"column":34},"end":{"line":123,"column":null}}},"fnMap":{"0":{"name":"MovieSearchCombobox","decl":{"start":{"line":22,"column":16},"end":{"line":22,"column":36}},"loc":{"start":{"line":25,"column":29},"end":{"line":148,"column":null}},"line":25},"1":{"name":"(anonymous_1)","decl":{"start":{"line":37,"column":12},"end":{"line":37,"column":18}},"loc":{"start":{"line":37,"column":18},"end":{"line":39,"column":5}},"line":37},"2":{"name":"(anonymous_2)","decl":{"start":{"line":42,"column":12},"end":{"line":42,"column":18}},"loc":{"start":{"line":42,"column":18},"end":{"line":47,"column":5}},"line":42},"3":{"name":"(anonymous_3)","decl":{"start":{"line":49,"column":28},"end":{"line":49,"column":29}},"loc":{"start":{"line":49,"column":47},"end":{"line":52,"column":null}},"line":49},"4":{"name":"(anonymous_4)","decl":{"start":{"line":54,"column":24},"end":{"line":54,"column":25}},"loc":{"start":{"line":54,"column":56},"end":{"line":82,"column":null}},"line":54},"5":{"name":"(anonymous_5)","decl":{"start":{"line":60,"column":23},"end":{"line":60,"column":24}},"loc":{"start":{"line":60,"column":24},"end":{"line":60,"column":60}},"line":60},"6":{"name":"(anonymous_6)","decl":{"start":{"line":64,"column":23},"end":{"line":64,"column":24}},"loc":{"start":{"line":64,"column":24},"end":{"line":64,"column":77}},"line":64},"7":{"name":"(anonymous_7)","decl":{"start":{"line":84,"column":29},"end":{"line":84,"column":30}},"loc":{"start":{"line":84,"column":55},"end":{"line":90,"column":null}},"line":84},"8":{"name":"(anonymous_8)","decl":{"start":{"line":104,"column":24},"end":{"line":104,"column":25}},"loc":{"start":{"line":104,"column":31},"end":{"line":104,"column":null}},"line":104},"9":{"name":"(anonymous_9)","decl":{"start":{"line":123,"column":27},"end":{"line":123,"column":28}},"loc":{"start":{"line":123,"column":34},"end":{"line":123,"column":null}},"line":123}},"branchMap":{"0":{"loc":{"start":{"line":33,"column":18},"end":{"line":33,"column":null}},"type":"binary-expr","locations":[{"start":{"line":33,"column":18},"end":{"line":33,"column":38}},{"start":{"line":33,"column":38},"end":{"line":33,"column":null}}],"line":33},"1":{"loc":{"start":{"line":43,"column":4},"end":{"line":46,"column":null}},"type":"if","locations":[{"start":{"line":43,"column":4},"end":{"line":46,"column":null}},{"start":{},"end":{}}],"line":43},"2":{"loc":{"start":{"line":55,"column":4},"end":{"line":55,"column":null}},"type":"if","locations":[{"start":{"line":55,"column":4},"end":{"line":55,"column":null}},{"start":{},"end":{}}],"line":55},"3":{"loc":{"start":{"line":55,"column":8},"end":{"line":55,"column":41}},"type":"binary-expr","locations":[{"start":{"line":55,"column":8},"end":{"line":55,"column":19}},{"start":{"line":55,"column":19},"end":{"line":55,"column":41}}],"line":55},"4":{"loc":{"start":{"line":57,"column":4},"end":{"line":81,"column":null}},"type":"switch","locations":[{"start":{"line":58,"column":6},"end":{"line":61,"column":null}},{"start":{"line":62,"column":6},"end":{"line":65,"column":null}},{"start":{"line":66,"column":6},"end":{"line":74,"column":null}},{"start":{"line":75,"column":6},"end":{"line":80,"column":null}}],"line":57},"5":{"loc":{"start":{"line":68,"column":8},"end":{"line":73,"column":null}},"type":"if","locations":[{"start":{"line":68,"column":8},"end":{"line":73,"column":null}},{"start":{},"end":{}}],"line":68},"6":{"loc":{"start":{"line":68,"column":12},"end":{"line":68,"column":62}},"type":"binary-expr","locations":[{"start":{"line":68,"column":12},"end":{"line":68,"column":32}},{"start":{"line":68,"column":32},"end":{"line":68,"column":62}}],"line":68},"7":{"loc":{"start":{"line":70,"column":10},"end":{"line":72,"column":null}},"type":"if","locations":[{"start":{"line":70,"column":10},"end":{"line":72,"column":null}},{"start":{},"end":{}}],"line":70},"8":{"loc":{"start":{"line":85,"column":4},"end":{"line":85,"column":null}},"type":"if","locations":[{"start":{"line":85,"column":4},"end":{"line":85,"column":null}},{"start":{},"end":{}}],"line":85},"9":{"loc":{"start":{"line":92,"column":19},"end":{"line":92,"column":null}},"type":"cond-expr","locations":[{"start":{"line":92,"column":38},"end":{"line":92,"column":81}},{"start":{"line":92,"column":81},"end":{"line":92,"column":null}}],"line":92},"10":{"loc":{"start":{"line":113,"column":13},"end":{"line":116,"column":null}},"type":"binary-expr","locations":[{"start":{"line":113,"column":13},"end":{"line":113,"column":null}},{"start":{"line":114,"column":14},"end":{"line":116,"column":null}}],"line":113},"11":{"loc":{"start":{"line":126,"column":11},"end":{"line":136,"column":null}},"type":"cond-expr","locations":[{"start":{"line":127,"column":12},"end":{"line":129,"column":null}},{"start":{"line":131,"column":12},"end":{"line":136,"column":null}}],"line":126},"12":{"loc":{"start":{"line":141,"column":7},"end":{"line":144,"column":null}},"type":"binary-expr","locations":[{"start":{"line":141,"column":7},"end":{"line":141,"column":30}},{"start":{"line":141,"column":30},"end":{"line":141,"column":null}},{"start":{"line":142,"column":8},"end":{"line":144,"column":null}}],"line":141}},"s":{"0":70,"1":70,"2":70,"3":70,"4":70,"5":70,"6":70,"7":70,"8":70,"9":38,"10":70,"11":45,"12":33,"13":33,"14":70,"15":13,"16":13,"17":70,"18":10,"19":4,"20":6,"21":3,"22":3,"23":3,"24":3,"25":1,"26":1,"27":1,"28":1,"29":1,"30":1,"31":1,"32":1,"33":1,"34":1,"35":1,"36":1,"37":1,"38":1,"39":1,"40":70,"41":3,"42":0,"43":3,"44":70,"45":70,"46":13,"47":0},"f":{"0":70,"1":38,"2":45,"3":13,"4":10,"5":3,"6":1,"7":3,"8":13,"9":0},"b":{"0":[70,23],"1":[33,12],"2":[4,6],"3":[10,6],"4":[6,1,1,1],"5":[1,0],"6":[1,1],"7":[1,0],"8":[0,3],"9":[4,66],"10":[70,3],"11":[3,67],"12":[70,70,27]},"meta":{"lastBranch":13,"lastFunction":10,"lastStatement":48,"seen":{"f:22:16:22:36":0,"s:26:24:26:Infinity":0,"s:27:26:27:Infinity":1,"s:28:36:28:Infinity":2,"s:29:8:29:Infinity":3,"s:30:8:30:Infinity":4,"s:32:8:32:Infinity":5,"s:33:18:33:Infinity":6,"b:33:18:33:38:33:38:33:Infinity":0,"s:34:40:34:Infinity":7,"s:37:2:39:Infinity":8,"f:37:12:37:18":1,"s:38:4:38:Infinity":9,"s:42:2:47:Infinity":10,"f:42:12:42:18":2,"b:43:4:46:Infinity:undefined:undefined:undefined:undefined":1,"s:43:4:46:Infinity":11,"s:44:6:44:Infinity":12,"s:45:6:45:Infinity":13,"s:49:28:52:Infinity":14,"f:49:28:49:29":3,"s:50:4:50:Infinity":15,"s:51:4:51:Infinity":16,"s:54:24:82:Infinity":17,"f:54:24:54:25":4,"b:55:4:55:Infinity:undefined:undefined:undefined:undefined":2,"s:55:4:55:Infinity":18,"b:55:8:55:19:55:19:55:41":3,"s:55:41:55:Infinity":19,"b:58:6:61:Infinity:62:6:65:Infinity:66:6:74:Infinity:75:6:80:Infinity":4,"s:57:4:81:Infinity":20,"s:59:8:59:Infinity":21,"s:60:8:60:Infinity":22,"f:60:23:60:24":5,"s:60:24:60:60":23,"s:61:8:61:Infinity":24,"s:63:8:63:Infinity":25,"s:64:8:64:Infinity":26,"f:64:23:64:24":6,"s:64:24:64:77":27,"s:65:8:65:Infinity":28,"s:67:8:67:Infinity":29,"b:68:8:73:Infinity:undefined:undefined:undefined:undefined":5,"s:68:8:73:Infinity":30,"b:68:12:68:32:68:32:68:62":6,"s:69:31:69:Infinity":31,"b:70:10:72:Infinity:undefined:undefined:undefined:undefined":7,"s:70:10:72:Infinity":32,"s:71:12:71:Infinity":33,"s:74:8:74:Infinity":34,"s:76:8:76:Infinity":35,"s:77:8:77:Infinity":36,"s:78:8:78:Infinity":37,"s:79:8:79:Infinity":38,"s:80:8:80:Infinity":39,"s:84:29:90:Infinity":40,"f:84:29:84:30":7,"b:85:4:85:Infinity:undefined:undefined:undefined:undefined":8,"s:85:4:85:Infinity":41,"s:85:42:85:Infinity":42,"s:87:4:87:Infinity":43,"s:92:19:92:Infinity":44,"b:92:38:92:81:92:81:92:Infinity":9,"s:94:2:146:Infinity":45,"f:104:24:104:25":8,"s:104:31:104:Infinity":46,"b:113:13:113:Infinity:114:14:116:Infinity":10,"f:123:27:123:28":9,"s:123:34:123:Infinity":47,"b:127:12:129:Infinity:131:12:136:Infinity":11,"b:141:7:141:30:141:30:141:Infinity:142:8:144:Infinity":12}}}
,"C:\\Users\\wolkt\\Desktop\\10xDevs\\10xMovies\\myVOD\\frontend\\myVOD\\src\\components\\onboarding\\OnboardingFooterNav.tsx": {"path":"C:\\Users\\wolkt\\Desktop\\10xDevs\\10xMovies\\myVOD\\frontend\\myVOD\\src\\components\\onboarding\\OnboardingFooterNav.tsx","statementMap":{"0":{"start":{"line":17,"column":2},"end":{"line":35,"column":null}}},"fnMap":{"0":{"name":"OnboardingFooterNav","decl":{"start":{"line":16,"column":16},"end":{"line":16,"column":36}},"loc":{"start":{"line":16,"column":82},"end":{"line":37,"column":null}},"line":16}},"branchMap":{},"s":{"0":20},"f":{"0":20},"b":{},"meta":{"lastBranch":0,"lastFunction":1,"lastStatement":1,"seen":{"f:16:16:16:36":0,"s:17:2:35:Infinity":0}}}
,"C:\\Users\\wolkt\\Desktop\\10xDevs\\10xMovies\\myVOD\\frontend\\myVOD\\src\\components\\onboarding\\OnboardingHeader.tsx": {"path":"C:\\Users\\wolkt\\Desktop\\10xDevs\\10xMovies\\myVOD\\frontend\\myVOD\\src\\components\\onboarding\\OnboardingHeader.tsx","statementMap":{"0":{"start":{"line":11,"column":2},"end":{"line":17,"column":null}}},"fnMap":{"0":{"name":"OnboardingHeader","decl":{"start":{"line":4,"column":16},"end":{"line":4,"column":33}},"loc":{"start":{"line":10,"column":3},"end":{"line":19,"column":null}},"line":10}},"branchMap":{"0":{"loc":{"start":{"line":14,"column":7},"end":{"line":15,"column":null}},"type":"binary-expr","locations":[{"start":{"line":14,"column":7},"end":{"line":14,"column":null}},{"start":{"line":15,"column":8},"end":{"line":15,"column":null}}],"line":14}},"s":{"0":121},"f":{"0":121},"b":{"0":[121,120]},"meta":{"lastBranch":1,"lastFunction":1,"lastStatement":1,"seen":{"f:4:16:4:33":0,"s:11:2:17:Infinity":0,"b:14:7:14:Infinity:15:8:15:Infinity":0}}}
,"C:\\Users\\wolkt\\Desktop\\10xDevs\\10xMovies\\myVOD\\frontend\\myVOD\\src\\components\\onboarding\\OnboardingLayout.tsx": {"path":"C:\\Users\\wolkt\\Desktop\\10xDevs\\10xMovies\\myVOD\\frontend\\myVOD\\src\\components\\onboarding\\OnboardingLayout.tsx","statementMap":{"0":{"start":{"line":18,"column":2},"end":{"line":43,"column":null}}},"fnMap":{"0":{"name":"OnboardingLayout","decl":{"start":{"line":7,"column":16},"end":{"line":7,"column":33}},"loc":{"start":{"line":17,"column":3},"end":{"line":45,"column":null}},"line":17}},"branchMap":{"0":{"loc":{"start":{"line":26,"column":15},"end":{"line":27,"column":null}},"type":"binary-expr","locations":[{"start":{"line":26,"column":15},"end":{"line":26,"column":null}},{"start":{"line":27,"column":16},"end":{"line":27,"column":null}}],"line":26},"1":{"loc":{"start":{"line":30,"column":13},"end":{"line":33,"column":null}},"type":"binary-expr","locations":[{"start":{"line":30,"column":13},"end":{"line":30,"column":null}},{"start":{"line":31,"column":14},"end":{"line":33,"column":null}}],"line":30}},"s":{"0":123},"f":{"0":123},"b":{"0":[123,2],"1":[123,117]},"meta":{"lastBranch":2,"lastFunction":1,"lastStatement":1,"seen":{"f:7:16:7:33":0,"s:18:2:43:Infinity":0,"b:26:15:26:Infinity:27:16:27:Infinity":0,"b:30:13:30:Infinity:31:14:33:Infinity":1}}}
[...]
},"end":{"line":31,"column":null}},"10":{"start":{"line":33,"column":4},"end":{"line":33,"column":null}},"11":{"start":{"line":35,"column":4},"end":{"line":35,"column":null}},"12":{"start":{"line":36,"column":4},"end":{"line":36,"column":null}},"13":{"start":{"line":44,"column":15},"end":{"line":44,"column":null}},"14":{"start":{"line":45,"column":2},"end":{"line":45,"column":null}},"15":{"start":{"line":53,"column":2},"end":{"line":81,"column":null}},"16":{"start":{"line":54,"column":4},"end":{"line":56,"column":null}},"17":{"start":{"line":55,"column":6},"end":{"line":55,"column":null}},"18":{"start":{"line":58,"column":17},"end":{"line":58,"column":null}},"19":{"start":{"line":61,"column":4},"end":{"line":63,"column":null}},"20":{"start":{"line":62,"column":6},"end":{"line":62,"column":null}},"21":{"start":{"line":65,"column":16},"end":{"line":65,"column":null}},"22":{"start":{"line":66,"column":21},"end":{"line":66,"column":null}},"23":{"start":{"line":67,"column":26},"end":{"line":67,"column":null}},"24":{"start":{"line":68,"column":24},"end":{"line":68,"column":null}},"25":{"start":{"line":69,"column":23},"end":{"line":69,"column":null}},"26":{"start":{"line":71,"column":4},"end":{"line":71,"column":null}},"27":{"start":{"line":71,"column":27},"end":{"line":71,"column":null}},"28":{"start":{"line":72,"column":4},"end":{"line":72,"column":null}},"29":{"start":{"line":72,"column":28},"end":{"line":72,"column":null}},"30":{"start":{"line":73,"column":4},"end":{"line":73,"column":null}},"31":{"start":{"line":73,"column":26},"end":{"line":73,"column":null}},"32":{"start":{"line":74,"column":4},"end":{"line":74,"column":null}},"33":{"start":{"line":74,"column":24},"end":{"line":74,"column":null}},"34":{"start":{"line":77,"column":4},"end":{"line":77,"column":null}},"35":{"start":{"line":79,"column":4},"end":{"line":79,"column":null}},"36":{"start":{"line":80,"column":4},"end":{"line":80,"column":null}}},"fnMap":{"0":{"name":"formatLastCheckedDate","decl":{"start":{"line":9,"column":16},"end":{"line":9,"column":38}},"loc":{"start":{"line":9,"column":66},"end":{"line":38,"column":null}},"line":9},"1":{"name":"isValidDate","decl":{"start":{"line":43,"column":16},"end":{"line":43,"column":28}},"loc":{"start":{"line":43,"column":57},"end":{"line":46,"column":null}},"line":43},"2":{"name":"formatRelativeTime","decl":{"start":{"line":52,"column":16},"end":{"line":52,"column":35}},"loc":{"start":{"line":52,"column":63},"end":{"line":82,"column":null}},"line":52}},"branchMap":{"0":{"loc":{"start":{"line":10,"column":2},"end":{"line":12,"column":null}},"type":"if","locations":[{"start":{"line":10,"column":2},"end":{"line":12,"column":null}},{"start":{},"end":{}}],"line":10},"1":{"loc":{"start":{"line":18,"column":4},"end":{"line":20,"column":null}},"type":"if","locations":[{"start":{"line":18,"column":4},"end":{"line":20,"column":null}},{"start":{},"end":{}}],"line":18},"2":{"loc":{"start":{"line":54,"column":4},"end":{"line":56,"column":null}},"type":"if","locations":[{"start":{"line":54,"column":4},"end":{"line":56,"column":null}},{"start":{},"end":{}}],"line":54},"3":{"loc":{"start":{"line":61,"column":4},"end":{"line":63,"column":null}},"type":"if","locations":[{"start":{"line":61,"column":4},"end":{"line":63,"column":null}},{"start":{},"end":{}}],"line":61},"4":{"loc":{"start":{"line":71,"column":4},"end":{"line":71,"column":null}},"type":"if","locations":[{"start":{"line":71,"column":4},"end":{"line":71,"column":null}},{"start":{},"end":{}}],"line":71},"5":{"loc":{"start":{"line":72,"column":4},"end":{"line":72,"column":null}},"type":"if","locations":[{"start":{"line":72,"column":4},"end":{"line":72,"column":null}},{"start":{},"end":{}}],"line":72},"6":{"loc":{"start":{"line":73,"column":4},"end":{"line":73,"column":null}},"type":"if","locations":[{"start":{"line":73,"column":4},"end":{"line":73,"column":null}},{"start":{},"end":{}}],"line":73},"7":{"loc":{"start":{"line":74,"column":4},"end":{"line":74,"column":null}},"type":"if","locations":[{"start":{"line":74,"column":4},"end":{"line":74,"column":null}},{"start":{},"end":{}}],"line":74}},"s":{"0":12,"1":2,"2":10,"3":10,"4":10,"5":2,"6":8,"7":8,"8":8,"9":8,"10":8,"11":0,"12":0,"13":21,"14":21,"15":14,"16":14,"17":0,"18":14,"19":14,"20":2,"21":12,"22":12,"23":12,"24":12,"25":12,"26":12,"27":4,"28":8,"29":8,"30":6,"31":6,"32":4,"33":4,"34":2,"35":0,"36":0},"f":{"0":12,"1":21,"2":14},"b":{"0":[2,10],"1":[2,8],"2":[0,14],"3":[2,12],"4":[4,8],"5":[2,6],"6":[2,4],"7":[2,2]},"meta":{"lastBranch":8,"lastFunction":3,"lastStatement":37,"seen":{"f:9:16:9:38":0,"b:10:2:12:Infinity:undefined:undefined:undefined:undefined":0,"s:10:2:12:Infinity":0,"s:11:4:11:Infinity":1,"s:14:2:37:Infinity":2,"s:15:17:15:Infinity":3,"b:18:4:20:Infinity:undefined:undefined:undefined:undefined":1,"s:18:4:20:Infinity":4,"s:19:6:19:Infinity":5,"s:22:16:22:Infinity":6,"s:23:17:23:Infinity":7,"s:26:23:29:Infinity":8,"s:31:22:31:Infinity":9,"s:33:4:33:Infinity":10,"s:35:4:35:Infinity":11,"s:36:4:36:Infinity":12,"f:43:16:43:28":1,"s:44:15:44:Infinity":13,"s:45:2:45:Infinity":14,"f:52:16:52:35":2,"s:53:2:81:Infinity":15,"b:54:4:56:Infinity:undefined:undefined:undefined:undefined":2,"s:54:4:56:Infinity":16,"s:55:6:55:Infinity":17,"s:58:17:58:Infinity":18,"b:61:4:63:Infinity:undefined:undefined:undefined:undefined":3,"s:61:4:63:Infinity":19,"s:62:6:62:Infinity":20,"s:65:16:65:Infinity":21,"s:66:21:66:Infinity":22,"s:67:26:67:Infinity":23,"s:68:24:68:Infinity":24,"s:69:23:69:Infinity":25,"b:71:4:71:Infinity:undefined:undefined:undefined:undefined":4,"s:71:4:71:Infinity":26,"s:71:27:71:Infinity":27,"b:72:4:72:Infinity:undefined:undefined:undefined:undefined":5,"s:72:4:72:Infinity":28,"s:72:28:72:Infinity":29,"b:73:4:73:Infinity:undefined:undefined:undefined:undefined":6,"s:73:4:73:Infinity":30,"s:73:26:73:Infinity":31,"b:74:4:74:Infinity:undefined:undefined:undefined:undefined":7,"s:74:4:74:Infinity":32,"s:74:24:74:Infinity":33,"s:77:4:77:Infinity":34,"s:79:4:79:Infinity":35,"s:80:4:80:Infinity":36}}}
,"C:\\Users\\wolkt\\Desktop\\10xDevs\\10xMovies\\myVOD\\frontend\\myVOD\\src\\utils\\error-logger.ts": {"path":"C:\\Users\\wolkt\\Desktop\\10xDevs\\10xMovies\\myVOD\\frontend\\myVOD\\src\\utils\\error-logger.ts","statementMap":{"0":{"start":{"line":19,"column":8},"end":{"line":19,"column":null}},"1":{"start":{"line":20,"column":18},"end":{"line":27,"column":null}},"2":{"start":{"line":30,"column":2},"end":{"line":30,"column":null}},"3":{"start":{"line":40,"column":2},"end":{"line":49,"column":null}},"4":{"start":{"line":56,"column":2},"end":{"line":61,"column":null}},"5":{"start":{"line":68,"column":2},"end":{"line":73,"column":null}}},"fnMap":{"0":{"name":"logIntegrationError","decl":{"start":{"line":18,"column":16},"end":{"line":18,"column":36}},"loc":{"start":{"line":18,"column":61},"end":{"line":34,"column":null}},"line":18},"1":{"name":"logTMDBImageError","decl":{"start":{"line":39,"column":16},"end":{"line":39,"column":34}},"loc":{"start":{"line":39,"column":91},"end":{"line":50,"column":null}},"line":39},"2":{"name":"logWatchmodeError","decl":{"start":{"line":55,"column":16},"end":{"line":55,"column":34}},"loc":{"start":{"line":55,"column":100},"end":{"line":62,"column":null}},"line":55},"3":{"name":"logGeminiError","decl":{"start":{"line":67,"column":16},"end":{"line":67,"column":31}},"loc":{"start":{"line":67,"column":97},"end":{"line":74,"column":null}},"line":67}},"branchMap":{},"s":{"0":26,"1":26,"2":26,"3":4,"4":2,"5":2},"f":{"0":26,"1":4,"2":2,"3":2},"b":{},"meta":{"lastBranch":0,"lastFunction":4,"lastStatement":6,"seen":{"f:18:16:18:36":0,"s:19:8:19:Infinity":0,"s:20:18:27:Infinity":1,"s:30:2:30:Infinity":2,"f:39:16:39:34":1,"s:40:2:49:Infinity":3,"f:55:16:55:34":2,"s:56:2:61:Infinity":4,"f:67:16:67:31":3,"s:68:2:73:Infinity":5}}}
,"C:\\Users\\wolkt\\Desktop\\10xDevs\\10xMovies\\myVOD\\frontend\\myVOD\\src\\utils\\mapRegisterError.ts": {"path":"C:\\Users\\wolkt\\Desktop\\10xDevs\\10xMovies\\myVOD\\frontend\\myVOD\\src\\utils\\mapRegisterError.ts","statementMap":{"0":{"start":{"line":8,"column":25},"end":{"line":23,"column":null}},"1":{"start":{"line":9,"column":2},"end":{"line":11,"column":null}},"2":{"start":{"line":10,"column":4},"end":{"line":10,"column":null}},"3":{"start":{"line":13,"column":2},"end":{"line":20,"column":null}},"4":{"start":{"line":14,"column":24},"end":{"line":16,"column":null}},"5":{"start":{"line":15,"column":32},"end":{"line":15,"column":null}},"6":{"start":{"line":17,"column":4},"end":{"line":19,"column":null}},"7":{"start":{"line":18,"column":6},"end":{"line":18,"column":null}},"8":{"start":{"line":22,"column":2},"end":{"line":22,"column":null}},"9":{"start":{"line":25,"column":23},"end":{"line":58,"column":null}},"10":{"start":{"line":26,"column":2},"end":{"line":28,"column":null}},"11":{"start":{"line":27,"column":4},"end":{"line":27,"column":null}},"12":{"start":{"line":30,"column":2},"end":{"line":32,"column":null}},"13":{"start":{"line":31,"column":4},"end":{"line":31,"column":null}},"14":{"start":{"line":34,"column":2},"end":{"line":36,"column":null}},"15":{"start":{"line":35,"column":4},"end":{"line":35,"column":null}},"16":{"start":{"line":38,"column":14},"end":{"line":38,"column":null}},"17":{"start":{"line":44,"column":23},"end":{"line":46,"column":null}},"18":{"start":{"line":48,"column":21},"end":{"line":48,"column":null}},"19":{"start":{"line":50,"column":20},"end":{"line":50,"column":null}},"20":{"start":{"line":52,"column":2},"end":{"line":55,"column":null}},"21":{"start":{"line":53,"column":20},"end":{"line":53,"column":null}},"22":{"start":{"line":54,"column":4},"end":{"line":54,"column":null}},"23":{"start":{"line":57,"column":2},"end":{"line":57,"column":null}},"24":{"start":{"line":65,"column":34},"end":{"line":65,"column":null}},"25":{"start":{"line":66,"column":18},"end":{"line":66,"column":null}},"26":{"start":{"line":68,"column":2},"end":{"line":71,"column":null}},"27":{"start":{"line":69,"column":4},"end":{"line":69,"column":null}},"28":{"start":{"line":70,"column":4},"end":{"line":70,"column":null}},"29":{"start":{"line":73,"column":23},"end":{"line":73,"column":null}},"30":{"start":{"line":74,"column":26},"end":{"line":74,"column":null}},"31":{"start":{"line":76,"column":4},"end":{"line":78,"column":null}},"32":{"start":{"line":80,"column":2},"end":{"line":82,"column":null}},"33":{"start":{"line":81,"column":4},"end":{"line":81,"column":null}},"34":{"start":{"line":84,"column":2},"end":{"line":86,"column":null}},"35":{"start":{"line":85,"column":4},"end":{"line":85,"column":null}},"36":{"start":{"line":88,"column":2},"end":{"line":90,"column":null}},"37":{"start":{"line":89,"column":4},"end":{"line":89,"column":null}},"38":{"start":{"line":92,"column":2},"end":{"line":95,"column":null}},"39":{"start":{"line":93,"column":21},"end":{"line":93,"column":null}},"40":{"start":{"line":94,"column":4},"end":{"line":94,"column":null}},"41":{"start":{"line":97,"column":2},"end":{"line":97,"column":null}}},"fnMap":{"0":{"name":"(anonymous_0)","decl":{"start":{"line":8,"column":25},"end":{"line":8,"column":26}},"loc":{"start":{"line":8,"column":65},"end":{"line":23,"column":null}},"line":8},"1":{"name":"(anonymous_1)","decl":{"start":{"line":15,"column":6},"end":{"line":15,"column":7}},"loc":{"start":{"line":15,"column":32},"end":{"line":15,"column":null}},"line":15},"2":{"name":"(anonymous_2)","decl":{"start":{"line":25,"column":23},"end":{"line":25,"column":24}},"loc":{"start":{"line":25,"column":64},"end":{"line":58,"column":null}},"line":25},"3":{"name":"mapRegisterError","decl":{"start":{"line":64,"column":16},"end":{"line":64,"column":33}},"loc":{"start":{"line":64,"column":66},"end":{"line":98,"column":null}},"line":64}},"branchMap":{"0":{"loc":{"start":{"line":9,"column":2},"end":{"line":11,"column":null}},"type":"if","locations":[{"start":{"line":9,"column":2},"end":{"line":11,"column":null}},{"start":{},"end":{}}],"line":9},"1":{"loc":{"start":{"line":9,"column":6},"end":{"line":9,"column":60}},"type":"binary-expr","locations":[{"start":{"line":9,"column":6},"end":{"line":9,"column":35}},{"start":{"line":9,"column":35},"end":{"line":9,"column":60}}],"line":9},"2":{"loc":{"start":{"line":13,"column":2},"end":{"line":20,"column":null}},"type":"if","locations":[{"start":{"line":13,"column":2},"end":{"line":20,"column":null}},{"start":{},"end":{}}],"line":13},"3":{"loc":{"start":{"line":15,"column":32},"end":{"line":15,"column":null}},"type":"binary-expr","locations":[{"start":{"line":15,"column":32},"end":{"line":15,"column":60}},{"start":{"line":15,"column":60},"end":{"line":15,"column":null}}],"line":15},"4":{"loc":{"start":{"line":17,"column":4},"end":{"line":19,"column":null}},"type":"if","locations":[{"start":{"line":17,"column":4},"end":{"line":19,"column":null}},{"start":{},"end":{}}],"line":17},"5":{"loc":{"start":{"line":26,"column":2},"end":{"line":28,"column":null}},"type":"if","locations":[{"start":{"line":26,"column":2},"end":{"line":28,"column":null}},{"start":{},"end":{}}],"line":26},"6":{"loc":{"start":{"line":30,"column":2},"end":{"line":32,"column":null}},"type":"if","locations":[{"start":{"line":30,"column":2},"end":{"line":32,"column":null}},{"start":{},"end":{}}],"line":30},"7":{"loc":{"start":{"line":34,"column":2},"end":{"line":36,"column":null}},"type":"if","locations":[{"start":{"line":34,"column":2},"end":{"line":36,"column":null}},{"start":{},"end":{}}],"line":34},"8":{"loc":{"start":{"line":44,"column":23},"end":{"line":46,"column":null}},"type":"cond-expr","locations":[{"start":{"line":45,"column":7},"end":{"line":45,"column":null}},{"start":{"line":46,"column":6},"end":{"line":46,"column":null}}],"line":44},"9":{"loc":{"start":{"line":44,"column":23},"end":{"line":44,"column":null}},"type":"binary-expr","locations":[{"start":{"line":44,"column":23},"end":{"line":44,"column":39}},{"start":{"line":44,"column":39},"end":{"line":44,"column":null}}],"line":44},"10":{"loc":{"start":{"line":50,"column":20},"end":{"line":50,"column":null}},"type":"binary-expr","locations":[{"start":{"line":50,"column":20},"end":{"line":50,"column":36}},{"start":{"line":50,"column":36},"end":{"line":50,"column":50}},{"start":{"line":50,"column":50},"end":{"line":50,"column":null}}],"line":50},"11":{"loc":{"start":{"line":52,"column":2},"end":{"line":55,"column":null}},"type":"if","locations":[{"start":{"line":52,"column":2},"end":{"line":55,"column":null}},{"start":{},"end":{}}],"line":52},"12":{"loc":{"start":{"line":52,"column":6},"end":{"line":52,"column":51}},"type":"binary-expr","locations":[{"start":{"line":52,"column":6},"end":{"line":52,"column":20}},{"start":{"line":52,"column":20},"end":{"line":52,"column":51}}],"line":52},"13":{"loc":{"start":{"line":53,"column":20},"end":{"line":53,"column":null}},"type":"cond-expr","locations":[{"start":{"line":53,"column":54},"end":{"line":53,"column":68}},{"start":{"line":53,"column":68},"end":{"line":53,"column":null}}],"line":53},"14":{"loc":{"start":{"line":54,"column":11},"end":{"line":54,"column":null}},"type":"cond-expr","locations":[{"start":{"line":54,"column":21},"end":{"line":54,"column":42}},{"start":{"line":54,"column":42},"end":{"line":54,"column":null}}],"line":54},"15":{"loc":{"start":{"line":68,"column":2},"end":{"line":71,"column":null}},"type":"if","locations":[{"start":{"line":68,"column":2},"end":{"line":71,"column":null}},{"start":{},"end":{}}],"line":68},"16":{"loc":{"start":{"line":76,"column":4},"end":{"line":78,"column":null}},"type":"binary-expr","locations":[{"start":{"line":76,"column":4},"end":{"line":76,"column":null}},{"start":{"line":77,"column":4},"end":{"line":77,"column":null}},{"start":{"line":78,"column":4},"end":{"line":78,"column":null}}],"line":76},"17":{"loc":{"start":{"line":80,"column":2},"end":{"line":82,"column":null}},"type":"if","locations":[{"start":{"line":80,"column":2},"end":{"line":82,"column":null}},{"start":{},"end":{}}],"line":80},"18":{"loc":{"start":{"line":84,"column":2},"end":{"line":86,"column":null}},"type":"if","locations":[{"start":{"line":84,"column":2},"end":{"line":86,"column":null}},{"start":{},"end":{}}],"line":84},"19":{"loc":{"start":{"line":88,"column":2},"end":{"line":90,"column":null}},"type":"if","locations":[{"start":{"line":88,"column":2},"end":{"line":90,"column":null}},{"start":{},"end":{}}],"line":88},"20":{"loc":{"start":{"line":92,"column":2},"end":{"line":95,"column":null}},"type":"if","locations":[{"start":{"line":92,"column":2},"end":{"line":95,"column":null}},{"start":{},"end":{}}],"line":92},"21":{"loc":{"start":{"line":92,"column":6},"end":{"line":92,"column":59}},"type":"binary-expr","locations":[{"start":{"line":92,"column":6},"end":{"line":92,"column":23}},{"start":{"line":92,"column":23},"end":{"line":92,"column":43}},{"start":{"line":92,"column":43},"end":{"line":92,"column":59}}],"line":92},"22":{"loc":{"start":{"line":94,"column":20},"end":{"line":94,"column":null}},"type":"binary-expr","locations":[{"start":{"line":94,"column":20},"end":{"line":94,"column":32}},{"start":{"line":94,"column":32},"end":{"line":94,"column":null}}],"line":94}},"s":{"0":1,"1":16,"2":2,"3":14,"4":2,"5":2,"6":2,"7":2,"8":12,"9":1,"10":4,"11":0,"12":4,"13":0,"14":4,"15":0,"16":4,"17":4,"18":4,"19":4,"20":4,"21":0,"22":0,"23":4,"24":4,"25":4,"26":4,"27":0,"28":0,"29":4,"30":4,"31":4,"32":4,"33":1,"34":4,"35":1,"36":4,"37":2,"38":4,"39":0,"40":0,"41":4},"f":{"0":16,"1":2,"2":4,"3":4},"b":{"0":[2,14],"1":[16,2],"2":[2,12],"3":[2,2],"4":[2,0],"5":[0,4],"6":[0,4],"7":[0,4],"8":[4,0],"9":[4,4],"10":[4,0,0],"11":[0,4],"12":[4,4],"13":[0,0],"14":[0,0],"15":[0,4],"16":[4,2,2],"17":[1,3],"18":[1,3],"19":[2,2],"20":[0,4],"21":[4,3,2],"22":[0,0]},"meta":{"lastBranch":23,"lastFunction":4,"lastStatement":42,"seen":{"s:8:25:23:Infinity":0,"f:8:25:8:26":0,"b:9:2:11:Infinity:undefined:undefined:undefined:undefined":0,"s:9:2:11:Infinity":1,"b:9:6:9:35:9:35:9:60":1,"s:10:4:10:Infinity":2,"b:13:2:20:Infinity:undefined:undefined:undefined:undefined":2,"s:13:2:20:Infinity":3,"s:14:24:16:Infinity":4,"f:15:6:15:7":1,"s:15:32:15:Infinity":5,"b:15:32:15:60:15:60:15:Infinity":3,"b:17:4:19:Infinity:undefined:undefined:undefined:undefined":4,"s:17:4:19:Infinity":6,"s:18:6:18:Infinity":7,"s:22:2:22:Infinity":8,"s:25:23:58:Infinity":9,"f:25:23:25:24":2,"b:26:2:28:Infinity:undefined:undefined:undefined:undefined":5,"s:26:2:28:Infinity":10,"s:27:4:27:Infinity":11,"b:30:2:32:Infinity:undefined:undefined:undefined:undefined":6,"s:30:2:32:Infinity":12,"s:31:4:31:Infinity":13,"b:34:2:36:Infinity:undefined:undefined:undefined:undefined":7,"s:34:2:36:Infinity":14,"s:35:4:35:Infinity":15,"s:38:14:38:Infinity":16,"s:44:23:46:Infinity":17,"b:45:7:45:Infinity:46:6:46:Infinity":8,"b:44:23:44:39:44:39:44:Infinity":9,"s:48:21:48:Infinity":18,"s:50:20:50:Infinity":19,"b:50:20:50:36:50:36:50:50:50:50:50:Infinity":10,"b:52:2:55:Infinity:undefined:undefined:undefined:undefined":11,"s:52:2:55:Infinity":20,"b:52:6:52:20:52:20:52:51":12,"s:53:20:53:Infinity":21,"b:53:54:53:68:53:68:53:Infinity":13,"s:54:4:54:Infinity":22,"b:54:21:54:42:54:42:54:Infinity":14,"s:57:2:57:Infinity":23,"f:64:16:64:33":3,"s:65:34:65:Infinity":24,"s:66:18:66:Infinity":25,"b:68:2:71:Infinity:undefined:undefined:undefined:undefined":15,"s:68:2:71:Infinity":26,"s:69:4:69:Infinity":27,"s:70:4:70:Infinity":28,"s:73:23:73:Infinity":29,"s:74:26:74:Infinity":30,"s:76:4:78:Infinity":31,"b:76:4:76:Infinity:77:4:77:Infinity:78:4:78:Infinity":16,"b:80:2:82:Infinity:undefined:undefined:undefined:undefined":17,"s:80:2:82:Infinity":32,"s:81:4:81:Infinity":33,"b:84:2:86:Infinity:undefined:undefined:undefined:undefined":18,"s:84:2:86:Infinity":34,"s:85:4:85:Infinity":35,"b:88:2:90:Infinity:undefined:undefined:undefined:undefined":19,"s:88:2:90:Infinity":36,"s:89:4:89:Infinity":37,"b:92:2:95:Infinity:undefined:undefined:undefined:undefined":20,"s:92:2:95:Infinity":38,"b:92:6:92:23:92:23:92:43:92:43:92:59":21,"s:93:21:93:Infinity":39,"s:94:4:94:Infinity":40,"b:94:20:94:32:94:32:94:Infinity":22,"s:97:2:97:Infinity":41}}}
}
